 Retrying in 1 seconds
Could not connect to TraCI server at localhost:8813 [Errno 111] Connection refused
 Retrying in 1 seconds
Could not connect to TraCI server at localhost:8813 [Errno 111] Connection refused
 Retrying in 1 seconds
Could not connect to TraCI server at localhost:8813 [Errno 111] Connection refused
 Retrying in 1 seconds
Could not connect to TraCI server at localhost:8813 [Errno 111] Connection refused
 Retrying in 1 seconds
Could not connect to TraCI server at localhost:8813 [Errno 111] Connection refused
 Retrying in 1 seconds
Could not connect to TraCI server at localhost:8813 [Errno 111] Connection refused
 Retrying in 1 seconds
Could not connect to TraCI server at localhost:8813 [Errno 111] Connection refused
 Retrying in 1 seconds
Could not connect to TraCI server at localhost:8813 [Errno 111] Connection refused
 Retrying in 1 seconds
Could not connect to TraCI server at localhost:8813 [Errno 111] Connection refused
 Retrying in 1 seconds
Could not connect to TraCI server at localhost:8813 [Errno 111] Connection refused
 Retrying in 1 seconds
Could not connect to TraCI server at localhost:8813 [Errno 111] Connection refused
 Retrying in 1 seconds
Could not connect to TraCI server at localhost:8813 [Errno 111] Connection refused
 Retrying in 1 seconds
Could not connect to TraCI server at localhost:8813 [Errno 111] Connection refused
 Retrying in 1 seconds
Could not connect to TraCI server at localhost:8813 [Errno 111] Connection refused
 Retrying in 1 seconds
Fog down for  574 s at 04:37 ( 16665.0 )
Couldn't predict at time  04:38 ( 16725.0 )
Couldn't predict at time  04:39 ( 16785.0 )
Couldn't predict at time  04:40 ( 16845.0 )
Couldn't predict at time  04:41 ( 16905.0 )
Couldn't predict at time  04:42 ( 16965.0 )
Couldn't predict at time  04:43 ( 17025.0 )
Couldn't predict at time  04:44 ( 17085.0 )
Couldn't predict at time  04:45 ( 17145.0 )
Couldn't predict at time  04:46 ( 17205.0 )
Couldn't predict at time  04:47 ( 17265.0 )
Couldn't predict at time  04:48 ( 17325.0 )
Couldn't predict at time  04:49 ( 17385.0 )
Couldn't predict at time  04:50 ( 17445.0 )
Couldn't predict at time  04:51 ( 17505.0 )
Couldn't predict at time  04:52 ( 17565.0 )
Couldn't predict at time  04:53 ( 17625.0 )
Couldn't predict at time  04:54 ( 17685.0 )
Couldn't predict at time  04:55 ( 17745.0 )
Couldn't predict at time  04:56 ( 17805.0 )
Couldn't predict at time  04:57 ( 17865.0 )
Couldn't predict at time  04:58 ( 17925.0 )
Couldn't predict at time  04:59 ( 17985.0 )
Couldn't predict at time  05:00 ( 18045.0 )
Couldn't predict at time  05:01 ( 18105.0 )
Couldn't predict at time  05:02 ( 18165.0 )
Couldn't predict at time  05:03 ( 18225.0 )
Couldn't predict at time  05:04 ( 18285.0 )
Couldn't predict at time  05:05 ( 18345.0 )
Couldn't predict at time  05:06 ( 18405.0 )
Couldn't predict at time  05:07 ( 18465.0 )
Couldn't predict at time  05:08 ( 18525.0 )
Couldn't predict at time  05:09 ( 18585.0 )
Couldn't predict at time  05:10 ( 18645.0 )
Couldn't predict at time  05:11 ( 18705.0 )
Couldn't predict at time  05:12 ( 18765.0 )
Couldn't predict at time  05:13 ( 18825.0 )
Couldn't predict at time  05:14 ( 18885.0 )
Couldn't predict at time  05:15 ( 18945.0 )
Couldn't predict at time  05:16 ( 19005.0 )
Couldn't predict at time  05:17 ( 19065.0 )
Couldn't predict at time  05:18 ( 19125.0 )
Couldn't predict at time  05:19 ( 19185.0 )
Couldn't predict at time  05:20 ( 19245.0 )
Couldn't predict at time  05:21 ( 19305.0 )
Couldn't predict at time  05:22 ( 19365.0 )
Couldn't predict at time  05:23 ( 19425.0 )
Couldn't predict at time  05:24 ( 19485.0 )
Couldn't predict at time  05:25 ( 19545.0 )
Couldn't predict at time  05:26 ( 19605.0 )
Couldn't predict at time  05:27 ( 19665.0 )
Couldn't predict at time  05:28 ( 19725.0 )
Couldn't predict at time  05:29 ( 19785.0 )
Couldn't predict at time  05:30 ( 19845.0 )
Couldn't predict at time  05:31 ( 19905.0 )
Couldn't predict at time  05:32 ( 19965.0 )
Couldn't predict at time  05:33 ( 20025.0 )
Couldn't predict at time  05:34 ( 20085.0 )
Couldn't predict at time  05:35 ( 20145.0 )
Couldn't predict at time  05:36 ( 20205.0 )
Couldn't predict at time  05:37 ( 20265.0 )
Couldn't predict at time  05:38 ( 20325.0 )
Couldn't predict at time  05:39 ( 20385.0 )
Couldn't predict at time  05:40 ( 20445.0 )
Couldn't predict at time  05:41 ( 20505.0 )
Couldn't predict at time  05:42 ( 20565.0 )
Couldn't predict at time  05:43 ( 20625.0 )
Couldn't predict at time  05:44 ( 20685.0 )
Couldn't predict at time  05:45 ( 20745.0 )
Couldn't predict at time  05:46 ( 20805.0 )
Couldn't predict at time  05:47 ( 20865.0 )
Couldn't predict at time  05:48 ( 20925.0 )
Couldn't predict at time  05:49 ( 20985.0 )
Couldn't predict at time  05:50 ( 21045.0 )
Couldn't predict at time  05:51 ( 21105.0 )
Couldn't predict at time  05:52 ( 21165.0 )
Couldn't predict at time  05:53 ( 21225.0 )
Couldn't predict at time  05:54 ( 21285.0 )
Couldn't predict at time  05:55 ( 21345.0 )
Couldn't predict at time  05:56 ( 21405.0 )
Couldn't predict at time  05:57 ( 21465.0 )
Couldn't predict at time  05:58 ( 21525.0 )
Couldn't predict at time  05:59 ( 21585.0 )
Couldn't predict at time  06:00 ( 21645.0 )
Couldn't predict at time  06:01 ( 21705.0 )
Couldn't predict at time  06:02 ( 21765.0 )
Couldn't predict at time  06:03 ( 21825.0 )
Couldn't predict at time  06:04 ( 21885.0 )
Couldn't predict at time  06:05 ( 21945.0 )
Couldn't predict at time  06:06 ( 22005.0 )
Couldn't predict at time  06:07 ( 22065.0 )
Couldn't predict at time  06:08 ( 22125.0 )
Couldn't predict at time  06:09 ( 22185.0 )
Couldn't predict at time  06:10 ( 22245.0 )
Couldn't predict at time  06:11 ( 22305.0 )
Couldn't predict at time  06:12 ( 22365.0 )
Couldn't predict at time  06:13 ( 22425.0 )
Couldn't predict at time  06:14 ( 22485.0 )
Couldn't predict at time  06:15 ( 22545.0 )
Couldn't predict at time  06:16 ( 22605.0 )
Couldn't predict at time  06:17 ( 22665.0 )
Couldn't predict at time  06:18 ( 22725.0 )
Couldn't predict at time  06:19 ( 22785.0 )
Couldn't predict at time  06:20 ( 22845.0 )
Couldn't predict at time  06:21 ( 22905.0 )
Couldn't predict at time  06:22 ( 22965.0 )
Couldn't predict at time  06:23 ( 23025.0 )
Couldn't predict at time  06:24 ( 23085.0 )
Couldn't predict at time  06:25 ( 23145.0 )
Couldn't predict at time  06:26 ( 23205.0 )
Couldn't predict at time  06:27 ( 23265.0 )
Couldn't predict at time  06:28 ( 23325.0 )
Couldn't predict at time  06:29 ( 23385.0 )
Couldn't predict at time  06:30 ( 23445.0 )
Couldn't predict at time  06:31 ( 23505.0 )
Couldn't predict at time  06:32 ( 23565.0 )
Couldn't predict at time  06:33 ( 23625.0 )
Couldn't predict at time  06:34 ( 23685.0 )
Couldn't predict at time  06:35 ( 23745.0 )
Couldn't predict at time  06:36 ( 23805.0 )
Couldn't predict at time  06:37 ( 23865.0 )
Couldn't predict at time  06:38 ( 23925.0 )
Couldn't predict at time  06:39 ( 23985.0 )
Couldn't predict at time  06:40 ( 24045.0 )
Couldn't predict at time  06:41 ( 24105.0 )
Couldn't predict at time  06:42 ( 24165.0 )
Couldn't predict at time  06:43 ( 24225.0 )
Couldn't predict at time  06:44 ( 24285.0 )
Couldn't predict at time  06:45 ( 24345.0 )
Couldn't predict at time  06:46 ( 24405.0 )
Couldn't predict at time  06:47 ( 24465.0 )
Couldn't predict at time  06:48 ( 24525.0 )
Couldn't predict at time  06:49 ( 24585.0 )
Couldn't predict at time  06:50 ( 24645.0 )
Couldn't predict at time  06:51 ( 24705.0 )
Couldn't predict at time  06:52 ( 24765.0 )
Couldn't predict at time  06:53 ( 24825.0 )
Couldn't predict at time  06:54 ( 24885.0 )
Couldn't predict at time  06:55 ( 24945.0 )
Couldn't predict at time  06:56 ( 25005.0 )
Couldn't predict at time  06:57 ( 25065.0 )
Couldn't predict at time  06:58 ( 25125.0 )
Couldn't predict at time  06:59 ( 25185.0 )
Couldn't predict at time  07:00 ( 25245.0 )
Couldn't predict at time  07:01 ( 25305.0 )
Couldn't predict at time  07:02 ( 25365.0 )
Couldn't predict at time  07:03 ( 25425.0 )
Couldn't predict at time  07:04 ( 25485.0 )
Couldn't predict at time  07:05 ( 25545.0 )
Couldn't predict at time  07:06 ( 25605.0 )
Couldn't predict at time  07:07 ( 25665.0 )
Couldn't predict at time  07:08 ( 25725.0 )
Couldn't predict at time  07:09 ( 25785.0 )
Couldn't predict at time  07:10 ( 25845.0 )
Couldn't predict at time  07:11 ( 25905.0 )
Couldn't predict at time  07:12 ( 25965.0 )
Couldn't predict at time  07:13 ( 26025.0 )
Couldn't predict at time  07:14 ( 26085.0 )
Couldn't predict at time  07:15 ( 26145.0 )
Couldn't predict at time  07:16 ( 26205.0 )
Couldn't predict at time  07:17 ( 26265.0 )
Couldn't predict at time  07:18 ( 26325.0 )
Couldn't predict at time  07:19 ( 26385.0 )
Couldn't predict at time  07:20 ( 26445.0 )
Couldn't predict at time  07:21 ( 26505.0 )
Couldn't predict at time  07:22 ( 26565.0 )
Couldn't predict at time  07:23 ( 26625.0 )
Couldn't predict at time  07:24 ( 26685.0 )
Couldn't predict at time  07:25 ( 26745.0 )
Couldn't predict at time  07:26 ( 26805.0 )
Couldn't predict at time  07:27 ( 26865.0 )
Couldn't predict at time  07:28 ( 26925.0 )
Couldn't predict at time  07:29 ( 26985.0 )
Couldn't predict at time  07:30 ( 27045.0 )
Couldn't predict at time  07:31 ( 27105.0 )
Couldn't predict at time  07:32 ( 27165.0 )
Couldn't predict at time  07:33 ( 27225.0 )
Couldn't predict at time  07:34 ( 27285.0 )
Couldn't predict at time  07:35 ( 27345.0 )
Couldn't predict at time  07:36 ( 27405.0 )
Couldn't predict at time  07:37 ( 27465.0 )
Couldn't predict at time  07:38 ( 27525.0 )
Couldn't predict at time  07:39 ( 27585.0 )
Couldn't predict at time  07:40 ( 27645.0 )
Couldn't predict at time  07:41 ( 27705.0 )
Couldn't predict at time  07:42 ( 27765.0 )
Couldn't predict at time  07:43 ( 27825.0 )
Couldn't predict at time  07:44 ( 27885.0 )
Couldn't predict at time  07:45 ( 27945.0 )
Couldn't predict at time  07:46 ( 28005.0 )
Couldn't predict at time  07:47 ( 28065.0 )
Couldn't predict at time  07:48 ( 28125.0 )
Couldn't predict at time  07:49 ( 28185.0 )
Couldn't predict at time  07:50 ( 28245.0 )
Couldn't predict at time  07:51 ( 28305.0 )
Couldn't predict at time  07:52 ( 28365.0 )
Couldn't predict at time  07:53 ( 28425.0 )
Couldn't predict at time  07:54 ( 28485.0 )
Couldn't predict at time  07:55 ( 28545.0 )
Couldn't predict at time  07:56 ( 28605.0 )
Couldn't predict at time  07:57 ( 28665.0 )
Couldn't predict at time  07:58 ( 28725.0 )
Couldn't predict at time  07:59 ( 28785.0 )
Couldn't predict at time  08:00 ( 28845.0 )
Couldn't predict at time  08:01 ( 28905.0 )
Couldn't predict at time  08:02 ( 28965.0 )
Couldn't predict at time  08:03 ( 29025.0 )
Couldn't predict at time  08:04 ( 29085.0 )
Couldn't predict at time  08:05 ( 29145.0 )
Couldn't predict at time  08:06 ( 29205.0 )
Couldn't predict at time  08:07 ( 29265.0 )
Couldn't predict at time  08:08 ( 29325.0 )
Couldn't predict at time  08:09 ( 29385.0 )
Couldn't predict at time  08:10 ( 29445.0 )
Couldn't predict at time  08:11 ( 29505.0 )
Couldn't predict at time  08:12 ( 29565.0 )
Couldn't predict at time  08:13 ( 29625.0 )
Couldn't predict at time  08:14 ( 29685.0 )
Couldn't predict at time  08:15 ( 29745.0 )
Couldn't predict at time  08:16 ( 29805.0 )
Couldn't predict at time  08:17 ( 29865.0 )
Couldn't predict at time  08:18 ( 29925.0 )
Couldn't predict at time  08:19 ( 29985.0 )
Couldn't predict at time  08:20 ( 30045.0 )
Couldn't predict at time  08:21 ( 30105.0 )
Couldn't predict at time  08:22 ( 30165.0 )
Couldn't predict at time  08:23 ( 30225.0 )
Couldn't predict at time  08:24 ( 30285.0 )
Couldn't predict at time  08:25 ( 30345.0 )
Couldn't predict at time  08:26 ( 30405.0 )
Couldn't predict at time  08:27 ( 30465.0 )
Couldn't predict at time  08:28 ( 30525.0 )
Couldn't predict at time  08:29 ( 30585.0 )
Couldn't predict at time  08:30 ( 30645.0 )
Couldn't predict at time  08:31 ( 30705.0 )
Couldn't predict at time  08:32 ( 30765.0 )
Couldn't predict at time  08:33 ( 30825.0 )
Couldn't predict at time  08:34 ( 30885.0 )
Couldn't predict at time  08:35 ( 30945.0 )
Couldn't predict at time  08:36 ( 31005.0 )
Couldn't predict at time  08:37 ( 31065.0 )
Couldn't predict at time  08:38 ( 31125.0 )
Couldn't predict at time  08:39 ( 31185.0 )
Couldn't predict at time  08:40 ( 31245.0 )
Couldn't predict at time  08:41 ( 31305.0 )
Couldn't predict at time  08:42 ( 31365.0 )
Couldn't predict at time  08:43 ( 31425.0 )
Couldn't predict at time  08:44 ( 31485.0 )
Couldn't predict at time  08:45 ( 31545.0 )
Couldn't predict at time  08:46 ( 31605.0 )
Couldn't predict at time  08:47 ( 31665.0 )
Couldn't predict at time  08:48 ( 31725.0 )
Couldn't predict at time  08:49 ( 31785.0 )
Couldn't predict at time  08:50 ( 31845.0 )
Couldn't predict at time  08:51 ( 31905.0 )
Couldn't predict at time  08:52 ( 31965.0 )
Couldn't predict at time  08:53 ( 32025.0 )
Couldn't predict at time  08:54 ( 32085.0 )
Couldn't predict at time  08:55 ( 32145.0 )
Couldn't predict at time  08:56 ( 32205.0 )
Couldn't predict at time  08:57 ( 32265.0 )
Couldn't predict at time  08:58 ( 32325.0 )
Couldn't predict at time  08:59 ( 32385.0 )
Couldn't predict at time  09:00 ( 32445.0 )
Vehicles: [3.0, 11.0]
Corresponsing times: [25.71428571428571, 30]
Fog down for  274 s at 09:05 ( 32745.0 )
Vehicles: [45.0, 57.0]
Corresponsing times: [30, 30]
Vehicles: [227, 400]
Corresponsing times: [30, 30]
Vehicles: [226, 320]
Corresponsing times: [30, 30]
Vehicles: [218, 331]
Corresponsing times: [30, 30]
Vehicles: [171, 410]
Corresponsing times: [30, 30]
Fog down for  555 s at 09:30 ( 34257.0 )
Vehicles: [26.0, 56.0]
Corresponsing times: [30, 30]
Fog down for  255 s at 09:35 ( 34557.0 )
Vehicles: [40.0, 85.0]
Corresponsing times: [30, 30]
Vehicles: [192, 468]
Corresponsing times: [30, 30]
Vehicles: [229, 366]
Corresponsing times: [30, 30]
Vehicles: [190, 347]
Corresponsing times: [30, 30]
Vehicles: [159, 435]
Corresponsing times: [30, 30]
Vehicles: [207, 334]
Corresponsing times: [30, 30]
Vehicles: [210, 306]
Corresponsing times: [30, 30]
Vehicles: [197, 404]
Corresponsing times: [30, 30]
Vehicles: [193, 319]
Corresponsing times: [30, 30]
Vehicles: [181, 293]
Corresponsing times: [30, 30]
Vehicles: [154, 431]
Corresponsing times: [30, 30]
Vehicles: [238, 356]
Corresponsing times: [30, 30]
Vehicles: [179, 318]
Corresponsing times: [30, 30]
Vehicles: [195, 456]
Corresponsing times: [30, 30]
Vehicles: [167, 288]
Corresponsing times: [30, 30]
Vehicles: [119, 256]
Corresponsing times: [30, 30]
Vehicles: [143, 381]
Corresponsing times: [30, 30]
Vehicles: [201, 299]
Corresponsing times: [30, 30]
Vehicles: [234, 325]
Corresponsing times: [30, 30]
Vehicles: [197, 460]
Corresponsing times: [30, 30]
Vehicles: [257, 317]
Corresponsing times: [30, 30]
Vehicles: [203, 304]
Corresponsing times: [30, 30]
Vehicles: [192, 423]
Corresponsing times: [30, 30]
Vehicles: [216, 362]
Corresponsing times: [30, 30]
Vehicles: [187, 315]
Corresponsing times: [30, 30]
Vehicles: [179, 434]
Corresponsing times: [30, 30]
Vehicles: [206, 341]
Corresponsing times: [30, 30]
Fog down for  550 s at 11:52 ( 42735.0 )
Vehicles: [40.0, 63.0]
Corresponsing times: [30, 30]
Fog down for  250 s at 11:57 ( 43035.0 )
Vehicles: [28.0, 55.0]
Corresponsing times: [30, 30]
Vehicles: [143, 281]
Corresponsing times: [30, 30]
Vehicles: [3, 33]
Corresponsing times: [10, 30]
Fog down for  643 s at 12:12 ( 43941.0 )
Couldn't predict at time  12:13 ( 44001.0 )
Couldn't predict at time  12:14 ( 44061.0 )
Couldn't predict at time  12:15 ( 44121.0 )
Couldn't predict at time  12:16 ( 44181.0 )
Couldn't predict at time  12:17 ( 44241.0 )
Couldn't predict at time  12:18 ( 44301.0 )
Couldn't predict at time  12:19 ( 44361.0 )
Couldn't predict at time  12:20 ( 44421.0 )
Couldn't predict at time  12:21 ( 44481.0 )
Couldn't predict at time  12:22 ( 44541.0 )
Couldn't predict at time  12:23 ( 44601.0 )
Couldn't predict at time  12:24 ( 44661.0 )
Couldn't predict at time  12:25 ( 44721.0 )
Couldn't predict at time  12:26 ( 44781.0 )
Couldn't predict at time  12:27 ( 44841.0 )
Couldn't predict at time  12:28 ( 44901.0 )
Couldn't predict at time  12:29 ( 44961.0 )
Couldn't predict at time  12:30 ( 45021.0 )
Simulation over
