Added 1728 vehicles from SUMO-Dataset/traffic/J/j1/j1_15_one.csv
Added 9575 vehicles from SUMO-Dataset/traffic/J/j1/j1_15.csv
Added 10535 vehicles from SUMO-Dataset/traffic/J/j2/j2_15_one.csv
Added 15230 vehicles from SUMO-Dataset/traffic/J/j2/j2_15.csv
Added 16415 vehicles from SUMO-Dataset/traffic/J/j3/j3_15_one.csv
Added 21938 vehicles from SUMO-Dataset/traffic/J/j3/j3_15.csv
Added 22474 vehicles from SUMO-Dataset/traffic/A/a2/a2_15_one.csv
Added 24816 vehicles from SUMO-Dataset/traffic/A/a2/a2_15.csv
Added 30034 vehicles from SUMO-Dataset/traffic/A/a3/a3_15_one.csv
Added 50921 vehicles from SUMO-Dataset/traffic/A/a3/a3_15.csv
Added 51821 vehicles from SUMO-Dataset/traffic/R/r1/r1_15_one.csv
Added 56103 vehicles from SUMO-Dataset/traffic/R/r1/r1_15.csv
Added 57789 vehicles from SUMO-Dataset/traffic/R/r2/r2_15_one.csv
Added 65682 vehicles from SUMO-Dataset/traffic/R/r2/r2_15.csv
Added 70676 vehicles from SUMO-Dataset/traffic/R/r3/r3_15.csv
Routes created

read 70676 elements.
wrote 70676 elements.
Routes sorte

 Retrying in 1 seconds
***Starting server on port 8813 ***
  waiting for 4 clients...
  client connected
  client connected
  client connected
  client connected
Loading net-file from 'data/../new/cross.net.xml' ... done (37ms).
Loading additional-files from 'data/cross.det.xml' ... done (2ms).
Loading done.
Simulation version 1.15.0 started with time: 0.00.
Simulation ended at time: 45330.00
Reason: TraCI requested termination.
Performance: 
 Duration: 123.00s
 TraCI-Duration: 15.10s
 Real time factor: 368.531
 UPS: 126947.407359
Vehicles: 
 Inserted: 70676
 Running: 0
 Waiting: 0
Statistics (avg of 70676):
 RouteLength: 1017.97
 Speed: 6.94
 Duration: 220.93
 WaitingTime: 80.58
 TimeLoss: 147.97
 DepartDelay: 95.31

