Added 1661 vehicles from SUMO-Dataset/traffic/J/j1/j1_17_one.csv
Added 9230 vehicles from SUMO-Dataset/traffic/J/j1/j1_17.csv
Added 10160 vehicles from SUMO-Dataset/traffic/J/j2/j2_17_one.csv
Added 14670 vehicles from SUMO-Dataset/traffic/J/j2/j2_17.csv
Added 20923 vehicles from SUMO-Dataset/traffic/J/j3/j3_17.csv
Added 21407 vehicles from SUMO-Dataset/traffic/A/a2/a2_17_one.csv
Added 23602 vehicles from SUMO-Dataset/traffic/A/a2/a2_17.csv
Added 27057 vehicles from SUMO-Dataset/traffic/A/a3/a3_17_one.csv
Added 46991 vehicles from SUMO-Dataset/traffic/A/a3/a3_17.csv
Added 47766 vehicles from SUMO-Dataset/traffic/R/r1/r1_17_one.csv
Added 51590 vehicles from SUMO-Dataset/traffic/R/r1/r1_17.csv
Added 53144 vehicles from SUMO-Dataset/traffic/R/r2/r2_17_one.csv
Added 60968 vehicles from SUMO-Dataset/traffic/R/r2/r2_17.csv
Added 66355 vehicles from SUMO-Dataset/traffic/R/r3/r3_17.csv
Routes created

read 66355 elements.
wrote 66355 elements.
Routes sorte

 Retrying in 1 seconds
***Starting server on port 8813 ***
  waiting for 4 clients...
  client connected
  client connected
  client connected
  client connected
Loading net-file from 'data/../new/cross.net.xml' ... done (21ms).
Loading additional-files from 'data/cross.det.xml' ... done (2ms).
Loading done.
Simulation version 1.15.0 started with time: 0.00.
Simulation ended at time: 43440.00
Reason: TraCI requested termination.
Performance: 
 Duration: 92.85s
 TraCI-Duration: 15.79s
 Real time factor: 467.846
 UPS: 134052.029596
Vehicles: 
 Inserted: 66355
 Running: 0
 Waiting: 0
Statistics (avg of 66355):
 RouteLength: 1017.89
 Speed: 7.09
 Duration: 187.58
 WaitingTime: 61.13
 TimeLoss: 114.63
 DepartDelay: 6.04

