 Retrying in 1 seconds
Could not connect to TraCI server at localhost:8813 [Errno 111] Connection refused
 Retrying in 1 seconds
Could not connect to TraCI server at localhost:8813 [Errno 111] Connection refused
 Retrying in 1 seconds
Could not connect to TraCI server at localhost:8813 [Errno 111] Connection refused
 Retrying in 1 seconds
Could not connect to TraCI server at localhost:8813 [Errno 111] Connection refused
 Retrying in 1 seconds
Could not connect to TraCI server at localhost:8813 [Errno 111] Connection refused
 Retrying in 1 seconds
Could not connect to TraCI server at localhost:8813 [Errno 111] Connection refused
 Retrying in 1 seconds
Could not connect to TraCI server at localhost:8813 [Errno 111] Connection refused
 Retrying in 1 seconds
Could not connect to TraCI server at localhost:8813 [Errno 111] Connection refused
 Retrying in 1 seconds
Could not connect to TraCI server at localhost:8813 [Errno 111] Connection refused
 Retrying in 1 seconds
Could not connect to TraCI server at localhost:8813 [Errno 111] Connection refused
 Retrying in 1 seconds
Could not connect to TraCI server at localhost:8813 [Errno 111] Connection refused
 Retrying in 1 seconds
Could not connect to TraCI server at localhost:8813 [Errno 111] Connection refused
 Retrying in 1 seconds
Could not connect to TraCI server at localhost:8813 [Errno 111] Connection refused
 Retrying in 1 seconds
Could not connect to TraCI server at localhost:8813 [Errno 111] Connection refused
 Retrying in 1 seconds
Could not connect to TraCI server at localhost:8813 [Errno 111] Connection refused
 Retrying in 1 seconds
Could not connect to TraCI server at localhost:8813 [Errno 111] Connection refused
 Retrying in 1 seconds
Could not connect to TraCI server at localhost:8813 [Errno 111] Connection refused
 Retrying in 1 seconds
Could not connect to TraCI server at localhost:8813 [Errno 111] Connection refused
 Retrying in 1 seconds
Could not connect to TraCI server at localhost:8813 [Errno 111] Connection refused
 Retrying in 1 seconds
Fog down for  581 s at 00:05 ( 303.0 )
Couldn't predict at time  00:06 ( 363.0 )
Couldn't predict at time  00:07 ( 423.0 )
Couldn't predict at time  00:08 ( 483.0 )
Couldn't predict at time  00:09 ( 543.0 )
Couldn't predict at time  00:10 ( 603.0 )
Couldn't predict at time  00:11 ( 663.0 )
Couldn't predict at time  00:12 ( 723.0 )
Couldn't predict at time  00:13 ( 783.0 )
Couldn't predict at time  00:14 ( 843.0 )
Couldn't predict at time  00:15 ( 903.0 )
Couldn't predict at time  00:16 ( 963.0 )
Couldn't predict at time  00:17 ( 1023.0 )
Couldn't predict at time  00:18 ( 1083.0 )
Couldn't predict at time  00:19 ( 1143.0 )
Couldn't predict at time  00:20 ( 1203.0 )
Couldn't predict at time  00:21 ( 1263.0 )
Couldn't predict at time  00:22 ( 1323.0 )
Couldn't predict at time  00:23 ( 1383.0 )
Couldn't predict at time  00:24 ( 1443.0 )
Couldn't predict at time  00:25 ( 1503.0 )
Couldn't predict at time  00:26 ( 1563.0 )
Couldn't predict at time  00:27 ( 1623.0 )
Couldn't predict at time  00:28 ( 1683.0 )
Couldn't predict at time  00:29 ( 1743.0 )
Couldn't predict at time  00:30 ( 1803.0 )
Couldn't predict at time  00:31 ( 1863.0 )
Couldn't predict at time  00:32 ( 1923.0 )
Couldn't predict at time  00:33 ( 1983.0 )
Couldn't predict at time  00:34 ( 2043.0 )
Couldn't predict at time  00:35 ( 2103.0 )
Couldn't predict at time  00:36 ( 2163.0 )
Couldn't predict at time  00:37 ( 2223.0 )
Couldn't predict at time  00:38 ( 2283.0 )
Couldn't predict at time  00:39 ( 2343.0 )
Couldn't predict at time  00:40 ( 2403.0 )
Couldn't predict at time  00:41 ( 2463.0 )
Couldn't predict at time  00:42 ( 2523.0 )
Couldn't predict at time  00:43 ( 2583.0 )
Couldn't predict at time  00:44 ( 2643.0 )
Couldn't predict at time  00:45 ( 2703.0 )
Couldn't predict at time  00:46 ( 2763.0 )
Couldn't predict at time  00:47 ( 2823.0 )
Couldn't predict at time  00:48 ( 2883.0 )
Couldn't predict at time  00:49 ( 2943.0 )
Couldn't predict at time  00:50 ( 3003.0 )
Couldn't predict at time  00:51 ( 3063.0 )
Couldn't predict at time  00:52 ( 3123.0 )
Couldn't predict at time  00:53 ( 3183.0 )
Couldn't predict at time  00:54 ( 3243.0 )
Couldn't predict at time  00:55 ( 3303.0 )
Couldn't predict at time  00:56 ( 3363.0 )
Couldn't predict at time  00:57 ( 3423.0 )
Couldn't predict at time  00:58 ( 3483.0 )
Couldn't predict at time  00:59 ( 3543.0 )
Couldn't predict at time  01:00 ( 3603.0 )
Couldn't predict at time  01:01 ( 3663.0 )
Couldn't predict at time  01:02 ( 3723.0 )
Couldn't predict at time  01:03 ( 3783.0 )
Couldn't predict at time  01:04 ( 3843.0 )
Couldn't predict at time  01:05 ( 3903.0 )
Couldn't predict at time  01:06 ( 3963.0 )
Couldn't predict at time  01:07 ( 4023.0 )
Couldn't predict at time  01:08 ( 4083.0 )
Couldn't predict at time  01:09 ( 4143.0 )
Couldn't predict at time  01:10 ( 4203.0 )
Couldn't predict at time  01:11 ( 4263.0 )
Couldn't predict at time  01:12 ( 4323.0 )
Couldn't predict at time  01:13 ( 4383.0 )
Couldn't predict at time  01:14 ( 4443.0 )
Couldn't predict at time  01:15 ( 4503.0 )
Couldn't predict at time  01:16 ( 4563.0 )
Couldn't predict at time  01:17 ( 4623.0 )
Couldn't predict at time  01:18 ( 4683.0 )
Couldn't predict at time  01:19 ( 4743.0 )
Couldn't predict at time  01:20 ( 4803.0 )
Couldn't predict at time  01:21 ( 4863.0 )
Couldn't predict at time  01:22 ( 4923.0 )
Couldn't predict at time  01:23 ( 4983.0 )
Couldn't predict at time  01:24 ( 5043.0 )
Couldn't predict at time  01:25 ( 5103.0 )
Couldn't predict at time  01:26 ( 5163.0 )
Couldn't predict at time  01:27 ( 5223.0 )
Couldn't predict at time  01:28 ( 5283.0 )
Couldn't predict at time  01:29 ( 5343.0 )
Couldn't predict at time  01:30 ( 5403.0 )
Couldn't predict at time  01:31 ( 5463.0 )
Couldn't predict at time  01:32 ( 5523.0 )
Couldn't predict at time  01:33 ( 5583.0 )
Couldn't predict at time  01:34 ( 5643.0 )
Couldn't predict at time  01:35 ( 5703.0 )
Couldn't predict at time  01:36 ( 5763.0 )
Couldn't predict at time  01:37 ( 5823.0 )
Couldn't predict at time  01:38 ( 5883.0 )
Couldn't predict at time  01:39 ( 5943.0 )
Couldn't predict at time  01:40 ( 6003.0 )
Couldn't predict at time  01:41 ( 6063.0 )
Couldn't predict at time  01:42 ( 6123.0 )
Couldn't predict at time  01:43 ( 6183.0 )
Couldn't predict at time  01:44 ( 6243.0 )
Couldn't predict at time  01:45 ( 6303.0 )
Couldn't predict at time  01:46 ( 6363.0 )
Couldn't predict at time  01:47 ( 6423.0 )
Couldn't predict at time  01:48 ( 6483.0 )
Couldn't predict at time  01:49 ( 6543.0 )
Couldn't predict at time  01:50 ( 6603.0 )
Couldn't predict at time  01:51 ( 6663.0 )
Couldn't predict at time  01:52 ( 6723.0 )
Couldn't predict at time  01:53 ( 6783.0 )
Couldn't predict at time  01:54 ( 6843.0 )
Couldn't predict at time  01:55 ( 6903.0 )
Couldn't predict at time  01:56 ( 6963.0 )
Couldn't predict at time  01:57 ( 7023.0 )
Couldn't predict at time  01:58 ( 7083.0 )
Couldn't predict at time  01:59 ( 7143.0 )
Couldn't predict at time  02:00 ( 7203.0 )
Couldn't predict at time  02:01 ( 7263.0 )
Couldn't predict at time  02:02 ( 7323.0 )
Couldn't predict at time  02:03 ( 7383.0 )
Couldn't predict at time  02:04 ( 7443.0 )
Couldn't predict at time  02:05 ( 7503.0 )
Couldn't predict at time  02:06 ( 7563.0 )
Couldn't predict at time  02:07 ( 7623.0 )
Couldn't predict at time  02:08 ( 7683.0 )
Couldn't predict at time  02:09 ( 7743.0 )
Couldn't predict at time  02:10 ( 7803.0 )
Couldn't predict at time  02:11 ( 7863.0 )
Couldn't predict at time  02:12 ( 7923.0 )
Couldn't predict at time  02:13 ( 7983.0 )
Couldn't predict at time  02:14 ( 8043.0 )
Couldn't predict at time  02:15 ( 8103.0 )
Couldn't predict at time  02:16 ( 8163.0 )
Couldn't predict at time  02:17 ( 8223.0 )
Couldn't predict at time  02:18 ( 8283.0 )
Couldn't predict at time  02:19 ( 8343.0 )
Couldn't predict at time  02:20 ( 8403.0 )
Couldn't predict at time  02:21 ( 8463.0 )
Couldn't predict at time  02:22 ( 8523.0 )
Couldn't predict at time  02:23 ( 8583.0 )
Couldn't predict at time  02:24 ( 8643.0 )
Couldn't predict at time  02:25 ( 8703.0 )
Couldn't predict at time  02:26 ( 8763.0 )
Couldn't predict at time  02:27 ( 8823.0 )
Couldn't predict at time  02:28 ( 8883.0 )
Couldn't predict at time  02:29 ( 8943.0 )
Couldn't predict at time  02:30 ( 9003.0 )
Couldn't predict at time  02:31 ( 9063.0 )
Couldn't predict at time  02:32 ( 9123.0 )
Couldn't predict at time  02:33 ( 9183.0 )
Couldn't predict at time  02:34 ( 9243.0 )
Couldn't predict at time  02:35 ( 9303.0 )
Couldn't predict at time  02:36 ( 9363.0 )
Couldn't predict at time  02:37 ( 9423.0 )
Couldn't predict at time  02:38 ( 9483.0 )
Couldn't predict at time  02:39 ( 9543.0 )
Couldn't predict at time  02:40 ( 9603.0 )
Couldn't predict at time  02:41 ( 9663.0 )
Couldn't predict at time  02:42 ( 9723.0 )
Couldn't predict at time  02:43 ( 9783.0 )
Couldn't predict at time  02:44 ( 9843.0 )
Couldn't predict at time  02:45 ( 9903.0 )
Couldn't predict at time  02:46 ( 9963.0 )
Couldn't predict at time  02:47 ( 10023.0 )
Couldn't predict at time  02:48 ( 10083.0 )
Couldn't predict at time  02:49 ( 10143.0 )
Couldn't predict at time  02:50 ( 10203.0 )
Couldn't predict at time  02:51 ( 10263.0 )
Couldn't predict at time  02:52 ( 10323.0 )
Couldn't predict at time  02:53 ( 10383.0 )
Couldn't predict at time  02:54 ( 10443.0 )
Couldn't predict at time  02:55 ( 10503.0 )
Couldn't predict at time  02:56 ( 10563.0 )
Couldn't predict at time  02:57 ( 10623.0 )
Couldn't predict at time  02:58 ( 10683.0 )
Couldn't predict at time  02:59 ( 10743.0 )
Couldn't predict at time  03:00 ( 10803.0 )
Couldn't predict at time  03:01 ( 10863.0 )
Couldn't predict at time  03:02 ( 10923.0 )
Couldn't predict at time  03:03 ( 10983.0 )
Couldn't predict at time  03:04 ( 11043.0 )
Couldn't predict at time  03:05 ( 11103.0 )
Couldn't predict at time  03:06 ( 11163.0 )
Couldn't predict at time  03:07 ( 11223.0 )
Couldn't predict at time  03:08 ( 11283.0 )
Couldn't predict at time  03:09 ( 11343.0 )
Couldn't predict at time  03:10 ( 11403.0 )
Couldn't predict at time  03:11 ( 11463.0 )
Couldn't predict at time  03:12 ( 11523.0 )
Couldn't predict at time  03:13 ( 11583.0 )
Couldn't predict at time  03:14 ( 11643.0 )
Couldn't predict at time  03:15 ( 11703.0 )
Couldn't predict at time  03:16 ( 11763.0 )
Couldn't predict at time  03:17 ( 11823.0 )
Couldn't predict at time  03:18 ( 11883.0 )
Couldn't predict at time  03:19 ( 11943.0 )
Couldn't predict at time  03:20 ( 12003.0 )
Couldn't predict at time  03:21 ( 12063.0 )
Couldn't predict at time  03:22 ( 12123.0 )
Couldn't predict at time  03:23 ( 12183.0 )
Couldn't predict at time  03:24 ( 12243.0 )
Couldn't predict at time  03:25 ( 12303.0 )
Couldn't predict at time  03:26 ( 12363.0 )
Couldn't predict at time  03:27 ( 12423.0 )
Couldn't predict at time  03:28 ( 12483.0 )
Couldn't predict at time  03:29 ( 12543.0 )
Couldn't predict at time  03:30 ( 12603.0 )
Couldn't predict at time  03:31 ( 12663.0 )
Couldn't predict at time  03:32 ( 12723.0 )
Couldn't predict at time  03:33 ( 12783.0 )
Couldn't predict at time  03:34 ( 12843.0 )
Couldn't predict at time  03:35 ( 12903.0 )
Couldn't predict at time  03:36 ( 12963.0 )
Couldn't predict at time  03:37 ( 13023.0 )
Couldn't predict at time  03:38 ( 13083.0 )
Couldn't predict at time  03:39 ( 13143.0 )
Couldn't predict at time  03:40 ( 13203.0 )
Couldn't predict at time  03:41 ( 13263.0 )
Couldn't predict at time  03:42 ( 13323.0 )
Couldn't predict at time  03:43 ( 13383.0 )
Couldn't predict at time  03:44 ( 13443.0 )
Couldn't predict at time  03:45 ( 13503.0 )
Couldn't predict at time  03:46 ( 13563.0 )
Couldn't predict at time  03:47 ( 13623.0 )
Couldn't predict at time  03:48 ( 13683.0 )
Couldn't predict at time  03:49 ( 13743.0 )
Couldn't predict at time  03:50 ( 13803.0 )
Couldn't predict at time  03:51 ( 13863.0 )
Couldn't predict at time  03:52 ( 13923.0 )
Couldn't predict at time  03:53 ( 13983.0 )
Couldn't predict at time  03:54 ( 14043.0 )
Couldn't predict at time  03:55 ( 14103.0 )
Couldn't predict at time  03:56 ( 14163.0 )
Couldn't predict at time  03:57 ( 14223.0 )
Couldn't predict at time  03:58 ( 14283.0 )
Couldn't predict at time  03:59 ( 14343.0 )
Couldn't predict at time  04:00 ( 14403.0 )
Couldn't predict at time  04:01 ( 14463.0 )
Couldn't predict at time  04:02 ( 14523.0 )
Couldn't predict at time  04:03 ( 14583.0 )
Couldn't predict at time  04:04 ( 14643.0 )
Couldn't predict at time  04:05 ( 14703.0 )
Couldn't predict at time  04:06 ( 14763.0 )
Couldn't predict at time  04:07 ( 14823.0 )
Couldn't predict at time  04:08 ( 14883.0 )
Couldn't predict at time  04:09 ( 14943.0 )
Couldn't predict at time  04:10 ( 15003.0 )
Couldn't predict at time  04:11 ( 15063.0 )
Couldn't predict at time  04:12 ( 15123.0 )
Couldn't predict at time  04:13 ( 15183.0 )
Couldn't predict at time  04:14 ( 15243.0 )
Couldn't predict at time  04:15 ( 15303.0 )
Couldn't predict at time  04:16 ( 15363.0 )
Couldn't predict at time  04:17 ( 15423.0 )
Couldn't predict at time  04:18 ( 15483.0 )
Couldn't predict at time  04:19 ( 15543.0 )
Couldn't predict at time  04:20 ( 15603.0 )
Couldn't predict at time  04:21 ( 15663.0 )
Couldn't predict at time  04:22 ( 15723.0 )
Couldn't predict at time  04:23 ( 15783.0 )
Couldn't predict at time  04:24 ( 15843.0 )
Couldn't predict at time  04:25 ( 15903.0 )
Couldn't predict at time  04:26 ( 15963.0 )
Couldn't predict at time  04:27 ( 16023.0 )
Couldn't predict at time  04:28 ( 16083.0 )
Couldn't predict at time  04:29 ( 16143.0 )
Couldn't predict at time  04:30 ( 16203.0 )
Couldn't predict at time  04:31 ( 16263.0 )
Couldn't predict at time  04:32 ( 16323.0 )
Couldn't predict at time  04:33 ( 16383.0 )
Couldn't predict at time  04:34 ( 16443.0 )
Couldn't predict at time  04:35 ( 16503.0 )
Couldn't predict at time  04:36 ( 16563.0 )
Couldn't predict at time  04:37 ( 16623.0 )
Couldn't predict at time  04:38 ( 16683.0 )
Couldn't predict at time  04:39 ( 16743.0 )
Couldn't predict at time  04:40 ( 16803.0 )
Couldn't predict at time  04:41 ( 16863.0 )
Couldn't predict at time  04:42 ( 16923.0 )
Couldn't predict at time  04:43 ( 16983.0 )
Couldn't predict at time  04:44 ( 17043.0 )
Couldn't predict at time  04:45 ( 17103.0 )
Couldn't predict at time  04:46 ( 17163.0 )
Couldn't predict at time  04:47 ( 17223.0 )
Couldn't predict at time  04:48 ( 17283.0 )
Couldn't predict at time  04:49 ( 17343.0 )
Couldn't predict at time  04:50 ( 17403.0 )
Couldn't predict at time  04:51 ( 17463.0 )
Couldn't predict at time  04:52 ( 17523.0 )
Couldn't predict at time  04:53 ( 17583.0 )
Couldn't predict at time  04:54 ( 17643.0 )
Couldn't predict at time  04:55 ( 17703.0 )
Couldn't predict at time  04:56 ( 17763.0 )
Couldn't predict at time  04:57 ( 17823.0 )
Couldn't predict at time  04:58 ( 17883.0 )
Couldn't predict at time  04:59 ( 17943.0 )
Couldn't predict at time  05:00 ( 18003.0 )
Couldn't predict at time  05:01 ( 18063.0 )
Couldn't predict at time  05:02 ( 18123.0 )
Couldn't predict at time  05:03 ( 18183.0 )
Couldn't predict at time  05:04 ( 18243.0 )
Couldn't predict at time  05:05 ( 18303.0 )
Couldn't predict at time  05:06 ( 18363.0 )
Couldn't predict at time  05:07 ( 18423.0 )
Couldn't predict at time  05:08 ( 18483.0 )
Couldn't predict at time  05:09 ( 18543.0 )
Couldn't predict at time  05:10 ( 18603.0 )
Couldn't predict at time  05:11 ( 18663.0 )
Couldn't predict at time  05:12 ( 18723.0 )
Couldn't predict at time  05:13 ( 18783.0 )
Couldn't predict at time  05:14 ( 18843.0 )
Couldn't predict at time  05:15 ( 18903.0 )
Couldn't predict at time  05:16 ( 18963.0 )
Couldn't predict at time  05:17 ( 19023.0 )
Couldn't predict at time  05:18 ( 19083.0 )
Couldn't predict at time  05:19 ( 19143.0 )
Couldn't predict at time  05:20 ( 19203.0 )
Couldn't predict at time  05:21 ( 19263.0 )
Couldn't predict at time  05:22 ( 19323.0 )
Couldn't predict at time  05:23 ( 19383.0 )
Couldn't predict at time  05:24 ( 19443.0 )
Couldn't predict at time  05:25 ( 19503.0 )
Couldn't predict at time  05:26 ( 19563.0 )
Couldn't predict at time  05:27 ( 19623.0 )
Couldn't predict at time  05:28 ( 19683.0 )
Couldn't predict at time  05:29 ( 19743.0 )
Couldn't predict at time  05:30 ( 19803.0 )
Couldn't predict at time  05:31 ( 19863.0 )
Couldn't predict at time  05:32 ( 19923.0 )
Couldn't predict at time  05:33 ( 19983.0 )
Couldn't predict at time  05:34 ( 20043.0 )
Couldn't predict at time  05:35 ( 20103.0 )
Couldn't predict at time  05:36 ( 20163.0 )
Couldn't predict at time  05:37 ( 20223.0 )
Couldn't predict at time  05:38 ( 20283.0 )
Couldn't predict at time  05:39 ( 20343.0 )
Couldn't predict at time  05:40 ( 20403.0 )
Couldn't predict at time  05:41 ( 20463.0 )
Couldn't predict at time  05:42 ( 20523.0 )
Couldn't predict at time  05:43 ( 20583.0 )
Couldn't predict at time  05:44 ( 20643.0 )
Couldn't predict at time  05:45 ( 20703.0 )
Couldn't predict at time  05:46 ( 20763.0 )
Couldn't predict at time  05:47 ( 20823.0 )
Couldn't predict at time  05:48 ( 20883.0 )
Couldn't predict at time  05:49 ( 20943.0 )
Couldn't predict at time  05:50 ( 21003.0 )
Couldn't predict at time  05:51 ( 21063.0 )
Couldn't predict at time  05:52 ( 21123.0 )
Couldn't predict at time  05:53 ( 21183.0 )
Couldn't predict at time  05:54 ( 21243.0 )
Couldn't predict at time  05:55 ( 21303.0 )
Couldn't predict at time  05:56 ( 21363.0 )
Couldn't predict at time  05:57 ( 21423.0 )
Couldn't predict at time  05:58 ( 21483.0 )
Couldn't predict at time  05:59 ( 21543.0 )
Couldn't predict at time  06:00 ( 21603.0 )
Couldn't predict at time  06:01 ( 21663.0 )
Couldn't predict at time  06:02 ( 21723.0 )
Couldn't predict at time  06:03 ( 21783.0 )
Couldn't predict at time  06:04 ( 21843.0 )
Couldn't predict at time  06:05 ( 21903.0 )
Couldn't predict at time  06:06 ( 21963.0 )
Couldn't predict at time  06:07 ( 22023.0 )
Couldn't predict at time  06:08 ( 22083.0 )
Couldn't predict at time  06:09 ( 22143.0 )
Couldn't predict at time  06:10 ( 22203.0 )
Couldn't predict at time  06:11 ( 22263.0 )
Couldn't predict at time  06:12 ( 22323.0 )
Couldn't predict at time  06:13 ( 22383.0 )
Couldn't predict at time  06:14 ( 22443.0 )
Couldn't predict at time  06:15 ( 22503.0 )
Couldn't predict at time  06:16 ( 22563.0 )
Couldn't predict at time  06:17 ( 22623.0 )
Couldn't predict at time  06:18 ( 22683.0 )
Couldn't predict at time  06:19 ( 22743.0 )
Couldn't predict at time  06:20 ( 22803.0 )
Couldn't predict at time  06:21 ( 22863.0 )
Couldn't predict at time  06:22 ( 22923.0 )
Couldn't predict at time  06:23 ( 22983.0 )
Couldn't predict at time  06:24 ( 23043.0 )
Couldn't predict at time  06:25 ( 23103.0 )
Couldn't predict at time  06:26 ( 23163.0 )
Couldn't predict at time  06:27 ( 23223.0 )
Couldn't predict at time  06:28 ( 23283.0 )
Couldn't predict at time  06:29 ( 23343.0 )
Couldn't predict at time  06:30 ( 23403.0 )
Couldn't predict at time  06:31 ( 23463.0 )
Couldn't predict at time  06:32 ( 23523.0 )
Couldn't predict at time  06:33 ( 23583.0 )
Couldn't predict at time  06:34 ( 23643.0 )
Couldn't predict at time  06:35 ( 23703.0 )
Couldn't predict at time  06:36 ( 23763.0 )
Couldn't predict at time  06:37 ( 23823.0 )
Couldn't predict at time  06:38 ( 23883.0 )
Couldn't predict at time  06:39 ( 23943.0 )
Couldn't predict at time  06:40 ( 24003.0 )
Couldn't predict at time  06:41 ( 24063.0 )
Couldn't predict at time  06:42 ( 24123.0 )
Couldn't predict at time  06:43 ( 24183.0 )
Couldn't predict at time  06:44 ( 24243.0 )
Couldn't predict at time  06:45 ( 24303.0 )
Couldn't predict at time  06:46 ( 24363.0 )
Couldn't predict at time  06:47 ( 24423.0 )
Couldn't predict at time  06:48 ( 24483.0 )
Couldn't predict at time  06:49 ( 24543.0 )
Couldn't predict at time  06:50 ( 24603.0 )
Couldn't predict at time  06:51 ( 24663.0 )
Couldn't predict at time  06:52 ( 24723.0 )
Couldn't predict at time  06:53 ( 24783.0 )
Couldn't predict at time  06:54 ( 24843.0 )
Couldn't predict at time  06:55 ( 24903.0 )
Couldn't predict at time  06:56 ( 24963.0 )
Couldn't predict at time  06:57 ( 25023.0 )
Couldn't predict at time  06:58 ( 25083.0 )
Couldn't predict at time  06:59 ( 25143.0 )
Couldn't predict at time  07:00 ( 25203.0 )
Couldn't predict at time  07:01 ( 25263.0 )
Couldn't predict at time  07:02 ( 25323.0 )
Couldn't predict at time  07:03 ( 25383.0 )
Couldn't predict at time  07:04 ( 25443.0 )
Couldn't predict at time  07:05 ( 25503.0 )
Couldn't predict at time  07:06 ( 25563.0 )
Couldn't predict at time  07:07 ( 25623.0 )
Couldn't predict at time  07:08 ( 25683.0 )
Couldn't predict at time  07:09 ( 25743.0 )
Couldn't predict at time  07:10 ( 25803.0 )
Couldn't predict at time  07:11 ( 25863.0 )
Couldn't predict at time  07:12 ( 25923.0 )
Couldn't predict at time  07:13 ( 25983.0 )
Couldn't predict at time  07:14 ( 26043.0 )
Couldn't predict at time  07:15 ( 26103.0 )
Couldn't predict at time  07:16 ( 26163.0 )
Couldn't predict at time  07:17 ( 26223.0 )
Couldn't predict at time  07:18 ( 26283.0 )
Couldn't predict at time  07:19 ( 26343.0 )
Couldn't predict at time  07:20 ( 26403.0 )
Couldn't predict at time  07:21 ( 26463.0 )
Couldn't predict at time  07:22 ( 26523.0 )
Couldn't predict at time  07:23 ( 26583.0 )
Couldn't predict at time  07:24 ( 26643.0 )
Couldn't predict at time  07:25 ( 26703.0 )
Couldn't predict at time  07:26 ( 26763.0 )
Couldn't predict at time  07:27 ( 26823.0 )
Couldn't predict at time  07:28 ( 26883.0 )
Couldn't predict at time  07:29 ( 26943.0 )
Couldn't predict at time  07:30 ( 27003.0 )
Couldn't predict at time  07:31 ( 27063.0 )
Couldn't predict at time  07:32 ( 27123.0 )
Couldn't predict at time  07:33 ( 27183.0 )
Couldn't predict at time  07:34 ( 27243.0 )
Couldn't predict at time  07:35 ( 27303.0 )
Couldn't predict at time  07:36 ( 27363.0 )
Couldn't predict at time  07:37 ( 27423.0 )
Couldn't predict at time  07:38 ( 27483.0 )
Couldn't predict at time  07:39 ( 27543.0 )
Couldn't predict at time  07:40 ( 27603.0 )
Couldn't predict at time  07:41 ( 27663.0 )
Couldn't predict at time  07:42 ( 27723.0 )
Couldn't predict at time  07:43 ( 27783.0 )
Couldn't predict at time  07:44 ( 27843.0 )
Couldn't predict at time  07:45 ( 27903.0 )
Couldn't predict at time  07:46 ( 27963.0 )
Couldn't predict at time  07:47 ( 28023.0 )
Couldn't predict at time  07:48 ( 28083.0 )
Couldn't predict at time  07:49 ( 28143.0 )
Couldn't predict at time  07:50 ( 28203.0 )
Couldn't predict at time  07:51 ( 28263.0 )
Couldn't predict at time  07:52 ( 28323.0 )
Couldn't predict at time  07:53 ( 28383.0 )
Couldn't predict at time  07:54 ( 28443.0 )
Couldn't predict at time  07:55 ( 28503.0 )
Couldn't predict at time  07:56 ( 28563.0 )
Couldn't predict at time  07:57 ( 28623.0 )
Couldn't predict at time  07:58 ( 28683.0 )
Couldn't predict at time  07:59 ( 28743.0 )
Couldn't predict at time  08:00 ( 28803.0 )
Couldn't predict at time  08:01 ( 28863.0 )
Couldn't predict at time  08:02 ( 28923.0 )
Couldn't predict at time  08:03 ( 28983.0 )
Couldn't predict at time  08:04 ( 29043.0 )
Couldn't predict at time  08:05 ( 29103.0 )
Couldn't predict at time  08:06 ( 29163.0 )
Couldn't predict at time  08:07 ( 29223.0 )
Couldn't predict at time  08:08 ( 29283.0 )
Couldn't predict at time  08:09 ( 29343.0 )
Couldn't predict at time  08:10 ( 29403.0 )
Couldn't predict at time  08:11 ( 29463.0 )
Couldn't predict at time  08:12 ( 29523.0 )
Couldn't predict at time  08:13 ( 29583.0 )
Couldn't predict at time  08:14 ( 29643.0 )
Couldn't predict at time  08:15 ( 29703.0 )
Couldn't predict at time  08:16 ( 29763.0 )
Couldn't predict at time  08:17 ( 29823.0 )
Couldn't predict at time  08:18 ( 29883.0 )
Couldn't predict at time  08:19 ( 29943.0 )
Couldn't predict at time  08:20 ( 30003.0 )
Couldn't predict at time  08:21 ( 30063.0 )
Couldn't predict at time  08:22 ( 30123.0 )
Couldn't predict at time  08:23 ( 30183.0 )
Couldn't predict at time  08:24 ( 30243.0 )
Couldn't predict at time  08:25 ( 30303.0 )
Couldn't predict at time  08:26 ( 30363.0 )
Couldn't predict at time  08:27 ( 30423.0 )
Couldn't predict at time  08:28 ( 30483.0 )
Couldn't predict at time  08:29 ( 30543.0 )
Couldn't predict at time  08:30 ( 30603.0 )
Couldn't predict at time  08:31 ( 30663.0 )
Couldn't predict at time  08:32 ( 30723.0 )
Couldn't predict at time  08:33 ( 30783.0 )
Couldn't predict at time  08:34 ( 30843.0 )
Couldn't predict at time  08:35 ( 30903.0 )
Couldn't predict at time  08:36 ( 30963.0 )
Couldn't predict at time  08:37 ( 31023.0 )
Couldn't predict at time  08:38 ( 31083.0 )
Couldn't predict at time  08:39 ( 31143.0 )
Couldn't predict at time  08:40 ( 31203.0 )
Couldn't predict at time  08:41 ( 31263.0 )
Couldn't predict at time  08:42 ( 31323.0 )
Couldn't predict at time  08:43 ( 31383.0 )
Couldn't predict at time  08:44 ( 31443.0 )
Couldn't predict at time  08:45 ( 31503.0 )
Couldn't predict at time  08:46 ( 31563.0 )
Couldn't predict at time  08:47 ( 31623.0 )
Couldn't predict at time  08:48 ( 31683.0 )
Couldn't predict at time  08:49 ( 31743.0 )
Couldn't predict at time  08:50 ( 31803.0 )
Couldn't predict at time  08:51 ( 31863.0 )
Couldn't predict at time  08:52 ( 31923.0 )
Couldn't predict at time  08:53 ( 31983.0 )
Couldn't predict at time  08:54 ( 32043.0 )
Couldn't predict at time  08:55 ( 32103.0 )
Couldn't predict at time  08:56 ( 32163.0 )
Couldn't predict at time  08:57 ( 32223.0 )
Couldn't predict at time  08:58 ( 32283.0 )
Couldn't predict at time  08:59 ( 32343.0 )
Couldn't predict at time  09:00 ( 32403.0 )
Couldn't predict at time  09:01 ( 32463.0 )
Vehicles: [9.0, 0.0, 11.0, 0.0]
Corresponsing times: [30, 10, 30, 10]
Fog down for  281 s at 09:06 ( 32763.0 )
Vehicles: [25.0, 6.0, 5.0, 3.0]
Corresponsing times: [30, 18.461538461538463, 15.384615384615383, 10]
Vehicles: [272, 229]
Corresponsing times: [30, 30]
Vehicles: [296, 286]
Corresponsing times: [30, 30]
Vehicles: [226, 395]
Corresponsing times: [30, 30]
Vehicles: [274, 292]
Corresponsing times: [30, 30]
Vehicles: [316, 269]
Corresponsing times: [30, 30]
Fog down for  595 s at 09:36 ( 34578.0 )
Vehicles: [8.0, 0.0, 3.0, 5.0]
Corresponsing times: [30, 10, 22.5, 30]
Fog down for  295 s at 09:41 ( 34878.0 )
Vehicles: [5.0, 2.0, 14.0, 9.0]
Corresponsing times: [20.0, 10, 30, 30]
Vehicles: [270, 192]
Corresponsing times: [30, 30]
Vehicles: [255, 277]
Corresponsing times: [30, 30]
Fog down for  594 s at 09:56 ( 35784.0 )
Vehicles: [17.0, 0.0, 6.0, 11.0]
Corresponsing times: [30, 10, 21.176470588235297, 30]
Fog down for  294 s at 10:01 ( 36084.0 )
Vehicles: [20.0, 1.0, 15.0, 13.0]
Corresponsing times: [30, 10, 30, 30]
Vehicles: [264, 205]
Corresponsing times: [30, 30]
Vehicles: [337, 257]
Corresponsing times: [30, 30]
Vehicles: [215, 404]
Corresponsing times: [30, 30]
Vehicles: [284, 356]
Corresponsing times: [30, 30]
Vehicles: [266, 336]
Corresponsing times: [30, 30]
Fog down for  551 s at 10:31 ( 37899.0 )
Vehicles: [41.0, 0.0, 8.0, 18.0]
Corresponsing times: [30, 10, 14.328358208955224, 30]
Fog down for  251 s at 10:36 ( 38199.0 )
Vehicles: [49.0, 0.0, 5.0, 18.0]
Corresponsing times: [30, 10, 10, 30]
Vehicles: [230, 178]
Corresponsing times: [30, 30]
Vehicles: [254, 288]
Corresponsing times: [30, 30]
Vehicles: [233, 420]
Corresponsing times: [30, 30]
Vehicles: [333, 361]
Corresponsing times: [30, 30]
Vehicles: [257, 363]
Corresponsing times: [30, 30]
Vehicles: [262, 443]
Corresponsing times: [30, 30]
Vehicles: [291, 320]
Corresponsing times: [30, 30]
Fog down for  608 s at 11:17 ( 40620.0 )
Vehicles: [45.0, 0.0, 10.0, 2.0]
Corresponsing times: [30, 10, 21.052631578947366, 10]
Fog down for  308 s at 11:22 ( 40920.0 )
Couldn't predict at time  11:23 ( 40980.0 )
Couldn't predict at time  11:24 ( 41040.0 )
Couldn't predict at time  11:25 ( 41100.0 )
Vehicles: [40.0, 2.0, 24.0, 1.0]
Corresponsing times: [30, 10, 30, 10]
Fog down for  8 s at 11:30 ( 41400.0 )
Vehicles: [31.0, 0.0, 33.0, 1.0]
Corresponsing times: [30, 10, 30, 10]
Vehicles: [366, 159]
Corresponsing times: [30, 30]
Fog down for  556 s at 11:40 ( 42003.0 )
Vehicles: [17.0, 5.0, 33.0, 0.0]
Corresponsing times: [30, 10.90909090909091, 30, 10]
Fog down for  256 s at 11:45 ( 42303.0 )
Vehicles: [6.0, 0.0, 27.0, 0.0]
Corresponsing times: [21.81818181818182, 10, 30, 10]
Fog down for  616 s at 11:50 ( 42603.0 )
Vehicles: [4.0, 8.0, 24.0, 0.0]
Corresponsing times: [13.333333333333332, 26.666666666666664, 30, 10]
Fog down for  316 s at 11:55 ( 42903.0 )
Vehicles: [4.0, 13.0, 28.0, 0.0]
Corresponsing times: [10.666666666666668, 30, 30, 10]
Fog down for  16 s at 12:00 ( 43203.0 )
Couldn't predict at time  12:01 ( 43263.0 )
Couldn't predict at time  12:02 ( 43323.0 )
Couldn't predict at time  12:03 ( 43383.0 )
Couldn't predict at time  12:04 ( 43443.0 )
Couldn't predict at time  12:05 ( 43503.0 )
Couldn't predict at time  12:06 ( 43563.0 )
Couldn't predict at time  12:07 ( 43623.0 )
Couldn't predict at time  12:08 ( 43683.0 )
Couldn't predict at time  12:09 ( 43743.0 )
Couldn't predict at time  12:10 ( 43803.0 )
Couldn't predict at time  12:11 ( 43863.0 )
Couldn't predict at time  12:12 ( 43923.0 )
Couldn't predict at time  12:13 ( 43983.0 )
Couldn't predict at time  12:14 ( 44043.0 )
Couldn't predict at time  12:15 ( 44103.0 )
Couldn't predict at time  12:16 ( 44163.0 )
Couldn't predict at time  12:17 ( 44223.0 )
Couldn't predict at time  12:18 ( 44283.0 )
Couldn't predict at time  12:19 ( 44343.0 )
Couldn't predict at time  12:20 ( 44403.0 )
Couldn't predict at time  12:21 ( 44463.0 )
Couldn't predict at time  12:22 ( 44523.0 )
Couldn't predict at time  12:23 ( 44583.0 )
Couldn't predict at time  12:24 ( 44643.0 )
Couldn't predict at time  12:25 ( 44703.0 )
Couldn't predict at time  12:26 ( 44763.0 )
Couldn't predict at time  12:27 ( 44823.0 )
Couldn't predict at time  12:28 ( 44883.0 )
Couldn't predict at time  12:29 ( 44943.0 )
Couldn't predict at time  12:30 ( 45003.0 )
Couldn't predict at time  12:31 ( 45063.0 )
Couldn't predict at time  12:32 ( 45123.0 )
Couldn't predict at time  12:33 ( 45183.0 )
Couldn't predict at time  12:34 ( 45243.0 )
Couldn't predict at time  12:35 ( 45303.0 )
Couldn't predict at time  12:36 ( 45363.0 )
Couldn't predict at time  12:37 ( 45423.0 )
Couldn't predict at time  12:38 ( 45483.0 )
Couldn't predict at time  12:39 ( 45543.0 )
Couldn't predict at time  12:40 ( 45603.0 )
Couldn't predict at time  12:41 ( 45663.0 )
Couldn't predict at time  12:42 ( 45723.0 )
Couldn't predict at time  12:43 ( 45783.0 )
Couldn't predict at time  12:44 ( 45843.0 )
Couldn't predict at time  12:45 ( 45903.0 )
Couldn't predict at time  12:46 ( 45963.0 )
Couldn't predict at time  12:47 ( 46023.0 )
Couldn't predict at time  12:48 ( 46083.0 )
Couldn't predict at time  12:49 ( 46143.0 )
Couldn't predict at time  12:50 ( 46203.0 )
Couldn't predict at time  12:51 ( 46263.0 )
Couldn't predict at time  12:52 ( 46323.0 )
Couldn't predict at time  12:53 ( 46383.0 )
Couldn't predict at time  12:54 ( 46443.0 )
Couldn't predict at time  12:55 ( 46503.0 )
Couldn't predict at time  12:56 ( 46563.0 )
Couldn't predict at time  12:57 ( 46623.0 )
Couldn't predict at time  12:58 ( 46683.0 )
Couldn't predict at time  12:59 ( 46743.0 )
Couldn't predict at time  13:00 ( 46803.0 )
Couldn't predict at time  13:01 ( 46863.0 )
Couldn't predict at time  13:02 ( 46923.0 )
Couldn't predict at time  13:03 ( 46983.0 )
Couldn't predict at time  13:04 ( 47043.0 )
Couldn't predict at time  13:05 ( 47103.0 )
Couldn't predict at time  13:06 ( 47163.0 )
Couldn't predict at time  13:07 ( 47223.0 )
Couldn't predict at time  13:08 ( 47283.0 )
Couldn't predict at time  13:09 ( 47343.0 )
Couldn't predict at time  13:10 ( 47403.0 )
Couldn't predict at time  13:11 ( 47463.0 )
Couldn't predict at time  13:12 ( 47523.0 )
Couldn't predict at time  13:13 ( 47583.0 )
Couldn't predict at time  13:14 ( 47643.0 )
Couldn't predict at time  13:15 ( 47703.0 )
Couldn't predict at time  13:16 ( 47763.0 )
Couldn't predict at time  13:17 ( 47823.0 )
Couldn't predict at time  13:18 ( 47883.0 )
Couldn't predict at time  13:19 ( 47943.0 )
Couldn't predict at time  13:20 ( 48003.0 )
Couldn't predict at time  13:21 ( 48063.0 )
Couldn't predict at time  13:22 ( 48123.0 )
Couldn't predict at time  13:23 ( 48183.0 )
Couldn't predict at time  13:24 ( 48243.0 )
Couldn't predict at time  13:25 ( 48303.0 )
Couldn't predict at time  13:26 ( 48363.0 )
Couldn't predict at time  13:27 ( 48423.0 )
Couldn't predict at time  13:28 ( 48483.0 )
Couldn't predict at time  13:29 ( 48543.0 )
Couldn't predict at time  13:30 ( 48603.0 )
Couldn't predict at time  13:31 ( 48663.0 )
Couldn't predict at time  13:32 ( 48723.0 )
Couldn't predict at time  13:33 ( 48783.0 )
Couldn't predict at time  13:34 ( 48843.0 )
Couldn't predict at time  13:35 ( 48903.0 )
Couldn't predict at time  13:36 ( 48963.0 )
Couldn't predict at time  13:37 ( 49023.0 )
Couldn't predict at time  13:38 ( 49083.0 )
Couldn't predict at time  13:39 ( 49143.0 )
Couldn't predict at time  13:40 ( 49203.0 )
Couldn't predict at time  13:41 ( 49263.0 )
Couldn't predict at time  13:42 ( 49323.0 )
Couldn't predict at time  13:43 ( 49383.0 )
Couldn't predict at time  13:44 ( 49443.0 )
Couldn't predict at time  13:45 ( 49503.0 )
Couldn't predict at time  13:46 ( 49563.0 )
Couldn't predict at time  13:47 ( 49623.0 )
Couldn't predict at time  13:48 ( 49683.0 )
Couldn't predict at time  13:49 ( 49743.0 )
Couldn't predict at time  13:50 ( 49803.0 )
Couldn't predict at time  13:51 ( 49863.0 )
Couldn't predict at time  13:52 ( 49923.0 )
Couldn't predict at time  13:53 ( 49983.0 )
Couldn't predict at time  13:54 ( 50043.0 )
Couldn't predict at time  13:55 ( 50103.0 )
Couldn't predict at time  13:56 ( 50163.0 )
Couldn't predict at time  13:57 ( 50223.0 )
Couldn't predict at time  13:58 ( 50283.0 )
Couldn't predict at time  13:59 ( 50343.0 )
Couldn't predict at time  14:00 ( 50403.0 )
Couldn't predict at time  14:01 ( 50463.0 )
Couldn't predict at time  14:02 ( 50523.0 )
Couldn't predict at time  14:03 ( 50583.0 )
Couldn't predict at time  14:04 ( 50643.0 )
Couldn't predict at time  14:05 ( 50703.0 )
Couldn't predict at time  14:06 ( 50763.0 )
Couldn't predict at time  14:07 ( 50823.0 )
Couldn't predict at time  14:08 ( 50883.0 )
Couldn't predict at time  14:09 ( 50943.0 )
Couldn't predict at time  14:10 ( 51003.0 )
Couldn't predict at time  14:11 ( 51063.0 )
Couldn't predict at time  14:12 ( 51123.0 )
Couldn't predict at time  14:13 ( 51183.0 )
Couldn't predict at time  14:14 ( 51243.0 )
Couldn't predict at time  14:15 ( 51303.0 )
Couldn't predict at time  14:16 ( 51363.0 )
Couldn't predict at time  14:17 ( 51423.0 )
Couldn't predict at time  14:18 ( 51483.0 )
Couldn't predict at time  14:19 ( 51543.0 )
Simulation over
