Added 1431 vehicles from proj/J/j1/j1_13_one.csv
Added 9654 vehicles from proj/J/j1/j1_13.csv
Added 10638 vehicles from proj/J/j2/j2_13_one.csv
Added 14818 vehicles from proj/J/j2/j2_13.csv
Added 20736 vehicles from proj/J/j3/j3_13.csv
Added 20969 vehicles from proj/A/a2/a2_13_one.csv
Added 21963 vehicles from proj/A/a2/a2_13.csv
Added 24655 vehicles from proj/A/a3/a3_13_one.csv
Added 41601 vehicles from proj/A/a3/a3_13.csv
Added 42517 vehicles from proj/R/r1/r1_13_one.csv
Added 47683 vehicles from proj/R/r1/r1_13.csv
Added 49192 vehicles from proj/R/r2/r2_13_one.csv
Added 57003 vehicles from proj/R/r2/r2_13.csv
Added 62214 vehicles from proj/R/r3/r3_13.csv
Routes created

read 62214 elements.
wrote 62214 elements.
Routes sorte

 Retrying in 1 seconds
***Starting server on port 8813 ***
  waiting for 4 clients...
  client connected
  client connected
  client connected
  client connected
Loading net-file from 'data/../new/cross.net.xml' ... done (23ms).
Loading additional-files from 'data/cross.det.xml' ... done (2ms).
Loading done.
Simulation version 1.15.0 started with time: 0.00.
Simulation ended at time: 43584.00
Reason: TraCI requested termination.
Performance: 
 Duration: 81.92s
 TraCI-Duration: 12.24s
 Real time factor: 532.031
 UPS: 138755.175781
Vehicles: 
 Inserted: 62214
 Running: 0
 Waiting: 0
Statistics (avg of 62214):
 RouteLength: 1018.16
 Speed: 7.11
 Duration: 182.71
 WaitingTime: 56.58
 TimeLoss: 109.73
 DepartDelay: 24.61

