 Retrying in 1 seconds
Could not connect to TraCI server at localhost:8813 [Errno 111] Connection refused
 Retrying in 1 seconds
Could not connect to TraCI server at localhost:8813 [Errno 111] Connection refused
 Retrying in 1 seconds
Could not connect to TraCI server at localhost:8813 [Errno 111] Connection refused
 Retrying in 1 seconds
Could not connect to TraCI server at localhost:8813 [Errno 111] Connection refused
 Retrying in 1 seconds
Could not connect to TraCI server at localhost:8813 [Errno 111] Connection refused
 Retrying in 1 seconds
Could not connect to TraCI server at localhost:8813 [Errno 111] Connection refused
 Retrying in 1 seconds
Could not connect to TraCI server at localhost:8813 [Errno 111] Connection refused
 Retrying in 1 seconds
Could not connect to TraCI server at localhost:8813 [Errno 111] Connection refused
 Retrying in 1 seconds
Could not connect to TraCI server at localhost:8813 [Errno 111] Connection refused
 Retrying in 1 seconds
Could not connect to TraCI server at localhost:8813 [Errno 111] Connection refused
 Retrying in 1 seconds
Could not connect to TraCI server at localhost:8813 [Errno 111] Connection refused
 Retrying in 1 seconds
Could not connect to TraCI server at localhost:8813 [Errno 111] Connection refused
 Retrying in 1 seconds
Could not connect to TraCI server at localhost:8813 [Errno 111] Connection refused
 Retrying in 1 seconds
Could not connect to TraCI server at localhost:8813 [Errno 111] Connection refused
 Retrying in 1 seconds
Fog down for  630 s at 05:58 ( 21513.0 )
Couldn't predict at time  05:59 ( 21573.0 )
Couldn't predict at time  06:00 ( 21633.0 )
Couldn't predict at time  06:01 ( 21693.0 )
Couldn't predict at time  06:02 ( 21753.0 )
Couldn't predict at time  06:03 ( 21813.0 )
Couldn't predict at time  06:04 ( 21873.0 )
Couldn't predict at time  06:05 ( 21933.0 )
Couldn't predict at time  06:06 ( 21993.0 )
Couldn't predict at time  06:07 ( 22053.0 )
Couldn't predict at time  06:08 ( 22113.0 )
Couldn't predict at time  06:09 ( 22173.0 )
Couldn't predict at time  06:10 ( 22233.0 )
Couldn't predict at time  06:11 ( 22293.0 )
Couldn't predict at time  06:12 ( 22353.0 )
Couldn't predict at time  06:13 ( 22413.0 )
Couldn't predict at time  06:14 ( 22473.0 )
Couldn't predict at time  06:15 ( 22533.0 )
Couldn't predict at time  06:16 ( 22593.0 )
Couldn't predict at time  06:17 ( 22653.0 )
Couldn't predict at time  06:18 ( 22713.0 )
Couldn't predict at time  06:19 ( 22773.0 )
Couldn't predict at time  06:20 ( 22833.0 )
Couldn't predict at time  06:21 ( 22893.0 )
Couldn't predict at time  06:22 ( 22953.0 )
Couldn't predict at time  06:23 ( 23013.0 )
Couldn't predict at time  06:24 ( 23073.0 )
Couldn't predict at time  06:25 ( 23133.0 )
Couldn't predict at time  06:26 ( 23193.0 )
Couldn't predict at time  06:27 ( 23253.0 )
Couldn't predict at time  06:28 ( 23313.0 )
Couldn't predict at time  06:29 ( 23373.0 )
Couldn't predict at time  06:30 ( 23433.0 )
Couldn't predict at time  06:31 ( 23493.0 )
Couldn't predict at time  06:32 ( 23553.0 )
Couldn't predict at time  06:33 ( 23613.0 )
Couldn't predict at time  06:34 ( 23673.0 )
Couldn't predict at time  06:35 ( 23733.0 )
Couldn't predict at time  06:36 ( 23793.0 )
Couldn't predict at time  06:37 ( 23853.0 )
Couldn't predict at time  06:38 ( 23913.0 )
Couldn't predict at time  06:39 ( 23973.0 )
Couldn't predict at time  06:40 ( 24033.0 )
Couldn't predict at time  06:41 ( 24093.0 )
Couldn't predict at time  06:42 ( 24153.0 )
Couldn't predict at time  06:43 ( 24213.0 )
Couldn't predict at time  06:44 ( 24273.0 )
Couldn't predict at time  06:45 ( 24333.0 )
Couldn't predict at time  06:46 ( 24393.0 )
Couldn't predict at time  06:47 ( 24453.0 )
Couldn't predict at time  06:48 ( 24513.0 )
Couldn't predict at time  06:49 ( 24573.0 )
Couldn't predict at time  06:50 ( 24633.0 )
Couldn't predict at time  06:51 ( 24693.0 )
Couldn't predict at time  06:52 ( 24753.0 )
Couldn't predict at time  06:53 ( 24813.0 )
Couldn't predict at time  06:54 ( 24873.0 )
Couldn't predict at time  06:55 ( 24933.0 )
Couldn't predict at time  06:56 ( 24993.0 )
Couldn't predict at time  06:57 ( 25053.0 )
Couldn't predict at time  06:58 ( 25113.0 )
Couldn't predict at time  06:59 ( 25173.0 )
Couldn't predict at time  07:00 ( 25233.0 )
Couldn't predict at time  07:01 ( 25293.0 )
Couldn't predict at time  07:02 ( 25353.0 )
Couldn't predict at time  07:03 ( 25413.0 )
Couldn't predict at time  07:04 ( 25473.0 )
Couldn't predict at time  07:05 ( 25533.0 )
Couldn't predict at time  07:06 ( 25593.0 )
Couldn't predict at time  07:07 ( 25653.0 )
Couldn't predict at time  07:08 ( 25713.0 )
Couldn't predict at time  07:09 ( 25773.0 )
Couldn't predict at time  07:10 ( 25833.0 )
Couldn't predict at time  07:11 ( 25893.0 )
Couldn't predict at time  07:12 ( 25953.0 )
Couldn't predict at time  07:13 ( 26013.0 )
Couldn't predict at time  07:14 ( 26073.0 )
Couldn't predict at time  07:15 ( 26133.0 )
Couldn't predict at time  07:16 ( 26193.0 )
Couldn't predict at time  07:17 ( 26253.0 )
Couldn't predict at time  07:18 ( 26313.0 )
Couldn't predict at time  07:19 ( 26373.0 )
Couldn't predict at time  07:20 ( 26433.0 )
Couldn't predict at time  07:21 ( 26493.0 )
Couldn't predict at time  07:22 ( 26553.0 )
Couldn't predict at time  07:23 ( 26613.0 )
Couldn't predict at time  07:24 ( 26673.0 )
Couldn't predict at time  07:25 ( 26733.0 )
Couldn't predict at time  07:26 ( 26793.0 )
Couldn't predict at time  07:27 ( 26853.0 )
Couldn't predict at time  07:28 ( 26913.0 )
Couldn't predict at time  07:29 ( 26973.0 )
Couldn't predict at time  07:30 ( 27033.0 )
Couldn't predict at time  07:31 ( 27093.0 )
Couldn't predict at time  07:32 ( 27153.0 )
Couldn't predict at time  07:33 ( 27213.0 )
Couldn't predict at time  07:34 ( 27273.0 )
Couldn't predict at time  07:35 ( 27333.0 )
Couldn't predict at time  07:36 ( 27393.0 )
Couldn't predict at time  07:37 ( 27453.0 )
Couldn't predict at time  07:38 ( 27513.0 )
Couldn't predict at time  07:39 ( 27573.0 )
Couldn't predict at time  07:40 ( 27633.0 )
Couldn't predict at time  07:41 ( 27693.0 )
Couldn't predict at time  07:42 ( 27753.0 )
Couldn't predict at time  07:43 ( 27813.0 )
Couldn't predict at time  07:44 ( 27873.0 )
Couldn't predict at time  07:45 ( 27933.0 )
Couldn't predict at time  07:46 ( 27993.0 )
Couldn't predict at time  07:47 ( 28053.0 )
Couldn't predict at time  07:48 ( 28113.0 )
Couldn't predict at time  07:49 ( 28173.0 )
Couldn't predict at time  07:50 ( 28233.0 )
Couldn't predict at time  07:51 ( 28293.0 )
Couldn't predict at time  07:52 ( 28353.0 )
Couldn't predict at time  07:53 ( 28413.0 )
Couldn't predict at time  07:54 ( 28473.0 )
Couldn't predict at time  07:55 ( 28533.0 )
Couldn't predict at time  07:56 ( 28593.0 )
Couldn't predict at time  07:57 ( 28653.0 )
Couldn't predict at time  07:58 ( 28713.0 )
Couldn't predict at time  07:59 ( 28773.0 )
Couldn't predict at time  08:00 ( 28833.0 )
Couldn't predict at time  08:01 ( 28893.0 )
Couldn't predict at time  08:02 ( 28953.0 )
Couldn't predict at time  08:03 ( 29013.0 )
Couldn't predict at time  08:04 ( 29073.0 )
Couldn't predict at time  08:05 ( 29133.0 )
Couldn't predict at time  08:06 ( 29193.0 )
Couldn't predict at time  08:07 ( 29253.0 )
Couldn't predict at time  08:08 ( 29313.0 )
Couldn't predict at time  08:09 ( 29373.0 )
Couldn't predict at time  08:10 ( 29433.0 )
Couldn't predict at time  08:11 ( 29493.0 )
Couldn't predict at time  08:12 ( 29553.0 )
Couldn't predict at time  08:13 ( 29613.0 )
Couldn't predict at time  08:14 ( 29673.0 )
Couldn't predict at time  08:15 ( 29733.0 )
Couldn't predict at time  08:16 ( 29793.0 )
Couldn't predict at time  08:17 ( 29853.0 )
Couldn't predict at time  08:18 ( 29913.0 )
Couldn't predict at time  08:19 ( 29973.0 )
Couldn't predict at time  08:20 ( 30033.0 )
Couldn't predict at time  08:21 ( 30093.0 )
Couldn't predict at time  08:22 ( 30153.0 )
Couldn't predict at time  08:23 ( 30213.0 )
Couldn't predict at time  08:24 ( 30273.0 )
Couldn't predict at time  08:25 ( 30333.0 )
Couldn't predict at time  08:26 ( 30393.0 )
Couldn't predict at time  08:27 ( 30453.0 )
Couldn't predict at time  08:28 ( 30513.0 )
Couldn't predict at time  08:29 ( 30573.0 )
Couldn't predict at time  08:30 ( 30633.0 )
Couldn't predict at time  08:31 ( 30693.0 )
Couldn't predict at time  08:32 ( 30753.0 )
Couldn't predict at time  08:33 ( 30813.0 )
Couldn't predict at time  08:34 ( 30873.0 )
Couldn't predict at time  08:35 ( 30933.0 )
Couldn't predict at time  08:36 ( 30993.0 )
Couldn't predict at time  08:37 ( 31053.0 )
Couldn't predict at time  08:38 ( 31113.0 )
Couldn't predict at time  08:39 ( 31173.0 )
Couldn't predict at time  08:40 ( 31233.0 )
Couldn't predict at time  08:41 ( 31293.0 )
Couldn't predict at time  08:42 ( 31353.0 )
Couldn't predict at time  08:43 ( 31413.0 )
Couldn't predict at time  08:44 ( 31473.0 )
Couldn't predict at time  08:45 ( 31533.0 )
Couldn't predict at time  08:46 ( 31593.0 )
Couldn't predict at time  08:47 ( 31653.0 )
Couldn't predict at time  08:48 ( 31713.0 )
Couldn't predict at time  08:49 ( 31773.0 )
Couldn't predict at time  08:50 ( 31833.0 )
Couldn't predict at time  08:51 ( 31893.0 )
Couldn't predict at time  08:52 ( 31953.0 )
Couldn't predict at time  08:53 ( 32013.0 )
Couldn't predict at time  08:54 ( 32073.0 )
Couldn't predict at time  08:55 ( 32133.0 )
Couldn't predict at time  08:56 ( 32193.0 )
Couldn't predict at time  08:57 ( 32253.0 )
Couldn't predict at time  08:58 ( 32313.0 )
Couldn't predict at time  08:59 ( 32373.0 )
Couldn't predict at time  09:00 ( 32433.0 )
Vehicles: [4.0, 8.0]
Corresponsing times: [30, 30]
Fog down for  330 s at 09:05 ( 32733.0 )
Vehicles: [66.0, 37.0]
Corresponsing times: [30, 30]
Fog down for  30 s at 09:10 ( 33033.0 )
Vehicles: [67.0, 48.0]
Corresponsing times: [30, 30]
Vehicles: [233, 297]
Corresponsing times: [30, 30]
Vehicles: [311, 251]
Corresponsing times: [30, 30]
Vehicles: [241, 345]
Corresponsing times: [30, 30]
Vehicles: [263, 314]
Corresponsing times: [30, 30]
Vehicles: [291, 282]
Corresponsing times: [30, 30]
Vehicles: [221, 359]
Corresponsing times: [30, 30]
Vehicles: [255, 366]
Corresponsing times: [30, 30]
Vehicles: [288, 284]
Corresponsing times: [30, 30]
Fog down for  601 s at 09:55 ( 35757.0 )
Vehicles: [51.0, 75.0]
Corresponsing times: [30, 30]
Fog down for  301 s at 10:00 ( 36057.0 )
Vehicles: [32.0, 92.0]
Corresponsing times: [30, 30]
Fog down for  1 s at 10:05 ( 36357.0 )
Vehicles: [45.0, 95.0]
Corresponsing times: [30, 30]
Vehicles: [215, 337]
Corresponsing times: [30, 30]
Vehicles: [243, 312]
Corresponsing times: [30, 30]
Vehicles: [310, 271]
Corresponsing times: [30, 30]
Vehicles: [193, 310]
Corresponsing times: [30, 30]
Vehicles: [221, 307]
Corresponsing times: [30, 30]
Vehicles: [244, 261]
Corresponsing times: [30, 30]
Vehicles: [200, 307]
Corresponsing times: [30, 30]
Vehicles: [183, 330]
Corresponsing times: [30, 30]
Vehicles: [287, 250]
Corresponsing times: [30, 30]
Vehicles: [204, 308]
Corresponsing times: [30, 30]
Vehicles: [238, 283]
Corresponsing times: [30, 30]
Vehicles: [266, 260]
Corresponsing times: [30, 30]
Vehicles: [220, 257]
Corresponsing times: [30, 30]
Vehicles: [248, 299]
Corresponsing times: [30, 30]
Vehicles: [264, 235]
Corresponsing times: [30, 30]
Vehicles: [228, 302]
Corresponsing times: [30, 30]
Vehicles: [252, 270]
Corresponsing times: [30, 30]
Vehicles: [265, 207]
Corresponsing times: [30, 30]
Fog down for  582 s at 11:41 ( 42111.0 )
Vehicles: [52.0, 24.0]
Corresponsing times: [30, 30]
Fog down for  282 s at 11:46 ( 42411.0 )
Vehicles: [62.0, 30.0]
Corresponsing times: [30, 30]
Vehicles: [320, 221]
Corresponsing times: [30, 30]
Vehicles: [234, 290]
Corresponsing times: [30, 30]
Vehicles: [232, 272]
Corresponsing times: [30, 30]
Vehicles: [35, 1]
Corresponsing times: [30, 10]
Simulation over
