 Retrying in 1 seconds
Could not connect to TraCI server at localhost:8813 [Errno 111] Connection refused
 Retrying in 1 seconds
Could not connect to TraCI server at localhost:8813 [Errno 111] Connection refused
 Retrying in 1 seconds
Could not connect to TraCI server at localhost:8813 [Errno 111] Connection refused
 Retrying in 1 seconds
Could not connect to TraCI server at localhost:8813 [Errno 111] Connection refused
 Retrying in 1 seconds
Could not connect to TraCI server at localhost:8813 [Errno 111] Connection refused
 Retrying in 1 seconds
Could not connect to TraCI server at localhost:8813 [Errno 111] Connection refused
 Retrying in 1 seconds
Could not connect to TraCI server at localhost:8813 [Errno 111] Connection refused
 Retrying in 1 seconds
Could not connect to TraCI server at localhost:8813 [Errno 111] Connection refused
 Retrying in 1 seconds
Could not connect to TraCI server at localhost:8813 [Errno 111] Connection refused
 Retrying in 1 seconds
Could not connect to TraCI server at localhost:8813 [Errno 111] Connection refused
 Retrying in 1 seconds
Could not connect to TraCI server at localhost:8813 [Errno 111] Connection refused
 Retrying in 1 seconds
Could not connect to TraCI server at localhost:8813 [Errno 111] Connection refused
 Retrying in 1 seconds
Could not connect to TraCI server at localhost:8813 [Errno 111] Connection refused
 Retrying in 1 seconds
Could not connect to TraCI server at localhost:8813 [Errno 111] Connection refused
 Retrying in 1 seconds
Could not connect to TraCI server at localhost:8813 [Errno 111] Connection refused
 Retrying in 1 seconds
Could not connect to TraCI server at localhost:8813 [Errno 111] Connection refused
 Retrying in 1 seconds
Could not connect to TraCI server at localhost:8813 [Errno 111] Connection refused
 Retrying in 1 seconds
Could not connect to TraCI server at localhost:8813 [Errno 111] Connection refused
 Retrying in 1 seconds
Could not connect to TraCI server at localhost:8813 [Errno 111] Connection refused
 Retrying in 1 seconds
Fog down for  621 s at 00:35 ( 2121.0 )
Couldn't predict at time  00:36 ( 2181.0 )
Couldn't predict at time  00:37 ( 2241.0 )
Couldn't predict at time  00:38 ( 2301.0 )
Couldn't predict at time  00:39 ( 2361.0 )
Couldn't predict at time  00:40 ( 2421.0 )
Couldn't predict at time  00:41 ( 2481.0 )
Couldn't predict at time  00:42 ( 2541.0 )
Couldn't predict at time  00:43 ( 2601.0 )
Couldn't predict at time  00:44 ( 2661.0 )
Couldn't predict at time  00:45 ( 2721.0 )
Couldn't predict at time  00:46 ( 2781.0 )
Couldn't predict at time  00:47 ( 2841.0 )
Couldn't predict at time  00:48 ( 2901.0 )
Couldn't predict at time  00:49 ( 2961.0 )
Couldn't predict at time  00:50 ( 3021.0 )
Couldn't predict at time  00:51 ( 3081.0 )
Couldn't predict at time  00:52 ( 3141.0 )
Couldn't predict at time  00:53 ( 3201.0 )
Couldn't predict at time  00:54 ( 3261.0 )
Couldn't predict at time  00:55 ( 3321.0 )
Couldn't predict at time  00:56 ( 3381.0 )
Couldn't predict at time  00:57 ( 3441.0 )
Couldn't predict at time  00:58 ( 3501.0 )
Couldn't predict at time  00:59 ( 3561.0 )
Couldn't predict at time  01:00 ( 3621.0 )
Couldn't predict at time  01:01 ( 3681.0 )
Couldn't predict at time  01:02 ( 3741.0 )
Couldn't predict at time  01:03 ( 3801.0 )
Couldn't predict at time  01:04 ( 3861.0 )
Couldn't predict at time  01:05 ( 3921.0 )
Couldn't predict at time  01:06 ( 3981.0 )
Couldn't predict at time  01:07 ( 4041.0 )
Couldn't predict at time  01:08 ( 4101.0 )
Couldn't predict at time  01:09 ( 4161.0 )
Couldn't predict at time  01:10 ( 4221.0 )
Couldn't predict at time  01:11 ( 4281.0 )
Couldn't predict at time  01:12 ( 4341.0 )
Couldn't predict at time  01:13 ( 4401.0 )
Couldn't predict at time  01:14 ( 4461.0 )
Couldn't predict at time  01:15 ( 4521.0 )
Couldn't predict at time  01:16 ( 4581.0 )
Couldn't predict at time  01:17 ( 4641.0 )
Couldn't predict at time  01:18 ( 4701.0 )
Couldn't predict at time  01:19 ( 4761.0 )
Couldn't predict at time  01:20 ( 4821.0 )
Couldn't predict at time  01:21 ( 4881.0 )
Couldn't predict at time  01:22 ( 4941.0 )
Couldn't predict at time  01:23 ( 5001.0 )
Couldn't predict at time  01:24 ( 5061.0 )
Couldn't predict at time  01:25 ( 5121.0 )
Couldn't predict at time  01:26 ( 5181.0 )
Couldn't predict at time  01:27 ( 5241.0 )
Couldn't predict at time  01:28 ( 5301.0 )
Couldn't predict at time  01:29 ( 5361.0 )
Couldn't predict at time  01:30 ( 5421.0 )
Couldn't predict at time  01:31 ( 5481.0 )
Couldn't predict at time  01:32 ( 5541.0 )
Couldn't predict at time  01:33 ( 5601.0 )
Couldn't predict at time  01:34 ( 5661.0 )
Couldn't predict at time  01:35 ( 5721.0 )
Couldn't predict at time  01:36 ( 5781.0 )
Couldn't predict at time  01:37 ( 5841.0 )
Couldn't predict at time  01:38 ( 5901.0 )
Couldn't predict at time  01:39 ( 5961.0 )
Couldn't predict at time  01:40 ( 6021.0 )
Couldn't predict at time  01:41 ( 6081.0 )
Couldn't predict at time  01:42 ( 6141.0 )
Couldn't predict at time  01:43 ( 6201.0 )
Couldn't predict at time  01:44 ( 6261.0 )
Couldn't predict at time  01:45 ( 6321.0 )
Couldn't predict at time  01:46 ( 6381.0 )
Couldn't predict at time  01:47 ( 6441.0 )
Couldn't predict at time  01:48 ( 6501.0 )
Couldn't predict at time  01:49 ( 6561.0 )
Couldn't predict at time  01:50 ( 6621.0 )
Couldn't predict at time  01:51 ( 6681.0 )
Couldn't predict at time  01:52 ( 6741.0 )
Couldn't predict at time  01:53 ( 6801.0 )
Couldn't predict at time  01:54 ( 6861.0 )
Couldn't predict at time  01:55 ( 6921.0 )
Couldn't predict at time  01:56 ( 6981.0 )
Couldn't predict at time  01:57 ( 7041.0 )
Couldn't predict at time  01:58 ( 7101.0 )
Couldn't predict at time  01:59 ( 7161.0 )
Couldn't predict at time  02:00 ( 7221.0 )
Couldn't predict at time  02:01 ( 7281.0 )
Couldn't predict at time  02:02 ( 7341.0 )
Couldn't predict at time  02:03 ( 7401.0 )
Couldn't predict at time  02:04 ( 7461.0 )
Couldn't predict at time  02:05 ( 7521.0 )
Couldn't predict at time  02:06 ( 7581.0 )
Couldn't predict at time  02:07 ( 7641.0 )
Couldn't predict at time  02:08 ( 7701.0 )
Couldn't predict at time  02:09 ( 7761.0 )
Couldn't predict at time  02:10 ( 7821.0 )
Couldn't predict at time  02:11 ( 7881.0 )
Couldn't predict at time  02:12 ( 7941.0 )
Couldn't predict at time  02:13 ( 8001.0 )
Couldn't predict at time  02:14 ( 8061.0 )
Couldn't predict at time  02:15 ( 8121.0 )
Couldn't predict at time  02:16 ( 8181.0 )
Couldn't predict at time  02:17 ( 8241.0 )
Couldn't predict at time  02:18 ( 8301.0 )
Couldn't predict at time  02:19 ( 8361.0 )
Couldn't predict at time  02:20 ( 8421.0 )
Couldn't predict at time  02:21 ( 8481.0 )
Couldn't predict at time  02:22 ( 8541.0 )
Couldn't predict at time  02:23 ( 8601.0 )
Couldn't predict at time  02:24 ( 8661.0 )
Couldn't predict at time  02:25 ( 8721.0 )
Couldn't predict at time  02:26 ( 8781.0 )
Couldn't predict at time  02:27 ( 8841.0 )
Couldn't predict at time  02:28 ( 8901.0 )
Couldn't predict at time  02:29 ( 8961.0 )
Couldn't predict at time  02:30 ( 9021.0 )
Couldn't predict at time  02:31 ( 9081.0 )
Couldn't predict at time  02:32 ( 9141.0 )
Couldn't predict at time  02:33 ( 9201.0 )
Couldn't predict at time  02:34 ( 9261.0 )
Couldn't predict at time  02:35 ( 9321.0 )
Couldn't predict at time  02:36 ( 9381.0 )
Couldn't predict at time  02:37 ( 9441.0 )
Couldn't predict at time  02:38 ( 9501.0 )
Couldn't predict at time  02:39 ( 9561.0 )
Couldn't predict at time  02:40 ( 9621.0 )
Couldn't predict at time  02:41 ( 9681.0 )
Couldn't predict at time  02:42 ( 9741.0 )
Couldn't predict at time  02:43 ( 9801.0 )
Couldn't predict at time  02:44 ( 9861.0 )
Couldn't predict at time  02:45 ( 9921.0 )
Couldn't predict at time  02:46 ( 9981.0 )
Couldn't predict at time  02:47 ( 10041.0 )
Couldn't predict at time  02:48 ( 10101.0 )
Couldn't predict at time  02:49 ( 10161.0 )
Couldn't predict at time  02:50 ( 10221.0 )
Couldn't predict at time  02:51 ( 10281.0 )
Couldn't predict at time  02:52 ( 10341.0 )
Couldn't predict at time  02:53 ( 10401.0 )
Couldn't predict at time  02:54 ( 10461.0 )
Couldn't predict at time  02:55 ( 10521.0 )
Couldn't predict at time  02:56 ( 10581.0 )
Couldn't predict at time  02:57 ( 10641.0 )
Couldn't predict at time  02:58 ( 10701.0 )
Couldn't predict at time  02:59 ( 10761.0 )
Couldn't predict at time  03:00 ( 10821.0 )
Couldn't predict at time  03:01 ( 10881.0 )
Couldn't predict at time  03:02 ( 10941.0 )
Couldn't predict at time  03:03 ( 11001.0 )
Couldn't predict at time  03:04 ( 11061.0 )
Couldn't predict at time  03:05 ( 11121.0 )
Couldn't predict at time  03:06 ( 11181.0 )
Couldn't predict at time  03:07 ( 11241.0 )
Couldn't predict at time  03:08 ( 11301.0 )
Couldn't predict at time  03:09 ( 11361.0 )
Couldn't predict at time  03:10 ( 11421.0 )
Couldn't predict at time  03:11 ( 11481.0 )
Couldn't predict at time  03:12 ( 11541.0 )
Couldn't predict at time  03:13 ( 11601.0 )
Couldn't predict at time  03:14 ( 11661.0 )
Couldn't predict at time  03:15 ( 11721.0 )
Couldn't predict at time  03:16 ( 11781.0 )
Couldn't predict at time  03:17 ( 11841.0 )
Couldn't predict at time  03:18 ( 11901.0 )
Couldn't predict at time  03:19 ( 11961.0 )
Couldn't predict at time  03:20 ( 12021.0 )
Couldn't predict at time  03:21 ( 12081.0 )
Couldn't predict at time  03:22 ( 12141.0 )
Couldn't predict at time  03:23 ( 12201.0 )
Couldn't predict at time  03:24 ( 12261.0 )
Couldn't predict at time  03:25 ( 12321.0 )
Couldn't predict at time  03:26 ( 12381.0 )
Couldn't predict at time  03:27 ( 12441.0 )
Couldn't predict at time  03:28 ( 12501.0 )
Couldn't predict at time  03:29 ( 12561.0 )
Couldn't predict at time  03:30 ( 12621.0 )
Couldn't predict at time  03:31 ( 12681.0 )
Couldn't predict at time  03:32 ( 12741.0 )
Couldn't predict at time  03:33 ( 12801.0 )
Couldn't predict at time  03:34 ( 12861.0 )
Couldn't predict at time  03:35 ( 12921.0 )
Couldn't predict at time  03:36 ( 12981.0 )
Couldn't predict at time  03:37 ( 13041.0 )
Couldn't predict at time  03:38 ( 13101.0 )
Couldn't predict at time  03:39 ( 13161.0 )
Couldn't predict at time  03:40 ( 13221.0 )
Couldn't predict at time  03:41 ( 13281.0 )
Couldn't predict at time  03:42 ( 13341.0 )
Couldn't predict at time  03:43 ( 13401.0 )
Couldn't predict at time  03:44 ( 13461.0 )
Couldn't predict at time  03:45 ( 13521.0 )
Couldn't predict at time  03:46 ( 13581.0 )
Couldn't predict at time  03:47 ( 13641.0 )
Couldn't predict at time  03:48 ( 13701.0 )
Couldn't predict at time  03:49 ( 13761.0 )
Couldn't predict at time  03:50 ( 13821.0 )
Couldn't predict at time  03:51 ( 13881.0 )
Couldn't predict at time  03:52 ( 13941.0 )
Couldn't predict at time  03:53 ( 14001.0 )
Couldn't predict at time  03:54 ( 14061.0 )
Couldn't predict at time  03:55 ( 14121.0 )
Couldn't predict at time  03:56 ( 14181.0 )
Couldn't predict at time  03:57 ( 14241.0 )
Couldn't predict at time  03:58 ( 14301.0 )
Couldn't predict at time  03:59 ( 14361.0 )
Couldn't predict at time  04:00 ( 14421.0 )
Couldn't predict at time  04:01 ( 14481.0 )
Couldn't predict at time  04:02 ( 14541.0 )
Couldn't predict at time  04:03 ( 14601.0 )
Couldn't predict at time  04:04 ( 14661.0 )
Couldn't predict at time  04:05 ( 14721.0 )
Couldn't predict at time  04:06 ( 14781.0 )
Couldn't predict at time  04:07 ( 14841.0 )
Couldn't predict at time  04:08 ( 14901.0 )
Couldn't predict at time  04:09 ( 14961.0 )
Couldn't predict at time  04:10 ( 15021.0 )
Couldn't predict at time  04:11 ( 15081.0 )
Couldn't predict at time  04:12 ( 15141.0 )
Couldn't predict at time  04:13 ( 15201.0 )
Couldn't predict at time  04:14 ( 15261.0 )
Couldn't predict at time  04:15 ( 15321.0 )
Couldn't predict at time  04:16 ( 15381.0 )
Couldn't predict at time  04:17 ( 15441.0 )
Couldn't predict at time  04:18 ( 15501.0 )
Couldn't predict at time  04:19 ( 15561.0 )
Couldn't predict at time  04:20 ( 15621.0 )
Couldn't predict at time  04:21 ( 15681.0 )
Couldn't predict at time  04:22 ( 15741.0 )
Couldn't predict at time  04:23 ( 15801.0 )
Couldn't predict at time  04:24 ( 15861.0 )
Couldn't predict at time  04:25 ( 15921.0 )
Couldn't predict at time  04:26 ( 15981.0 )
Couldn't predict at time  04:27 ( 16041.0 )
Couldn't predict at time  04:28 ( 16101.0 )
Couldn't predict at time  04:29 ( 16161.0 )
Couldn't predict at time  04:30 ( 16221.0 )
Couldn't predict at time  04:31 ( 16281.0 )
Couldn't predict at time  04:32 ( 16341.0 )
Couldn't predict at time  04:33 ( 16401.0 )
Couldn't predict at time  04:34 ( 16461.0 )
Couldn't predict at time  04:35 ( 16521.0 )
Couldn't predict at time  04:36 ( 16581.0 )
Couldn't predict at time  04:37 ( 16641.0 )
Couldn't predict at time  04:38 ( 16701.0 )
Couldn't predict at time  04:39 ( 16761.0 )
Couldn't predict at time  04:40 ( 16821.0 )
Couldn't predict at time  04:41 ( 16881.0 )
Couldn't predict at time  04:42 ( 16941.0 )
Couldn't predict at time  04:43 ( 17001.0 )
Couldn't predict at time  04:44 ( 17061.0 )
Couldn't predict at time  04:45 ( 17121.0 )
Couldn't predict at time  04:46 ( 17181.0 )
Couldn't predict at time  04:47 ( 17241.0 )
Couldn't predict at time  04:48 ( 17301.0 )
Couldn't predict at time  04:49 ( 17361.0 )
Couldn't predict at time  04:50 ( 17421.0 )
Couldn't predict at time  04:51 ( 17481.0 )
Couldn't predict at time  04:52 ( 17541.0 )
Couldn't predict at time  04:53 ( 17601.0 )
Couldn't predict at time  04:54 ( 17661.0 )
Couldn't predict at time  04:55 ( 17721.0 )
Couldn't predict at time  04:56 ( 17781.0 )
Couldn't predict at time  04:57 ( 17841.0 )
Couldn't predict at time  04:58 ( 17901.0 )
Couldn't predict at time  04:59 ( 17961.0 )
Couldn't predict at time  05:00 ( 18021.0 )
Couldn't predict at time  05:01 ( 18081.0 )
Couldn't predict at time  05:02 ( 18141.0 )
Couldn't predict at time  05:03 ( 18201.0 )
Couldn't predict at time  05:04 ( 18261.0 )
Couldn't predict at time  05:05 ( 18321.0 )
Couldn't predict at time  05:06 ( 18381.0 )
Couldn't predict at time  05:07 ( 18441.0 )
Couldn't predict at time  05:08 ( 18501.0 )
Couldn't predict at time  05:09 ( 18561.0 )
Couldn't predict at time  05:10 ( 18621.0 )
Couldn't predict at time  05:11 ( 18681.0 )
Couldn't predict at time  05:12 ( 18741.0 )
Couldn't predict at time  05:13 ( 18801.0 )
Couldn't predict at time  05:14 ( 18861.0 )
Couldn't predict at time  05:15 ( 18921.0 )
Couldn't predict at time  05:16 ( 18981.0 )
Couldn't predict at time  05:17 ( 19041.0 )
Couldn't predict at time  05:18 ( 19101.0 )
Couldn't predict at time  05:19 ( 19161.0 )
Couldn't predict at time  05:20 ( 19221.0 )
Couldn't predict at time  05:21 ( 19281.0 )
Couldn't predict at time  05:22 ( 19341.0 )
Couldn't predict at time  05:23 ( 19401.0 )
Couldn't predict at time  05:24 ( 19461.0 )
Couldn't predict at time  05:25 ( 19521.0 )
Couldn't predict at time  05:26 ( 19581.0 )
Couldn't predict at time  05:27 ( 19641.0 )
Couldn't predict at time  05:28 ( 19701.0 )
Couldn't predict at time  05:29 ( 19761.0 )
Couldn't predict at time  05:30 ( 19821.0 )
Couldn't predict at time  05:31 ( 19881.0 )
Couldn't predict at time  05:32 ( 19941.0 )
Couldn't predict at time  05:33 ( 20001.0 )
Couldn't predict at time  05:34 ( 20061.0 )
Couldn't predict at time  05:35 ( 20121.0 )
Couldn't predict at time  05:36 ( 20181.0 )
Couldn't predict at time  05:37 ( 20241.0 )
Couldn't predict at time  05:38 ( 20301.0 )
Couldn't predict at time  05:39 ( 20361.0 )
Couldn't predict at time  05:40 ( 20421.0 )
Couldn't predict at time  05:41 ( 20481.0 )
Couldn't predict at time  05:42 ( 20541.0 )
Couldn't predict at time  05:43 ( 20601.0 )
Couldn't predict at time  05:44 ( 20661.0 )
Couldn't predict at time  05:45 ( 20721.0 )
Couldn't predict at time  05:46 ( 20781.0 )
Couldn't predict at time  05:47 ( 20841.0 )
Couldn't predict at time  05:48 ( 20901.0 )
Couldn't predict at time  05:49 ( 20961.0 )
Couldn't predict at time  05:50 ( 21021.0 )
Couldn't predict at time  05:51 ( 21081.0 )
Couldn't predict at time  05:52 ( 21141.0 )
Couldn't predict at time  05:53 ( 21201.0 )
Couldn't predict at time  05:54 ( 21261.0 )
Couldn't predict at time  05:55 ( 21321.0 )
Couldn't predict at time  05:56 ( 21381.0 )
Couldn't predict at time  05:57 ( 21441.0 )
Couldn't predict at time  05:58 ( 21501.0 )
Couldn't predict at time  05:59 ( 21561.0 )
Couldn't predict at time  06:00 ( 21621.0 )
Couldn't predict at time  06:01 ( 21681.0 )
Couldn't predict at time  06:02 ( 21741.0 )
Couldn't predict at time  06:03 ( 21801.0 )
Couldn't predict at time  06:04 ( 21861.0 )
Couldn't predict at time  06:05 ( 21921.0 )
Couldn't predict at time  06:06 ( 21981.0 )
Couldn't predict at time  06:07 ( 22041.0 )
Couldn't predict at time  06:08 ( 22101.0 )
Couldn't predict at time  06:09 ( 22161.0 )
Couldn't predict at time  06:10 ( 22221.0 )
Couldn't predict at time  06:11 ( 22281.0 )
Couldn't predict at time  06:12 ( 22341.0 )
Couldn't predict at time  06:13 ( 22401.0 )
Couldn't predict at time  06:14 ( 22461.0 )
Couldn't predict at time  06:15 ( 22521.0 )
Couldn't predict at time  06:16 ( 22581.0 )
Couldn't predict at time  06:17 ( 22641.0 )
Couldn't predict at time  06:18 ( 22701.0 )
Couldn't predict at time  06:19 ( 22761.0 )
Couldn't predict at time  06:20 ( 22821.0 )
Couldn't predict at time  06:21 ( 22881.0 )
Couldn't predict at time  06:22 ( 22941.0 )
Couldn't predict at time  06:23 ( 23001.0 )
Couldn't predict at time  06:24 ( 23061.0 )
Couldn't predict at time  06:25 ( 23121.0 )
Couldn't predict at time  06:26 ( 23181.0 )
Couldn't predict at time  06:27 ( 23241.0 )
Couldn't predict at time  06:28 ( 23301.0 )
Couldn't predict at time  06:29 ( 23361.0 )
Couldn't predict at time  06:30 ( 23421.0 )
Couldn't predict at time  06:31 ( 23481.0 )
Couldn't predict at time  06:32 ( 23541.0 )
Couldn't predict at time  06:33 ( 23601.0 )
Couldn't predict at time  06:34 ( 23661.0 )
Couldn't predict at time  06:35 ( 23721.0 )
Couldn't predict at time  06:36 ( 23781.0 )
Couldn't predict at time  06:37 ( 23841.0 )
Couldn't predict at time  06:38 ( 23901.0 )
Couldn't predict at time  06:39 ( 23961.0 )
Couldn't predict at time  06:40 ( 24021.0 )
Couldn't predict at time  06:41 ( 24081.0 )
Couldn't predict at time  06:42 ( 24141.0 )
Couldn't predict at time  06:43 ( 24201.0 )
Couldn't predict at time  06:44 ( 24261.0 )
Couldn't predict at time  06:45 ( 24321.0 )
Couldn't predict at time  06:46 ( 24381.0 )
Couldn't predict at time  06:47 ( 24441.0 )
Couldn't predict at time  06:48 ( 24501.0 )
Couldn't predict at time  06:49 ( 24561.0 )
Couldn't predict at time  06:50 ( 24621.0 )
Couldn't predict at time  06:51 ( 24681.0 )
Couldn't predict at time  06:52 ( 24741.0 )
Couldn't predict at time  06:53 ( 24801.0 )
Couldn't predict at time  06:54 ( 24861.0 )
Couldn't predict at time  06:55 ( 24921.0 )
Couldn't predict at time  06:56 ( 24981.0 )
Couldn't predict at time  06:57 ( 25041.0 )
Couldn't predict at time  06:58 ( 25101.0 )
Couldn't predict at time  06:59 ( 25161.0 )
Couldn't predict at time  07:00 ( 25221.0 )
Couldn't predict at time  07:01 ( 25281.0 )
Couldn't predict at time  07:02 ( 25341.0 )
Couldn't predict at time  07:03 ( 25401.0 )
Couldn't predict at time  07:04 ( 25461.0 )
Couldn't predict at time  07:05 ( 25521.0 )
Couldn't predict at time  07:06 ( 25581.0 )
Couldn't predict at time  07:07 ( 25641.0 )
Couldn't predict at time  07:08 ( 25701.0 )
Couldn't predict at time  07:09 ( 25761.0 )
Couldn't predict at time  07:10 ( 25821.0 )
Couldn't predict at time  07:11 ( 25881.0 )
Couldn't predict at time  07:12 ( 25941.0 )
Couldn't predict at time  07:13 ( 26001.0 )
Couldn't predict at time  07:14 ( 26061.0 )
Couldn't predict at time  07:15 ( 26121.0 )
Couldn't predict at time  07:16 ( 26181.0 )
Couldn't predict at time  07:17 ( 26241.0 )
Couldn't predict at time  07:18 ( 26301.0 )
Couldn't predict at time  07:19 ( 26361.0 )
Couldn't predict at time  07:20 ( 26421.0 )
Couldn't predict at time  07:21 ( 26481.0 )
Couldn't predict at time  07:22 ( 26541.0 )
Couldn't predict at time  07:23 ( 26601.0 )
Couldn't predict at time  07:24 ( 26661.0 )
Couldn't predict at time  07:25 ( 26721.0 )
Couldn't predict at time  07:26 ( 26781.0 )
Couldn't predict at time  07:27 ( 26841.0 )
Couldn't predict at time  07:28 ( 26901.0 )
Couldn't predict at time  07:29 ( 26961.0 )
Couldn't predict at time  07:30 ( 27021.0 )
Couldn't predict at time  07:31 ( 27081.0 )
Couldn't predict at time  07:32 ( 27141.0 )
Couldn't predict at time  07:33 ( 27201.0 )
Couldn't predict at time  07:34 ( 27261.0 )
Couldn't predict at time  07:35 ( 27321.0 )
Couldn't predict at time  07:36 ( 27381.0 )
Couldn't predict at time  07:37 ( 27441.0 )
Couldn't predict at time  07:38 ( 27501.0 )
Couldn't predict at time  07:39 ( 27561.0 )
Couldn't predict at time  07:40 ( 27621.0 )
Couldn't predict at time  07:41 ( 27681.0 )
Couldn't predict at time  07:42 ( 27741.0 )
Couldn't predict at time  07:43 ( 27801.0 )
Couldn't predict at time  07:44 ( 27861.0 )
Couldn't predict at time  07:45 ( 27921.0 )
Couldn't predict at time  07:46 ( 27981.0 )
Couldn't predict at time  07:47 ( 28041.0 )
Couldn't predict at time  07:48 ( 28101.0 )
Couldn't predict at time  07:49 ( 28161.0 )
Couldn't predict at time  07:50 ( 28221.0 )
Couldn't predict at time  07:51 ( 28281.0 )
Couldn't predict at time  07:52 ( 28341.0 )
Couldn't predict at time  07:53 ( 28401.0 )
Couldn't predict at time  07:54 ( 28461.0 )
Couldn't predict at time  07:55 ( 28521.0 )
Couldn't predict at time  07:56 ( 28581.0 )
Couldn't predict at time  07:57 ( 28641.0 )
Couldn't predict at time  07:58 ( 28701.0 )
Couldn't predict at time  07:59 ( 28761.0 )
Couldn't predict at time  08:00 ( 28821.0 )
Couldn't predict at time  08:01 ( 28881.0 )
Couldn't predict at time  08:02 ( 28941.0 )
Couldn't predict at time  08:03 ( 29001.0 )
Couldn't predict at time  08:04 ( 29061.0 )
Couldn't predict at time  08:05 ( 29121.0 )
Couldn't predict at time  08:06 ( 29181.0 )
Couldn't predict at time  08:07 ( 29241.0 )
Couldn't predict at time  08:08 ( 29301.0 )
Couldn't predict at time  08:09 ( 29361.0 )
Couldn't predict at time  08:10 ( 29421.0 )
Couldn't predict at time  08:11 ( 29481.0 )
Couldn't predict at time  08:12 ( 29541.0 )
Couldn't predict at time  08:13 ( 29601.0 )
Couldn't predict at time  08:14 ( 29661.0 )
Couldn't predict at time  08:15 ( 29721.0 )
Couldn't predict at time  08:16 ( 29781.0 )
Couldn't predict at time  08:17 ( 29841.0 )
Couldn't predict at time  08:18 ( 29901.0 )
Couldn't predict at time  08:19 ( 29961.0 )
Couldn't predict at time  08:20 ( 30021.0 )
Couldn't predict at time  08:21 ( 30081.0 )
Couldn't predict at time  08:22 ( 30141.0 )
Couldn't predict at time  08:23 ( 30201.0 )
Couldn't predict at time  08:24 ( 30261.0 )
Couldn't predict at time  08:25 ( 30321.0 )
Couldn't predict at time  08:26 ( 30381.0 )
Couldn't predict at time  08:27 ( 30441.0 )
Couldn't predict at time  08:28 ( 30501.0 )
Couldn't predict at time  08:29 ( 30561.0 )
Couldn't predict at time  08:30 ( 30621.0 )
Couldn't predict at time  08:31 ( 30681.0 )
Couldn't predict at time  08:32 ( 30741.0 )
Couldn't predict at time  08:33 ( 30801.0 )
Couldn't predict at time  08:34 ( 30861.0 )
Couldn't predict at time  08:35 ( 30921.0 )
Couldn't predict at time  08:36 ( 30981.0 )
Couldn't predict at time  08:37 ( 31041.0 )
Couldn't predict at time  08:38 ( 31101.0 )
Couldn't predict at time  08:39 ( 31161.0 )
Couldn't predict at time  08:40 ( 31221.0 )
Couldn't predict at time  08:41 ( 31281.0 )
Couldn't predict at time  08:42 ( 31341.0 )
Couldn't predict at time  08:43 ( 31401.0 )
Couldn't predict at time  08:44 ( 31461.0 )
Couldn't predict at time  08:45 ( 31521.0 )
Couldn't predict at time  08:46 ( 31581.0 )
Couldn't predict at time  08:47 ( 31641.0 )
Couldn't predict at time  08:48 ( 31701.0 )
Couldn't predict at time  08:49 ( 31761.0 )
Couldn't predict at time  08:50 ( 31821.0 )
Couldn't predict at time  08:51 ( 31881.0 )
Couldn't predict at time  08:52 ( 31941.0 )
Couldn't predict at time  08:53 ( 32001.0 )
Couldn't predict at time  08:54 ( 32061.0 )
Couldn't predict at time  08:55 ( 32121.0 )
Couldn't predict at time  08:56 ( 32181.0 )
Couldn't predict at time  08:57 ( 32241.0 )
Couldn't predict at time  08:58 ( 32301.0 )
Couldn't predict at time  08:59 ( 32361.0 )
Couldn't predict at time  09:00 ( 32421.0 )
Couldn't predict at time  09:01 ( 32481.0 )
Vehicles: [5.0, 0.0, 4.0, 0.0]
Corresponsing times: [30, 10, 30, 10]
Fog down for  321 s at 09:06 ( 32781.0 )
Vehicles: [13.0, 2.0, 12.0, 0.0]
Corresponsing times: [30, 10, 30, 10]
Fog down for  21 s at 09:11 ( 33081.0 )
Vehicles: [17.0, 0.0, 8.0, 0.0]
Corresponsing times: [30, 10, 30, 10]
Vehicles: [514, 187]
Corresponsing times: [30, 30]
Vehicles: [609, 407]
Corresponsing times: [30, 30]
Vehicles: [484, 377]
Corresponsing times: [30, 30]
Vehicles: [411, 304]
Corresponsing times: [30, 30]
Vehicles: [505, 235]
Corresponsing times: [30, 30]
Fog down for  589 s at 09:41 ( 34896.0 )
Vehicles: [14.0, 1.0, 21.0, 1.0]
Corresponsing times: [30, 10, 30, 10]
Fog down for  289 s at 09:46 ( 35196.0 )
Vehicles: [15.0, 2.0, 27.0, 1.0]
Corresponsing times: [30, 10, 30, 10]
Fog down for  586 s at 09:51 ( 35496.0 )
Vehicles: [12.0, 2.0, 10.0, 2.0]
Corresponsing times: [30, 10, 30, 10]
Fog down for  286 s at 09:56 ( 35796.0 )
Vehicles: [11.0, 1.0, 19.0, 1.0]
Corresponsing times: [30, 10, 30, 10]
Vehicles: [574, 177]
Corresponsing times: [30, 28.282290279627166]
Vehicles: [435, 426]
Corresponsing times: [30, 30]
Fog down for  547 s at 10:11 ( 36702.0 )
Vehicles: [13.0, 2.0, 12.0, 0.0]
Corresponsing times: [30, 10, 30, 10]
Fog down for  247 s at 10:16 ( 37002.0 )
Vehicles: [21.0, 4.0, 18.0, 0.0]
Corresponsing times: [30, 11.162790697674419, 30, 10]
Vehicles: [313, 195]
Corresponsing times: [30, 30]
Vehicles: [373, 406]
Corresponsing times: [30, 30]
Vehicles: [479, 394]
Corresponsing times: [30, 30]
Vehicles: [546, 435]
Corresponsing times: [30, 30]
Vehicles: [489, 282]
Corresponsing times: [30, 30]
Vehicles: [655, 256]
Corresponsing times: [30, 30]
Vehicles: [421, 377]
Corresponsing times: [30, 30]
Vehicles: [528, 266]
Corresponsing times: [30, 30]
Vehicles: [533, 275]
Corresponsing times: [30, 30]
Vehicles: [454, 359]
Corresponsing times: [30, 30]
Vehicles: [421, 244]
Corresponsing times: [30, 30]
Vehicles: [392, 246]
Corresponsing times: [30, 30]
Vehicles: [380, 271]
Corresponsing times: [30, 30]
Vehicles: [292, 243]
Corresponsing times: [30, 30]
Vehicles: [249, 267]
Corresponsing times: [30, 30]
Vehicles: [416, 303]
Corresponsing times: [30, 30]
Vehicles: [389, 243]
Corresponsing times: [30, 30]
Vehicles: [539, 232]
Corresponsing times: [30, 30]
Fog down for  555 s at 11:52 ( 42756.0 )
Vehicles: [20.0, 5.0, 13.0, 0.0]
Corresponsing times: [30, 15.789473684210526, 30, 10]
Fog down for  255 s at 11:57 ( 43056.0 )
Vehicles: [14.0, 5.0, 10.0, 0.0]
Corresponsing times: [30, 20.689655172413794, 30, 10]
Fog down for  574 s at 12:02 ( 43356.0 )
Couldn't predict at time  12:03 ( 43416.0 )
Couldn't predict at time  12:04 ( 43476.0 )
Couldn't predict at time  12:05 ( 43536.0 )
Couldn't predict at time  12:06 ( 43596.0 )
Couldn't predict at time  12:07 ( 43656.0 )
Couldn't predict at time  12:08 ( 43716.0 )
Couldn't predict at time  12:09 ( 43776.0 )
Couldn't predict at time  12:10 ( 43836.0 )
Couldn't predict at time  12:11 ( 43896.0 )
Couldn't predict at time  12:12 ( 43956.0 )
Couldn't predict at time  12:13 ( 44016.0 )
Couldn't predict at time  12:14 ( 44076.0 )
Couldn't predict at time  12:15 ( 44136.0 )
Couldn't predict at time  12:16 ( 44196.0 )
Couldn't predict at time  12:17 ( 44256.0 )
Couldn't predict at time  12:18 ( 44316.0 )
Couldn't predict at time  12:19 ( 44376.0 )
Couldn't predict at time  12:20 ( 44436.0 )
Couldn't predict at time  12:21 ( 44496.0 )
Couldn't predict at time  12:22 ( 44556.0 )
Couldn't predict at time  12:23 ( 44616.0 )
Couldn't predict at time  12:24 ( 44676.0 )
Couldn't predict at time  12:25 ( 44736.0 )
Couldn't predict at time  12:26 ( 44796.0 )
Couldn't predict at time  12:27 ( 44856.0 )
Couldn't predict at time  12:28 ( 44916.0 )
Couldn't predict at time  12:29 ( 44976.0 )
Couldn't predict at time  12:30 ( 45036.0 )
Couldn't predict at time  12:31 ( 45096.0 )
Couldn't predict at time  12:32 ( 45156.0 )
Couldn't predict at time  12:33 ( 45216.0 )
Couldn't predict at time  12:34 ( 45276.0 )
Couldn't predict at time  12:35 ( 45336.0 )
Couldn't predict at time  12:36 ( 45396.0 )
Couldn't predict at time  12:37 ( 45456.0 )
Couldn't predict at time  12:38 ( 45516.0 )
Couldn't predict at time  12:39 ( 45576.0 )
Couldn't predict at time  12:40 ( 45636.0 )
Couldn't predict at time  12:41 ( 45696.0 )
Couldn't predict at time  12:42 ( 45756.0 )
Couldn't predict at time  12:43 ( 45816.0 )
Couldn't predict at time  12:44 ( 45876.0 )
Couldn't predict at time  12:45 ( 45936.0 )
Couldn't predict at time  12:46 ( 45996.0 )
Couldn't predict at time  12:47 ( 46056.0 )
Couldn't predict at time  12:48 ( 46116.0 )
Couldn't predict at time  12:49 ( 46176.0 )
Couldn't predict at time  12:50 ( 46236.0 )
Couldn't predict at time  12:51 ( 46296.0 )
Couldn't predict at time  12:52 ( 46356.0 )
Couldn't predict at time  12:53 ( 46416.0 )
Couldn't predict at time  12:54 ( 46476.0 )
Couldn't predict at time  12:55 ( 46536.0 )
Couldn't predict at time  12:56 ( 46596.0 )
Couldn't predict at time  12:57 ( 46656.0 )
Couldn't predict at time  12:58 ( 46716.0 )
Couldn't predict at time  12:59 ( 46776.0 )
Couldn't predict at time  13:00 ( 46836.0 )
Couldn't predict at time  13:01 ( 46896.0 )
Couldn't predict at time  13:02 ( 46956.0 )
Couldn't predict at time  13:03 ( 47016.0 )
Couldn't predict at time  13:04 ( 47076.0 )
Couldn't predict at time  13:05 ( 47136.0 )
Couldn't predict at time  13:06 ( 47196.0 )
Couldn't predict at time  13:07 ( 47256.0 )
Couldn't predict at time  13:08 ( 47316.0 )
Couldn't predict at time  13:09 ( 47376.0 )
Couldn't predict at time  13:10 ( 47436.0 )
Couldn't predict at time  13:11 ( 47496.0 )
Couldn't predict at time  13:12 ( 47556.0 )
Couldn't predict at time  13:13 ( 47616.0 )
Couldn't predict at time  13:14 ( 47676.0 )
Couldn't predict at time  13:15 ( 47736.0 )
Couldn't predict at time  13:16 ( 47796.0 )
Couldn't predict at time  13:17 ( 47856.0 )
Couldn't predict at time  13:18 ( 47916.0 )
Couldn't predict at time  13:19 ( 47976.0 )
Couldn't predict at time  13:20 ( 48036.0 )
Couldn't predict at time  13:21 ( 48096.0 )
Couldn't predict at time  13:22 ( 48156.0 )
Couldn't predict at time  13:23 ( 48216.0 )
Couldn't predict at time  13:24 ( 48276.0 )
Couldn't predict at time  13:25 ( 48336.0 )
Couldn't predict at time  13:26 ( 48396.0 )
Couldn't predict at time  13:27 ( 48456.0 )
Couldn't predict at time  13:28 ( 48516.0 )
Couldn't predict at time  13:29 ( 48576.0 )
Couldn't predict at time  13:30 ( 48636.0 )
Couldn't predict at time  13:31 ( 48696.0 )
Couldn't predict at time  13:32 ( 48756.0 )
Couldn't predict at time  13:33 ( 48816.0 )
Couldn't predict at time  13:34 ( 48876.0 )
Couldn't predict at time  13:35 ( 48936.0 )
Couldn't predict at time  13:36 ( 48996.0 )
Couldn't predict at time  13:37 ( 49056.0 )
Couldn't predict at time  13:38 ( 49116.0 )
Couldn't predict at time  13:39 ( 49176.0 )
Couldn't predict at time  13:40 ( 49236.0 )
Couldn't predict at time  13:41 ( 49296.0 )
Couldn't predict at time  13:42 ( 49356.0 )
Couldn't predict at time  13:43 ( 49416.0 )
Couldn't predict at time  13:44 ( 49476.0 )
Couldn't predict at time  13:45 ( 49536.0 )
Couldn't predict at time  13:46 ( 49596.0 )
Couldn't predict at time  13:47 ( 49656.0 )
Couldn't predict at time  13:48 ( 49716.0 )
Couldn't predict at time  13:49 ( 49776.0 )
Couldn't predict at time  13:50 ( 49836.0 )
Couldn't predict at time  13:51 ( 49896.0 )
Couldn't predict at time  13:52 ( 49956.0 )
Couldn't predict at time  13:53 ( 50016.0 )
Couldn't predict at time  13:54 ( 50076.0 )
Couldn't predict at time  13:55 ( 50136.0 )
Couldn't predict at time  13:56 ( 50196.0 )
Couldn't predict at time  13:57 ( 50256.0 )
Couldn't predict at time  13:58 ( 50316.0 )
Couldn't predict at time  13:59 ( 50376.0 )
Couldn't predict at time  14:00 ( 50436.0 )
Couldn't predict at time  14:01 ( 50496.0 )
Couldn't predict at time  14:02 ( 50556.0 )
Couldn't predict at time  14:03 ( 50616.0 )
Couldn't predict at time  14:04 ( 50676.0 )
Couldn't predict at time  14:05 ( 50736.0 )
Couldn't predict at time  14:06 ( 50796.0 )
Couldn't predict at time  14:07 ( 50856.0 )
Couldn't predict at time  14:08 ( 50916.0 )
Couldn't predict at time  14:09 ( 50976.0 )
Couldn't predict at time  14:10 ( 51036.0 )
Couldn't predict at time  14:11 ( 51096.0 )
Couldn't predict at time  14:12 ( 51156.0 )
Couldn't predict at time  14:13 ( 51216.0 )
Couldn't predict at time  14:14 ( 51276.0 )
Couldn't predict at time  14:15 ( 51336.0 )
Couldn't predict at time  14:16 ( 51396.0 )
Couldn't predict at time  14:17 ( 51456.0 )
Couldn't predict at time  14:18 ( 51516.0 )
Simulation over
