Added 1819 vehicles from proj/J/j1/j1_14_one.csv
Added 9603 vehicles from proj/J/j1/j1_14.csv
Added 10515 vehicles from proj/J/j2/j2_14_one.csv
Added 15170 vehicles from proj/J/j2/j2_14.csv
Added 16298 vehicles from proj/J/j3/j3_14_one.csv
Added 21389 vehicles from proj/J/j3/j3_14.csv
Added 22117 vehicles from proj/A/a2/a2_14_one.csv
Added 24512 vehicles from proj/A/a2/a2_14.csv
Added 28155 vehicles from proj/A/a3/a3_14_one.csv
Added 40312 vehicles from proj/A/a3/a3_14.csv
Added 41234 vehicles from proj/R/r1/r1_14_one.csv
Added 45722 vehicles from proj/R/r1/r1_14.csv
Added 47198 vehicles from proj/R/r2/r2_14_one.csv
Added 55372 vehicles from proj/R/r2/r2_14.csv
Added 60423 vehicles from proj/R/r3/r3_14.csv
Routes created

read 60423 elements.
wrote 60423 elements.
Routes sorte

 Retrying in 1 seconds
***Starting server on port 8813 ***
  waiting for 4 clients...
  client connected
  client connected
  client connected
  client connected
Loading net-file from 'data/../new/cross.net.xml' ... done (20ms).
Loading additional-files from 'data/cross.det.xml' ... done (3ms).
Loading done.
Simulation version 1.15.0 started with time: 0.00.
Simulation ended at time: 44640.00
Reason: TraCI requested termination.
Performance: 
 Duration: 92.04s
 TraCI-Duration: 13.25s
 Real time factor: 484.985
 UPS: 146053.083308
Vehicles: 
 Inserted: 60423
 Running: 0
 Waiting: 0
Statistics (avg of 60423):
 RouteLength: 1017.88
 Speed: 6.76
 Duration: 222.49
 WaitingTime: 91.70
 TimeLoss: 149.54
 DepartDelay: 2.36

