 Retrying in 1 seconds
Could not connect to TraCI server at localhost:8813 [Errno 111] Connection refused
 Retrying in 1 seconds
Could not connect to TraCI server at localhost:8813 [Errno 111] Connection refused
 Retrying in 1 seconds
Could not connect to TraCI server at localhost:8813 [Errno 111] Connection refused
 Retrying in 1 seconds
Could not connect to TraCI server at localhost:8813 [Errno 111] Connection refused
 Retrying in 1 seconds
Could not connect to TraCI server at localhost:8813 [Errno 111] Connection refused
 Retrying in 1 seconds
Could not connect to TraCI server at localhost:8813 [Errno 111] Connection refused
 Retrying in 1 seconds
Could not connect to TraCI server at localhost:8813 [Errno 111] Connection refused
 Retrying in 1 seconds
Could not connect to TraCI server at localhost:8813 [Errno 111] Connection refused
 Retrying in 1 seconds
Could not connect to TraCI server at localhost:8813 [Errno 111] Connection refused
 Retrying in 1 seconds
Could not connect to TraCI server at localhost:8813 [Errno 111] Connection refused
 Retrying in 1 seconds
Could not connect to TraCI server at localhost:8813 [Errno 111] Connection refused
 Retrying in 1 seconds
Could not connect to TraCI server at localhost:8813 [Errno 111] Connection refused
 Retrying in 1 seconds
Could not connect to TraCI server at localhost:8813 [Errno 111] Connection refused
 Retrying in 1 seconds
Could not connect to TraCI server at localhost:8813 [Errno 111] Connection refused
 Retrying in 1 seconds
Fog down for  587 s at 02:11 ( 7878.0 )
Couldn't predict at time  02:12 ( 7938.0 )
Couldn't predict at time  02:13 ( 7998.0 )
Couldn't predict at time  02:14 ( 8058.0 )
Couldn't predict at time  02:15 ( 8118.0 )
Couldn't predict at time  02:16 ( 8178.0 )
Couldn't predict at time  02:17 ( 8238.0 )
Couldn't predict at time  02:18 ( 8298.0 )
Couldn't predict at time  02:19 ( 8358.0 )
Couldn't predict at time  02:20 ( 8418.0 )
Couldn't predict at time  02:21 ( 8478.0 )
Couldn't predict at time  02:22 ( 8538.0 )
Couldn't predict at time  02:23 ( 8598.0 )
Couldn't predict at time  02:24 ( 8658.0 )
Couldn't predict at time  02:25 ( 8718.0 )
Couldn't predict at time  02:26 ( 8778.0 )
Couldn't predict at time  02:27 ( 8838.0 )
Couldn't predict at time  02:28 ( 8898.0 )
Couldn't predict at time  02:29 ( 8958.0 )
Couldn't predict at time  02:30 ( 9018.0 )
Couldn't predict at time  02:31 ( 9078.0 )
Couldn't predict at time  02:32 ( 9138.0 )
Couldn't predict at time  02:33 ( 9198.0 )
Couldn't predict at time  02:34 ( 9258.0 )
Couldn't predict at time  02:35 ( 9318.0 )
Couldn't predict at time  02:36 ( 9378.0 )
Couldn't predict at time  02:37 ( 9438.0 )
Couldn't predict at time  02:38 ( 9498.0 )
Couldn't predict at time  02:39 ( 9558.0 )
Couldn't predict at time  02:40 ( 9618.0 )
Couldn't predict at time  02:41 ( 9678.0 )
Couldn't predict at time  02:42 ( 9738.0 )
Couldn't predict at time  02:43 ( 9798.0 )
Couldn't predict at time  02:44 ( 9858.0 )
Couldn't predict at time  02:45 ( 9918.0 )
Couldn't predict at time  02:46 ( 9978.0 )
Couldn't predict at time  02:47 ( 10038.0 )
Couldn't predict at time  02:48 ( 10098.0 )
Couldn't predict at time  02:49 ( 10158.0 )
Couldn't predict at time  02:50 ( 10218.0 )
Couldn't predict at time  02:51 ( 10278.0 )
Couldn't predict at time  02:52 ( 10338.0 )
Couldn't predict at time  02:53 ( 10398.0 )
Couldn't predict at time  02:54 ( 10458.0 )
Couldn't predict at time  02:55 ( 10518.0 )
Couldn't predict at time  02:56 ( 10578.0 )
Couldn't predict at time  02:57 ( 10638.0 )
Couldn't predict at time  02:58 ( 10698.0 )
Couldn't predict at time  02:59 ( 10758.0 )
Couldn't predict at time  03:00 ( 10818.0 )
Couldn't predict at time  03:01 ( 10878.0 )
Couldn't predict at time  03:02 ( 10938.0 )
Couldn't predict at time  03:03 ( 10998.0 )
Couldn't predict at time  03:04 ( 11058.0 )
Couldn't predict at time  03:05 ( 11118.0 )
Couldn't predict at time  03:06 ( 11178.0 )
Couldn't predict at time  03:07 ( 11238.0 )
Couldn't predict at time  03:08 ( 11298.0 )
Couldn't predict at time  03:09 ( 11358.0 )
Couldn't predict at time  03:10 ( 11418.0 )
Couldn't predict at time  03:11 ( 11478.0 )
Couldn't predict at time  03:12 ( 11538.0 )
Couldn't predict at time  03:13 ( 11598.0 )
Couldn't predict at time  03:14 ( 11658.0 )
Couldn't predict at time  03:15 ( 11718.0 )
Couldn't predict at time  03:16 ( 11778.0 )
Couldn't predict at time  03:17 ( 11838.0 )
Couldn't predict at time  03:18 ( 11898.0 )
Couldn't predict at time  03:19 ( 11958.0 )
Couldn't predict at time  03:20 ( 12018.0 )
Couldn't predict at time  03:21 ( 12078.0 )
Couldn't predict at time  03:22 ( 12138.0 )
Couldn't predict at time  03:23 ( 12198.0 )
Couldn't predict at time  03:24 ( 12258.0 )
Couldn't predict at time  03:25 ( 12318.0 )
Couldn't predict at time  03:26 ( 12378.0 )
Couldn't predict at time  03:27 ( 12438.0 )
Couldn't predict at time  03:28 ( 12498.0 )
Couldn't predict at time  03:29 ( 12558.0 )
Couldn't predict at time  03:30 ( 12618.0 )
Couldn't predict at time  03:31 ( 12678.0 )
Couldn't predict at time  03:32 ( 12738.0 )
Couldn't predict at time  03:33 ( 12798.0 )
Couldn't predict at time  03:34 ( 12858.0 )
Couldn't predict at time  03:35 ( 12918.0 )
Couldn't predict at time  03:36 ( 12978.0 )
Couldn't predict at time  03:37 ( 13038.0 )
Couldn't predict at time  03:38 ( 13098.0 )
Couldn't predict at time  03:39 ( 13158.0 )
Couldn't predict at time  03:40 ( 13218.0 )
Couldn't predict at time  03:41 ( 13278.0 )
Couldn't predict at time  03:42 ( 13338.0 )
Couldn't predict at time  03:43 ( 13398.0 )
Couldn't predict at time  03:44 ( 13458.0 )
Couldn't predict at time  03:45 ( 13518.0 )
Couldn't predict at time  03:46 ( 13578.0 )
Couldn't predict at time  03:47 ( 13638.0 )
Couldn't predict at time  03:48 ( 13698.0 )
Couldn't predict at time  03:49 ( 13758.0 )
Couldn't predict at time  03:50 ( 13818.0 )
Couldn't predict at time  03:51 ( 13878.0 )
Couldn't predict at time  03:52 ( 13938.0 )
Couldn't predict at time  03:53 ( 13998.0 )
Couldn't predict at time  03:54 ( 14058.0 )
Couldn't predict at time  03:55 ( 14118.0 )
Couldn't predict at time  03:56 ( 14178.0 )
Couldn't predict at time  03:57 ( 14238.0 )
Couldn't predict at time  03:58 ( 14298.0 )
Couldn't predict at time  03:59 ( 14358.0 )
Couldn't predict at time  04:00 ( 14418.0 )
Couldn't predict at time  04:01 ( 14478.0 )
Couldn't predict at time  04:02 ( 14538.0 )
Couldn't predict at time  04:03 ( 14598.0 )
Couldn't predict at time  04:04 ( 14658.0 )
Couldn't predict at time  04:05 ( 14718.0 )
Couldn't predict at time  04:06 ( 14778.0 )
Couldn't predict at time  04:07 ( 14838.0 )
Couldn't predict at time  04:08 ( 14898.0 )
Couldn't predict at time  04:09 ( 14958.0 )
Couldn't predict at time  04:10 ( 15018.0 )
Couldn't predict at time  04:11 ( 15078.0 )
Couldn't predict at time  04:12 ( 15138.0 )
Couldn't predict at time  04:13 ( 15198.0 )
Couldn't predict at time  04:14 ( 15258.0 )
Couldn't predict at time  04:15 ( 15318.0 )
Couldn't predict at time  04:16 ( 15378.0 )
Couldn't predict at time  04:17 ( 15438.0 )
Couldn't predict at time  04:18 ( 15498.0 )
Couldn't predict at time  04:19 ( 15558.0 )
Couldn't predict at time  04:20 ( 15618.0 )
Couldn't predict at time  04:21 ( 15678.0 )
Couldn't predict at time  04:22 ( 15738.0 )
Couldn't predict at time  04:23 ( 15798.0 )
Couldn't predict at time  04:24 ( 15858.0 )
Couldn't predict at time  04:25 ( 15918.0 )
Couldn't predict at time  04:26 ( 15978.0 )
Couldn't predict at time  04:27 ( 16038.0 )
Couldn't predict at time  04:28 ( 16098.0 )
Couldn't predict at time  04:29 ( 16158.0 )
Couldn't predict at time  04:30 ( 16218.0 )
Couldn't predict at time  04:31 ( 16278.0 )
Couldn't predict at time  04:32 ( 16338.0 )
Couldn't predict at time  04:33 ( 16398.0 )
Couldn't predict at time  04:34 ( 16458.0 )
Couldn't predict at time  04:35 ( 16518.0 )
Couldn't predict at time  04:36 ( 16578.0 )
Couldn't predict at time  04:37 ( 16638.0 )
Couldn't predict at time  04:38 ( 16698.0 )
Couldn't predict at time  04:39 ( 16758.0 )
Couldn't predict at time  04:40 ( 16818.0 )
Couldn't predict at time  04:41 ( 16878.0 )
Couldn't predict at time  04:42 ( 16938.0 )
Couldn't predict at time  04:43 ( 16998.0 )
Couldn't predict at time  04:44 ( 17058.0 )
Couldn't predict at time  04:45 ( 17118.0 )
Couldn't predict at time  04:46 ( 17178.0 )
Couldn't predict at time  04:47 ( 17238.0 )
Couldn't predict at time  04:48 ( 17298.0 )
Couldn't predict at time  04:49 ( 17358.0 )
Couldn't predict at time  04:50 ( 17418.0 )
Couldn't predict at time  04:51 ( 17478.0 )
Couldn't predict at time  04:52 ( 17538.0 )
Couldn't predict at time  04:53 ( 17598.0 )
Couldn't predict at time  04:54 ( 17658.0 )
Couldn't predict at time  04:55 ( 17718.0 )
Couldn't predict at time  04:56 ( 17778.0 )
Couldn't predict at time  04:57 ( 17838.0 )
Couldn't predict at time  04:58 ( 17898.0 )
Couldn't predict at time  04:59 ( 17958.0 )
Couldn't predict at time  05:00 ( 18018.0 )
Couldn't predict at time  05:01 ( 18078.0 )
Couldn't predict at time  05:02 ( 18138.0 )
Couldn't predict at time  05:03 ( 18198.0 )
Couldn't predict at time  05:04 ( 18258.0 )
Couldn't predict at time  05:05 ( 18318.0 )
Couldn't predict at time  05:06 ( 18378.0 )
Couldn't predict at time  05:07 ( 18438.0 )
Couldn't predict at time  05:08 ( 18498.0 )
Couldn't predict at time  05:09 ( 18558.0 )
Couldn't predict at time  05:10 ( 18618.0 )
Couldn't predict at time  05:11 ( 18678.0 )
Couldn't predict at time  05:12 ( 18738.0 )
Couldn't predict at time  05:13 ( 18798.0 )
Couldn't predict at time  05:14 ( 18858.0 )
Couldn't predict at time  05:15 ( 18918.0 )
Couldn't predict at time  05:16 ( 18978.0 )
Couldn't predict at time  05:17 ( 19038.0 )
Couldn't predict at time  05:18 ( 19098.0 )
Couldn't predict at time  05:19 ( 19158.0 )
Couldn't predict at time  05:20 ( 19218.0 )
Couldn't predict at time  05:21 ( 19278.0 )
Couldn't predict at time  05:22 ( 19338.0 )
Couldn't predict at time  05:23 ( 19398.0 )
Couldn't predict at time  05:24 ( 19458.0 )
Couldn't predict at time  05:25 ( 19518.0 )
Couldn't predict at time  05:26 ( 19578.0 )
Couldn't predict at time  05:27 ( 19638.0 )
Couldn't predict at time  05:28 ( 19698.0 )
Couldn't predict at time  05:29 ( 19758.0 )
Couldn't predict at time  05:30 ( 19818.0 )
Couldn't predict at time  05:31 ( 19878.0 )
Couldn't predict at time  05:32 ( 19938.0 )
Couldn't predict at time  05:33 ( 19998.0 )
Couldn't predict at time  05:34 ( 20058.0 )
Couldn't predict at time  05:35 ( 20118.0 )
Couldn't predict at time  05:36 ( 20178.0 )
Couldn't predict at time  05:37 ( 20238.0 )
Couldn't predict at time  05:38 ( 20298.0 )
Couldn't predict at time  05:39 ( 20358.0 )
Couldn't predict at time  05:40 ( 20418.0 )
Couldn't predict at time  05:41 ( 20478.0 )
Couldn't predict at time  05:42 ( 20538.0 )
Couldn't predict at time  05:43 ( 20598.0 )
Couldn't predict at time  05:44 ( 20658.0 )
Couldn't predict at time  05:45 ( 20718.0 )
Couldn't predict at time  05:46 ( 20778.0 )
Couldn't predict at time  05:47 ( 20838.0 )
Couldn't predict at time  05:48 ( 20898.0 )
Couldn't predict at time  05:49 ( 20958.0 )
Couldn't predict at time  05:50 ( 21018.0 )
Couldn't predict at time  05:51 ( 21078.0 )
Couldn't predict at time  05:52 ( 21138.0 )
Couldn't predict at time  05:53 ( 21198.0 )
Couldn't predict at time  05:54 ( 21258.0 )
Couldn't predict at time  05:55 ( 21318.0 )
Couldn't predict at time  05:56 ( 21378.0 )
Couldn't predict at time  05:57 ( 21438.0 )
Couldn't predict at time  05:58 ( 21498.0 )
Couldn't predict at time  05:59 ( 21558.0 )
Couldn't predict at time  06:00 ( 21618.0 )
Couldn't predict at time  06:01 ( 21678.0 )
Couldn't predict at time  06:02 ( 21738.0 )
Couldn't predict at time  06:03 ( 21798.0 )
Couldn't predict at time  06:04 ( 21858.0 )
Couldn't predict at time  06:05 ( 21918.0 )
Couldn't predict at time  06:06 ( 21978.0 )
Couldn't predict at time  06:07 ( 22038.0 )
Couldn't predict at time  06:08 ( 22098.0 )
Couldn't predict at time  06:09 ( 22158.0 )
Couldn't predict at time  06:10 ( 22218.0 )
Couldn't predict at time  06:11 ( 22278.0 )
Couldn't predict at time  06:12 ( 22338.0 )
Couldn't predict at time  06:13 ( 22398.0 )
Couldn't predict at time  06:14 ( 22458.0 )
Couldn't predict at time  06:15 ( 22518.0 )
Couldn't predict at time  06:16 ( 22578.0 )
Couldn't predict at time  06:17 ( 22638.0 )
Couldn't predict at time  06:18 ( 22698.0 )
Couldn't predict at time  06:19 ( 22758.0 )
Couldn't predict at time  06:20 ( 22818.0 )
Couldn't predict at time  06:21 ( 22878.0 )
Couldn't predict at time  06:22 ( 22938.0 )
Couldn't predict at time  06:23 ( 22998.0 )
Couldn't predict at time  06:24 ( 23058.0 )
Couldn't predict at time  06:25 ( 23118.0 )
Couldn't predict at time  06:26 ( 23178.0 )
Couldn't predict at time  06:27 ( 23238.0 )
Couldn't predict at time  06:28 ( 23298.0 )
Couldn't predict at time  06:29 ( 23358.0 )
Couldn't predict at time  06:30 ( 23418.0 )
Couldn't predict at time  06:31 ( 23478.0 )
Couldn't predict at time  06:32 ( 23538.0 )
Couldn't predict at time  06:33 ( 23598.0 )
Couldn't predict at time  06:34 ( 23658.0 )
Couldn't predict at time  06:35 ( 23718.0 )
Couldn't predict at time  06:36 ( 23778.0 )
Couldn't predict at time  06:37 ( 23838.0 )
Couldn't predict at time  06:38 ( 23898.0 )
Couldn't predict at time  06:39 ( 23958.0 )
Couldn't predict at time  06:40 ( 24018.0 )
Couldn't predict at time  06:41 ( 24078.0 )
Couldn't predict at time  06:42 ( 24138.0 )
Couldn't predict at time  06:43 ( 24198.0 )
Couldn't predict at time  06:44 ( 24258.0 )
Couldn't predict at time  06:45 ( 24318.0 )
Couldn't predict at time  06:46 ( 24378.0 )
Couldn't predict at time  06:47 ( 24438.0 )
Couldn't predict at time  06:48 ( 24498.0 )
Couldn't predict at time  06:49 ( 24558.0 )
Couldn't predict at time  06:50 ( 24618.0 )
Couldn't predict at time  06:51 ( 24678.0 )
Couldn't predict at time  06:52 ( 24738.0 )
Couldn't predict at time  06:53 ( 24798.0 )
Couldn't predict at time  06:54 ( 24858.0 )
Couldn't predict at time  06:55 ( 24918.0 )
Couldn't predict at time  06:56 ( 24978.0 )
Couldn't predict at time  06:57 ( 25038.0 )
Couldn't predict at time  06:58 ( 25098.0 )
Couldn't predict at time  06:59 ( 25158.0 )
Couldn't predict at time  07:00 ( 25218.0 )
Couldn't predict at time  07:01 ( 25278.0 )
Couldn't predict at time  07:02 ( 25338.0 )
Couldn't predict at time  07:03 ( 25398.0 )
Couldn't predict at time  07:04 ( 25458.0 )
Couldn't predict at time  07:05 ( 25518.0 )
Couldn't predict at time  07:06 ( 25578.0 )
Couldn't predict at time  07:07 ( 25638.0 )
Couldn't predict at time  07:08 ( 25698.0 )
Couldn't predict at time  07:09 ( 25758.0 )
Couldn't predict at time  07:10 ( 25818.0 )
Couldn't predict at time  07:11 ( 25878.0 )
Couldn't predict at time  07:12 ( 25938.0 )
Couldn't predict at time  07:13 ( 25998.0 )
Couldn't predict at time  07:14 ( 26058.0 )
Couldn't predict at time  07:15 ( 26118.0 )
Couldn't predict at time  07:16 ( 26178.0 )
Couldn't predict at time  07:17 ( 26238.0 )
Couldn't predict at time  07:18 ( 26298.0 )
Couldn't predict at time  07:19 ( 26358.0 )
Couldn't predict at time  07:20 ( 26418.0 )
Couldn't predict at time  07:21 ( 26478.0 )
Couldn't predict at time  07:22 ( 26538.0 )
Couldn't predict at time  07:23 ( 26598.0 )
Couldn't predict at time  07:24 ( 26658.0 )
Couldn't predict at time  07:25 ( 26718.0 )
Couldn't predict at time  07:26 ( 26778.0 )
Couldn't predict at time  07:27 ( 26838.0 )
Couldn't predict at time  07:28 ( 26898.0 )
Couldn't predict at time  07:29 ( 26958.0 )
Couldn't predict at time  07:30 ( 27018.0 )
Couldn't predict at time  07:31 ( 27078.0 )
Couldn't predict at time  07:32 ( 27138.0 )
Couldn't predict at time  07:33 ( 27198.0 )
Couldn't predict at time  07:34 ( 27258.0 )
Couldn't predict at time  07:35 ( 27318.0 )
Couldn't predict at time  07:36 ( 27378.0 )
Couldn't predict at time  07:37 ( 27438.0 )
Couldn't predict at time  07:38 ( 27498.0 )
Couldn't predict at time  07:39 ( 27558.0 )
Couldn't predict at time  07:40 ( 27618.0 )
Couldn't predict at time  07:41 ( 27678.0 )
Couldn't predict at time  07:42 ( 27738.0 )
Couldn't predict at time  07:43 ( 27798.0 )
Couldn't predict at time  07:44 ( 27858.0 )
Couldn't predict at time  07:45 ( 27918.0 )
Couldn't predict at time  07:46 ( 27978.0 )
Couldn't predict at time  07:47 ( 28038.0 )
Couldn't predict at time  07:48 ( 28098.0 )
Couldn't predict at time  07:49 ( 28158.0 )
Couldn't predict at time  07:50 ( 28218.0 )
Couldn't predict at time  07:51 ( 28278.0 )
Couldn't predict at time  07:52 ( 28338.0 )
Couldn't predict at time  07:53 ( 28398.0 )
Couldn't predict at time  07:54 ( 28458.0 )
Couldn't predict at time  07:55 ( 28518.0 )
Couldn't predict at time  07:56 ( 28578.0 )
Couldn't predict at time  07:57 ( 28638.0 )
Couldn't predict at time  07:58 ( 28698.0 )
Couldn't predict at time  07:59 ( 28758.0 )
Couldn't predict at time  08:00 ( 28818.0 )
Couldn't predict at time  08:01 ( 28878.0 )
Couldn't predict at time  08:02 ( 28938.0 )
Couldn't predict at time  08:03 ( 28998.0 )
Couldn't predict at time  08:04 ( 29058.0 )
Couldn't predict at time  08:05 ( 29118.0 )
Couldn't predict at time  08:06 ( 29178.0 )
Couldn't predict at time  08:07 ( 29238.0 )
Couldn't predict at time  08:08 ( 29298.0 )
Couldn't predict at time  08:09 ( 29358.0 )
Couldn't predict at time  08:10 ( 29418.0 )
Couldn't predict at time  08:11 ( 29478.0 )
Couldn't predict at time  08:12 ( 29538.0 )
Couldn't predict at time  08:13 ( 29598.0 )
Couldn't predict at time  08:14 ( 29658.0 )
Couldn't predict at time  08:15 ( 29718.0 )
Couldn't predict at time  08:16 ( 29778.0 )
Couldn't predict at time  08:17 ( 29838.0 )
Couldn't predict at time  08:18 ( 29898.0 )
Couldn't predict at time  08:19 ( 29958.0 )
Couldn't predict at time  08:20 ( 30018.0 )
Couldn't predict at time  08:21 ( 30078.0 )
Couldn't predict at time  08:22 ( 30138.0 )
Couldn't predict at time  08:23 ( 30198.0 )
Couldn't predict at time  08:24 ( 30258.0 )
Couldn't predict at time  08:25 ( 30318.0 )
Couldn't predict at time  08:26 ( 30378.0 )
Couldn't predict at time  08:27 ( 30438.0 )
Couldn't predict at time  08:28 ( 30498.0 )
Couldn't predict at time  08:29 ( 30558.0 )
Couldn't predict at time  08:30 ( 30618.0 )
Couldn't predict at time  08:31 ( 30678.0 )
Couldn't predict at time  08:32 ( 30738.0 )
Couldn't predict at time  08:33 ( 30798.0 )
Couldn't predict at time  08:34 ( 30858.0 )
Couldn't predict at time  08:35 ( 30918.0 )
Couldn't predict at time  08:36 ( 30978.0 )
Couldn't predict at time  08:37 ( 31038.0 )
Couldn't predict at time  08:38 ( 31098.0 )
Couldn't predict at time  08:39 ( 31158.0 )
Couldn't predict at time  08:40 ( 31218.0 )
Couldn't predict at time  08:41 ( 31278.0 )
Couldn't predict at time  08:42 ( 31338.0 )
Couldn't predict at time  08:43 ( 31398.0 )
Couldn't predict at time  08:44 ( 31458.0 )
Couldn't predict at time  08:45 ( 31518.0 )
Couldn't predict at time  08:46 ( 31578.0 )
Couldn't predict at time  08:47 ( 31638.0 )
Couldn't predict at time  08:48 ( 31698.0 )
Couldn't predict at time  08:49 ( 31758.0 )
Couldn't predict at time  08:50 ( 31818.0 )
Couldn't predict at time  08:51 ( 31878.0 )
Couldn't predict at time  08:52 ( 31938.0 )
Couldn't predict at time  08:53 ( 31998.0 )
Couldn't predict at time  08:54 ( 32058.0 )
Couldn't predict at time  08:55 ( 32118.0 )
Couldn't predict at time  08:56 ( 32178.0 )
Couldn't predict at time  08:57 ( 32238.0 )
Couldn't predict at time  08:58 ( 32298.0 )
Couldn't predict at time  08:59 ( 32358.0 )
Couldn't predict at time  09:00 ( 32418.0 )
Vehicles: [0.0, 5.0]
Corresponsing times: [10, 30]
Fog down for  287 s at 09:05 ( 32718.0 )
Vehicles: [42.0, 59.0]
Corresponsing times: [30, 30]
Vehicles: [270, 220]
Corresponsing times: [30, 30]
Vehicles: [159, 256]
Corresponsing times: [30, 30]
Vehicles: [157, 169]
Corresponsing times: [30, 30]
Vehicles: [202, 203]
Corresponsing times: [30, 30]
Vehicles: [317, 256]
Corresponsing times: [30, 30]
Vehicles: [611, 219]
Corresponsing times: [30, 30]
Vehicles: [497, 234]
Corresponsing times: [30, 30]
Vehicles: [377, 274]
Corresponsing times: [30, 30]
Vehicles: [486, 204]
Corresponsing times: [30, 30]
Vehicles: [347, 248]
Corresponsing times: [30, 30]
Vehicles: [166, 238]
Corresponsing times: [30, 30]
Vehicles: [182, 225]
Corresponsing times: [30, 30]
Vehicles: [210, 213]
Corresponsing times: [30, 30]
Vehicles: [286, 268]
Corresponsing times: [30, 30]
Vehicles: [307, 224]
Corresponsing times: [30, 30]
Vehicles: [321, 278]
Corresponsing times: [30, 30]
Vehicles: [397, 313]
Corresponsing times: [30, 30]
Vehicles: [400, 225]
Corresponsing times: [30, 30]
Vehicles: [289, 242]
Corresponsing times: [30, 30]
Vehicles: [440, 267]
Corresponsing times: [30, 30]
Vehicles: [587, 258]
Corresponsing times: [30, 30]
Vehicles: [531, 251]
Corresponsing times: [30, 30]
Vehicles: [444, 295]
Corresponsing times: [30, 30]
Vehicles: [584, 232]
Corresponsing times: [30, 30]
Vehicles: [452, 265]
Corresponsing times: [30, 30]
Vehicles: [453, 252]
Corresponsing times: [30, 30]
Vehicles: [603, 219]
Corresponsing times: [30, 30]
Vehicles: [511, 285]
Corresponsing times: [30, 30]
Vehicles: [449, 294]
Corresponsing times: [30, 30]
Vehicles: [501, 229]
Corresponsing times: [30, 30]
Vehicles: [441, 196]
Corresponsing times: [30, 30]
Vehicles: [432, 269]
Corresponsing times: [30, 30]
Vehicles: [536, 246]
Corresponsing times: [30, 30]
Vehicles: [614, 253]
Corresponsing times: [30, 30]
Vehicles: [548, 201]
Corresponsing times: [30, 30]
Vehicles: [413, 0]
Corresponsing times: [30, 10]
Simulation over
