Added 1528 vehicles from SUMO-Dataset/traffic/J/j1/j1_16_one.csv
Added 8165 vehicles from SUMO-Dataset/traffic/J/j1/j1_16.csv
Added 8966 vehicles from SUMO-Dataset/traffic/J/j2/j2_16_one.csv
Added 13016 vehicles from SUMO-Dataset/traffic/J/j2/j2_16.csv
Added 14083 vehicles from SUMO-Dataset/traffic/J/j3/j3_16_one.csv
Added 19251 vehicles from SUMO-Dataset/traffic/J/j3/j3_16.csv
Added 19952 vehicles from SUMO-Dataset/traffic/A/a2/a2_16_one.csv
Added 22198 vehicles from SUMO-Dataset/traffic/A/a2/a2_16.csv
Added 26159 vehicles from SUMO-Dataset/traffic/A/a3/a3_16_one.csv
Added 42811 vehicles from SUMO-Dataset/traffic/A/a3/a3_16.csv
Added 43406 vehicles from SUMO-Dataset/traffic/R/r1/r1_16_one.csv
Added 46300 vehicles from SUMO-Dataset/traffic/R/r1/r1_16.csv
Added 47685 vehicles from SUMO-Dataset/traffic/R/r2/r2_16_one.csv
Added 55417 vehicles from SUMO-Dataset/traffic/R/r2/r2_16.csv
Added 59997 vehicles from SUMO-Dataset/traffic/R/r3/r3_16.csv
Routes created

read 59997 elements.
wrote 59997 elements.
Routes sorte

 Retrying in 1 seconds
***Starting server on port 8813 ***
  waiting for 4 clients...
  client connected
  client connected
  client connected
  client connected
Loading net-file from 'data/../new/cross.net.xml' ... done (22ms).
Loading additional-files from 'data/cross.det.xml' ... done (2ms).
Loading done.
Simulation version 1.15.0 started with time: 0.00.
Simulation ended at time: 43926.00
Reason: TraCI requested termination.
Performance: 
 Duration: 74.73s
 TraCI-Duration: 8.60s
 Real time factor: 587.804
 UPS: 143052.228720
Vehicles: 
 Inserted: 59997
 Running: 0
 Waiting: 0
Statistics (avg of 59997):
 RouteLength: 1017.91
 Speed: 7.55
 Duration: 178.18
 WaitingTime: 54.38
 TimeLoss: 105.21
 DepartDelay: 30.95

