Added 1285 vehicles from SUMO-Dataset/traffic/J/j1/j1_18_one.csv
Added 6147 vehicles from SUMO-Dataset/traffic/J/j1/j1_18.csv
Added 6849 vehicles from SUMO-Dataset/traffic/J/j2/j2_18_one.csv
Added 10024 vehicles from SUMO-Dataset/traffic/J/j2/j2_18.csv
Added 14722 vehicles from SUMO-Dataset/traffic/J/j3/j3_18.csv
Added 14916 vehicles from SUMO-Dataset/traffic/A/a2/a2_18_one.csv
Added 15599 vehicles from SUMO-Dataset/traffic/A/a2/a2_18.csv
Added 18327 vehicles from SUMO-Dataset/traffic/A/a3/a3_18_one.csv
Added 35206 vehicles from SUMO-Dataset/traffic/A/a3/a3_18.csv
Added 35745 vehicles from SUMO-Dataset/traffic/R/r1/r1_18_one.csv
Added 37954 vehicles from SUMO-Dataset/traffic/R/r1/r1_18.csv
Added 39294 vehicles from SUMO-Dataset/traffic/R/r2/r2_18_one.csv
Added 44874 vehicles from SUMO-Dataset/traffic/R/r2/r2_18.csv
Added 48564 vehicles from SUMO-Dataset/traffic/R/r3/r3_18.csv
Routes created

read 48564 elements.
wrote 48564 elements.
Routes sorte

 Retrying in 1 seconds
***Starting server on port 8813 ***
  waiting for 4 clients...
  client connected
  client connected
  client connected
  client connected
Loading net-file from 'data/../new/cross.net.xml' ... done (33ms).
Loading additional-files from 'data/cross.det.xml' ... done (2ms).
Loading done.
Simulation version 1.15.0 started with time: 0.00.
Simulation ended at time: 43440.00
Reason: TraCI requested termination.
Performance: 
 Duration: 52.34s
 TraCI-Duration: 14.80s
 Real time factor: 829.926
 UPS: 131966.374995
Vehicles: 
 Inserted: 48564
 Running: 0
 Waiting: 0
Statistics (avg of 48564):
 RouteLength: 1017.81
 Speed: 8.08
 Duration: 142.23
 WaitingTime: 31.88
 TimeLoss: 69.29
 DepartDelay: 5.09

