 Retrying in 1 seconds
Could not connect to TraCI server at localhost:8813 [Errno 111] Connection refused
 Retrying in 1 seconds
Could not connect to TraCI server at localhost:8813 [Errno 111] Connection refused
 Retrying in 1 seconds
Could not connect to TraCI server at localhost:8813 [Errno 111] Connection refused
 Retrying in 1 seconds
Could not connect to TraCI server at localhost:8813 [Errno 111] Connection refused
 Retrying in 1 seconds
Could not connect to TraCI server at localhost:8813 [Errno 111] Connection refused
 Retrying in 1 seconds
Could not connect to TraCI server at localhost:8813 [Errno 111] Connection refused
 Retrying in 1 seconds
Could not connect to TraCI server at localhost:8813 [Errno 111] Connection refused
 Retrying in 1 seconds
Could not connect to TraCI server at localhost:8813 [Errno 111] Connection refused
 Retrying in 1 seconds
Could not connect to TraCI server at localhost:8813 [Errno 111] Connection refused
 Retrying in 1 seconds
Could not connect to TraCI server at localhost:8813 [Errno 111] Connection refused
 Retrying in 1 seconds
Could not connect to TraCI server at localhost:8813 [Errno 111] Connection refused
 Retrying in 1 seconds
Could not connect to TraCI server at localhost:8813 [Errno 111] Connection refused
 Retrying in 1 seconds
Could not connect to TraCI server at localhost:8813 [Errno 111] Connection refused
 Retrying in 1 seconds
Could not connect to TraCI server at localhost:8813 [Errno 111] Connection refused
 Retrying in 1 seconds
Could not connect to TraCI server at localhost:8813 [Errno 111] Connection refused
 Retrying in 1 seconds
Fog down for  655 s at 00:30 ( 1818.0 )
Couldn't predict at time  00:31 ( 1878.0 )
Couldn't predict at time  00:32 ( 1938.0 )
Couldn't predict at time  00:33 ( 1998.0 )
Couldn't predict at time  00:34 ( 2058.0 )
Couldn't predict at time  00:35 ( 2118.0 )
Couldn't predict at time  00:36 ( 2178.0 )
Couldn't predict at time  00:37 ( 2238.0 )
Couldn't predict at time  00:38 ( 2298.0 )
Couldn't predict at time  00:39 ( 2358.0 )
Couldn't predict at time  00:40 ( 2418.0 )
Couldn't predict at time  00:41 ( 2478.0 )
Couldn't predict at time  00:42 ( 2538.0 )
Couldn't predict at time  00:43 ( 2598.0 )
Couldn't predict at time  00:44 ( 2658.0 )
Couldn't predict at time  00:45 ( 2718.0 )
Couldn't predict at time  00:46 ( 2778.0 )
Couldn't predict at time  00:47 ( 2838.0 )
Couldn't predict at time  00:48 ( 2898.0 )
Couldn't predict at time  00:49 ( 2958.0 )
Couldn't predict at time  00:50 ( 3018.0 )
Couldn't predict at time  00:51 ( 3078.0 )
Couldn't predict at time  00:52 ( 3138.0 )
Couldn't predict at time  00:53 ( 3198.0 )
Couldn't predict at time  00:54 ( 3258.0 )
Couldn't predict at time  00:55 ( 3318.0 )
Couldn't predict at time  00:56 ( 3378.0 )
Couldn't predict at time  00:57 ( 3438.0 )
Couldn't predict at time  00:58 ( 3498.0 )
Couldn't predict at time  00:59 ( 3558.0 )
Couldn't predict at time  01:00 ( 3618.0 )
Couldn't predict at time  01:01 ( 3678.0 )
Couldn't predict at time  01:02 ( 3738.0 )
Couldn't predict at time  01:03 ( 3798.0 )
Couldn't predict at time  01:04 ( 3858.0 )
Couldn't predict at time  01:05 ( 3918.0 )
Couldn't predict at time  01:06 ( 3978.0 )
Couldn't predict at time  01:07 ( 4038.0 )
Couldn't predict at time  01:08 ( 4098.0 )
Couldn't predict at time  01:09 ( 4158.0 )
Couldn't predict at time  01:10 ( 4218.0 )
Couldn't predict at time  01:11 ( 4278.0 )
Couldn't predict at time  01:12 ( 4338.0 )
Couldn't predict at time  01:13 ( 4398.0 )
Couldn't predict at time  01:14 ( 4458.0 )
Couldn't predict at time  01:15 ( 4518.0 )
Couldn't predict at time  01:16 ( 4578.0 )
Couldn't predict at time  01:17 ( 4638.0 )
Couldn't predict at time  01:18 ( 4698.0 )
Couldn't predict at time  01:19 ( 4758.0 )
Couldn't predict at time  01:20 ( 4818.0 )
Couldn't predict at time  01:21 ( 4878.0 )
Couldn't predict at time  01:22 ( 4938.0 )
Couldn't predict at time  01:23 ( 4998.0 )
Couldn't predict at time  01:24 ( 5058.0 )
Couldn't predict at time  01:25 ( 5118.0 )
Couldn't predict at time  01:26 ( 5178.0 )
Couldn't predict at time  01:27 ( 5238.0 )
Couldn't predict at time  01:28 ( 5298.0 )
Couldn't predict at time  01:29 ( 5358.0 )
Couldn't predict at time  01:30 ( 5418.0 )
Couldn't predict at time  01:31 ( 5478.0 )
Couldn't predict at time  01:32 ( 5538.0 )
Couldn't predict at time  01:33 ( 5598.0 )
Couldn't predict at time  01:34 ( 5658.0 )
Couldn't predict at time  01:35 ( 5718.0 )
Couldn't predict at time  01:36 ( 5778.0 )
Couldn't predict at time  01:37 ( 5838.0 )
Couldn't predict at time  01:38 ( 5898.0 )
Couldn't predict at time  01:39 ( 5958.0 )
Couldn't predict at time  01:40 ( 6018.0 )
Couldn't predict at time  01:41 ( 6078.0 )
Couldn't predict at time  01:42 ( 6138.0 )
Couldn't predict at time  01:43 ( 6198.0 )
Couldn't predict at time  01:44 ( 6258.0 )
Couldn't predict at time  01:45 ( 6318.0 )
Couldn't predict at time  01:46 ( 6378.0 )
Couldn't predict at time  01:47 ( 6438.0 )
Couldn't predict at time  01:48 ( 6498.0 )
Couldn't predict at time  01:49 ( 6558.0 )
Couldn't predict at time  01:50 ( 6618.0 )
Couldn't predict at time  01:51 ( 6678.0 )
Couldn't predict at time  01:52 ( 6738.0 )
Couldn't predict at time  01:53 ( 6798.0 )
Couldn't predict at time  01:54 ( 6858.0 )
Couldn't predict at time  01:55 ( 6918.0 )
Couldn't predict at time  01:56 ( 6978.0 )
Couldn't predict at time  01:57 ( 7038.0 )
Couldn't predict at time  01:58 ( 7098.0 )
Couldn't predict at time  01:59 ( 7158.0 )
Couldn't predict at time  02:00 ( 7218.0 )
Couldn't predict at time  02:01 ( 7278.0 )
Couldn't predict at time  02:02 ( 7338.0 )
Couldn't predict at time  02:03 ( 7398.0 )
Couldn't predict at time  02:04 ( 7458.0 )
Couldn't predict at time  02:05 ( 7518.0 )
Couldn't predict at time  02:06 ( 7578.0 )
Couldn't predict at time  02:07 ( 7638.0 )
Couldn't predict at time  02:08 ( 7698.0 )
Couldn't predict at time  02:09 ( 7758.0 )
Couldn't predict at time  02:10 ( 7818.0 )
Couldn't predict at time  02:11 ( 7878.0 )
Couldn't predict at time  02:12 ( 7938.0 )
Couldn't predict at time  02:13 ( 7998.0 )
Couldn't predict at time  02:14 ( 8058.0 )
Couldn't predict at time  02:15 ( 8118.0 )
Couldn't predict at time  02:16 ( 8178.0 )
Couldn't predict at time  02:17 ( 8238.0 )
Couldn't predict at time  02:18 ( 8298.0 )
Couldn't predict at time  02:19 ( 8358.0 )
Couldn't predict at time  02:20 ( 8418.0 )
Couldn't predict at time  02:21 ( 8478.0 )
Couldn't predict at time  02:22 ( 8538.0 )
Couldn't predict at time  02:23 ( 8598.0 )
Couldn't predict at time  02:24 ( 8658.0 )
Couldn't predict at time  02:25 ( 8718.0 )
Couldn't predict at time  02:26 ( 8778.0 )
Couldn't predict at time  02:27 ( 8838.0 )
Couldn't predict at time  02:28 ( 8898.0 )
Couldn't predict at time  02:29 ( 8958.0 )
Couldn't predict at time  02:30 ( 9018.0 )
Couldn't predict at time  02:31 ( 9078.0 )
Couldn't predict at time  02:32 ( 9138.0 )
Couldn't predict at time  02:33 ( 9198.0 )
Couldn't predict at time  02:34 ( 9258.0 )
Couldn't predict at time  02:35 ( 9318.0 )
Couldn't predict at time  02:36 ( 9378.0 )
Couldn't predict at time  02:37 ( 9438.0 )
Couldn't predict at time  02:38 ( 9498.0 )
Couldn't predict at time  02:39 ( 9558.0 )
Couldn't predict at time  02:40 ( 9618.0 )
Couldn't predict at time  02:41 ( 9678.0 )
Couldn't predict at time  02:42 ( 9738.0 )
Couldn't predict at time  02:43 ( 9798.0 )
Couldn't predict at time  02:44 ( 9858.0 )
Couldn't predict at time  02:45 ( 9918.0 )
Couldn't predict at time  02:46 ( 9978.0 )
Couldn't predict at time  02:47 ( 10038.0 )
Couldn't predict at time  02:48 ( 10098.0 )
Couldn't predict at time  02:49 ( 10158.0 )
Couldn't predict at time  02:50 ( 10218.0 )
Couldn't predict at time  02:51 ( 10278.0 )
Couldn't predict at time  02:52 ( 10338.0 )
Couldn't predict at time  02:53 ( 10398.0 )
Couldn't predict at time  02:54 ( 10458.0 )
Couldn't predict at time  02:55 ( 10518.0 )
Couldn't predict at time  02:56 ( 10578.0 )
Couldn't predict at time  02:57 ( 10638.0 )
Couldn't predict at time  02:58 ( 10698.0 )
Couldn't predict at time  02:59 ( 10758.0 )
Couldn't predict at time  03:00 ( 10818.0 )
Couldn't predict at time  03:01 ( 10878.0 )
Couldn't predict at time  03:02 ( 10938.0 )
Couldn't predict at time  03:03 ( 10998.0 )
Couldn't predict at time  03:04 ( 11058.0 )
Couldn't predict at time  03:05 ( 11118.0 )
Couldn't predict at time  03:06 ( 11178.0 )
Couldn't predict at time  03:07 ( 11238.0 )
Couldn't predict at time  03:08 ( 11298.0 )
Couldn't predict at time  03:09 ( 11358.0 )
Couldn't predict at time  03:10 ( 11418.0 )
Couldn't predict at time  03:11 ( 11478.0 )
Couldn't predict at time  03:12 ( 11538.0 )
Couldn't predict at time  03:13 ( 11598.0 )
Couldn't predict at time  03:14 ( 11658.0 )
Couldn't predict at time  03:15 ( 11718.0 )
Couldn't predict at time  03:16 ( 11778.0 )
Couldn't predict at time  03:17 ( 11838.0 )
Couldn't predict at time  03:18 ( 11898.0 )
Couldn't predict at time  03:19 ( 11958.0 )
Couldn't predict at time  03:20 ( 12018.0 )
Couldn't predict at time  03:21 ( 12078.0 )
Couldn't predict at time  03:22 ( 12138.0 )
Couldn't predict at time  03:23 ( 12198.0 )
Couldn't predict at time  03:24 ( 12258.0 )
Couldn't predict at time  03:25 ( 12318.0 )
Couldn't predict at time  03:26 ( 12378.0 )
Couldn't predict at time  03:27 ( 12438.0 )
Couldn't predict at time  03:28 ( 12498.0 )
Couldn't predict at time  03:29 ( 12558.0 )
Couldn't predict at time  03:30 ( 12618.0 )
Couldn't predict at time  03:31 ( 12678.0 )
Couldn't predict at time  03:32 ( 12738.0 )
Couldn't predict at time  03:33 ( 12798.0 )
Couldn't predict at time  03:34 ( 12858.0 )
Couldn't predict at time  03:35 ( 12918.0 )
Couldn't predict at time  03:36 ( 12978.0 )
Couldn't predict at time  03:37 ( 13038.0 )
Couldn't predict at time  03:38 ( 13098.0 )
Couldn't predict at time  03:39 ( 13158.0 )
Couldn't predict at time  03:40 ( 13218.0 )
Couldn't predict at time  03:41 ( 13278.0 )
Couldn't predict at time  03:42 ( 13338.0 )
Couldn't predict at time  03:43 ( 13398.0 )
Couldn't predict at time  03:44 ( 13458.0 )
Couldn't predict at time  03:45 ( 13518.0 )
Couldn't predict at time  03:46 ( 13578.0 )
Couldn't predict at time  03:47 ( 13638.0 )
Couldn't predict at time  03:48 ( 13698.0 )
Couldn't predict at time  03:49 ( 13758.0 )
Couldn't predict at time  03:50 ( 13818.0 )
Couldn't predict at time  03:51 ( 13878.0 )
Couldn't predict at time  03:52 ( 13938.0 )
Couldn't predict at time  03:53 ( 13998.0 )
Couldn't predict at time  03:54 ( 14058.0 )
Couldn't predict at time  03:55 ( 14118.0 )
Couldn't predict at time  03:56 ( 14178.0 )
Couldn't predict at time  03:57 ( 14238.0 )
Couldn't predict at time  03:58 ( 14298.0 )
Couldn't predict at time  03:59 ( 14358.0 )
Couldn't predict at time  04:00 ( 14418.0 )
Couldn't predict at time  04:01 ( 14478.0 )
Couldn't predict at time  04:02 ( 14538.0 )
Couldn't predict at time  04:03 ( 14598.0 )
Couldn't predict at time  04:04 ( 14658.0 )
Couldn't predict at time  04:05 ( 14718.0 )
Couldn't predict at time  04:06 ( 14778.0 )
Couldn't predict at time  04:07 ( 14838.0 )
Couldn't predict at time  04:08 ( 14898.0 )
Couldn't predict at time  04:09 ( 14958.0 )
Couldn't predict at time  04:10 ( 15018.0 )
Couldn't predict at time  04:11 ( 15078.0 )
Couldn't predict at time  04:12 ( 15138.0 )
Couldn't predict at time  04:13 ( 15198.0 )
Couldn't predict at time  04:14 ( 15258.0 )
Couldn't predict at time  04:15 ( 15318.0 )
Couldn't predict at time  04:16 ( 15378.0 )
Couldn't predict at time  04:17 ( 15438.0 )
Couldn't predict at time  04:18 ( 15498.0 )
Couldn't predict at time  04:19 ( 15558.0 )
Couldn't predict at time  04:20 ( 15618.0 )
Couldn't predict at time  04:21 ( 15678.0 )
Couldn't predict at time  04:22 ( 15738.0 )
Couldn't predict at time  04:23 ( 15798.0 )
Couldn't predict at time  04:24 ( 15858.0 )
Couldn't predict at time  04:25 ( 15918.0 )
Couldn't predict at time  04:26 ( 15978.0 )
Couldn't predict at time  04:27 ( 16038.0 )
Couldn't predict at time  04:28 ( 16098.0 )
Couldn't predict at time  04:29 ( 16158.0 )
Couldn't predict at time  04:30 ( 16218.0 )
Couldn't predict at time  04:31 ( 16278.0 )
Couldn't predict at time  04:32 ( 16338.0 )
Couldn't predict at time  04:33 ( 16398.0 )
Couldn't predict at time  04:34 ( 16458.0 )
Couldn't predict at time  04:35 ( 16518.0 )
Couldn't predict at time  04:36 ( 16578.0 )
Couldn't predict at time  04:37 ( 16638.0 )
Couldn't predict at time  04:38 ( 16698.0 )
Couldn't predict at time  04:39 ( 16758.0 )
Couldn't predict at time  04:40 ( 16818.0 )
Couldn't predict at time  04:41 ( 16878.0 )
Couldn't predict at time  04:42 ( 16938.0 )
Couldn't predict at time  04:43 ( 16998.0 )
Couldn't predict at time  04:44 ( 17058.0 )
Couldn't predict at time  04:45 ( 17118.0 )
Couldn't predict at time  04:46 ( 17178.0 )
Couldn't predict at time  04:47 ( 17238.0 )
Couldn't predict at time  04:48 ( 17298.0 )
Couldn't predict at time  04:49 ( 17358.0 )
Couldn't predict at time  04:50 ( 17418.0 )
Couldn't predict at time  04:51 ( 17478.0 )
Couldn't predict at time  04:52 ( 17538.0 )
Couldn't predict at time  04:53 ( 17598.0 )
Couldn't predict at time  04:54 ( 17658.0 )
Couldn't predict at time  04:55 ( 17718.0 )
Couldn't predict at time  04:56 ( 17778.0 )
Couldn't predict at time  04:57 ( 17838.0 )
Couldn't predict at time  04:58 ( 17898.0 )
Couldn't predict at time  04:59 ( 17958.0 )
Couldn't predict at time  05:00 ( 18018.0 )
Couldn't predict at time  05:01 ( 18078.0 )
Couldn't predict at time  05:02 ( 18138.0 )
Couldn't predict at time  05:03 ( 18198.0 )
Couldn't predict at time  05:04 ( 18258.0 )
Couldn't predict at time  05:05 ( 18318.0 )
Couldn't predict at time  05:06 ( 18378.0 )
Couldn't predict at time  05:07 ( 18438.0 )
Couldn't predict at time  05:08 ( 18498.0 )
Couldn't predict at time  05:09 ( 18558.0 )
Couldn't predict at time  05:10 ( 18618.0 )
Couldn't predict at time  05:11 ( 18678.0 )
Couldn't predict at time  05:12 ( 18738.0 )
Couldn't predict at time  05:13 ( 18798.0 )
Couldn't predict at time  05:14 ( 18858.0 )
Couldn't predict at time  05:15 ( 18918.0 )
Couldn't predict at time  05:16 ( 18978.0 )
Couldn't predict at time  05:17 ( 19038.0 )
Couldn't predict at time  05:18 ( 19098.0 )
Couldn't predict at time  05:19 ( 19158.0 )
Couldn't predict at time  05:20 ( 19218.0 )
Couldn't predict at time  05:21 ( 19278.0 )
Couldn't predict at time  05:22 ( 19338.0 )
Couldn't predict at time  05:23 ( 19398.0 )
Couldn't predict at time  05:24 ( 19458.0 )
Couldn't predict at time  05:25 ( 19518.0 )
Couldn't predict at time  05:26 ( 19578.0 )
Couldn't predict at time  05:27 ( 19638.0 )
Couldn't predict at time  05:28 ( 19698.0 )
Couldn't predict at time  05:29 ( 19758.0 )
Couldn't predict at time  05:30 ( 19818.0 )
Couldn't predict at time  05:31 ( 19878.0 )
Couldn't predict at time  05:32 ( 19938.0 )
Couldn't predict at time  05:33 ( 19998.0 )
Couldn't predict at time  05:34 ( 20058.0 )
Couldn't predict at time  05:35 ( 20118.0 )
Couldn't predict at time  05:36 ( 20178.0 )
Couldn't predict at time  05:37 ( 20238.0 )
Couldn't predict at time  05:38 ( 20298.0 )
Couldn't predict at time  05:39 ( 20358.0 )
Couldn't predict at time  05:40 ( 20418.0 )
Couldn't predict at time  05:41 ( 20478.0 )
Couldn't predict at time  05:42 ( 20538.0 )
Couldn't predict at time  05:43 ( 20598.0 )
Couldn't predict at time  05:44 ( 20658.0 )
Couldn't predict at time  05:45 ( 20718.0 )
Couldn't predict at time  05:46 ( 20778.0 )
Couldn't predict at time  05:47 ( 20838.0 )
Couldn't predict at time  05:48 ( 20898.0 )
Couldn't predict at time  05:49 ( 20958.0 )
Couldn't predict at time  05:50 ( 21018.0 )
Couldn't predict at time  05:51 ( 21078.0 )
Couldn't predict at time  05:52 ( 21138.0 )
Couldn't predict at time  05:53 ( 21198.0 )
Couldn't predict at time  05:54 ( 21258.0 )
Couldn't predict at time  05:55 ( 21318.0 )
Couldn't predict at time  05:56 ( 21378.0 )
Couldn't predict at time  05:57 ( 21438.0 )
Couldn't predict at time  05:58 ( 21498.0 )
Couldn't predict at time  05:59 ( 21558.0 )
Couldn't predict at time  06:00 ( 21618.0 )
Couldn't predict at time  06:01 ( 21678.0 )
Couldn't predict at time  06:02 ( 21738.0 )
Couldn't predict at time  06:03 ( 21798.0 )
Couldn't predict at time  06:04 ( 21858.0 )
Couldn't predict at time  06:05 ( 21918.0 )
Couldn't predict at time  06:06 ( 21978.0 )
Couldn't predict at time  06:07 ( 22038.0 )
Couldn't predict at time  06:08 ( 22098.0 )
Couldn't predict at time  06:09 ( 22158.0 )
Couldn't predict at time  06:10 ( 22218.0 )
Couldn't predict at time  06:11 ( 22278.0 )
Couldn't predict at time  06:12 ( 22338.0 )
Couldn't predict at time  06:13 ( 22398.0 )
Couldn't predict at time  06:14 ( 22458.0 )
Couldn't predict at time  06:15 ( 22518.0 )
Couldn't predict at time  06:16 ( 22578.0 )
Couldn't predict at time  06:17 ( 22638.0 )
Couldn't predict at time  06:18 ( 22698.0 )
Couldn't predict at time  06:19 ( 22758.0 )
Couldn't predict at time  06:20 ( 22818.0 )
Couldn't predict at time  06:21 ( 22878.0 )
Couldn't predict at time  06:22 ( 22938.0 )
Couldn't predict at time  06:23 ( 22998.0 )
Couldn't predict at time  06:24 ( 23058.0 )
Couldn't predict at time  06:25 ( 23118.0 )
Couldn't predict at time  06:26 ( 23178.0 )
Couldn't predict at time  06:27 ( 23238.0 )
Couldn't predict at time  06:28 ( 23298.0 )
Couldn't predict at time  06:29 ( 23358.0 )
Couldn't predict at time  06:30 ( 23418.0 )
Couldn't predict at time  06:31 ( 23478.0 )
Couldn't predict at time  06:32 ( 23538.0 )
Couldn't predict at time  06:33 ( 23598.0 )
Couldn't predict at time  06:34 ( 23658.0 )
Couldn't predict at time  06:35 ( 23718.0 )
Couldn't predict at time  06:36 ( 23778.0 )
Couldn't predict at time  06:37 ( 23838.0 )
Couldn't predict at time  06:38 ( 23898.0 )
Couldn't predict at time  06:39 ( 23958.0 )
Couldn't predict at time  06:40 ( 24018.0 )
Couldn't predict at time  06:41 ( 24078.0 )
Couldn't predict at time  06:42 ( 24138.0 )
Couldn't predict at time  06:43 ( 24198.0 )
Couldn't predict at time  06:44 ( 24258.0 )
Couldn't predict at time  06:45 ( 24318.0 )
Couldn't predict at time  06:46 ( 24378.0 )
Couldn't predict at time  06:47 ( 24438.0 )
Couldn't predict at time  06:48 ( 24498.0 )
Couldn't predict at time  06:49 ( 24558.0 )
Couldn't predict at time  06:50 ( 24618.0 )
Couldn't predict at time  06:51 ( 24678.0 )
Couldn't predict at time  06:52 ( 24738.0 )
Couldn't predict at time  06:53 ( 24798.0 )
Couldn't predict at time  06:54 ( 24858.0 )
Couldn't predict at time  06:55 ( 24918.0 )
Couldn't predict at time  06:56 ( 24978.0 )
Couldn't predict at time  06:57 ( 25038.0 )
Couldn't predict at time  06:58 ( 25098.0 )
Couldn't predict at time  06:59 ( 25158.0 )
Couldn't predict at time  07:00 ( 25218.0 )
Couldn't predict at time  07:01 ( 25278.0 )
Couldn't predict at time  07:02 ( 25338.0 )
Couldn't predict at time  07:03 ( 25398.0 )
Couldn't predict at time  07:04 ( 25458.0 )
Couldn't predict at time  07:05 ( 25518.0 )
Couldn't predict at time  07:06 ( 25578.0 )
Couldn't predict at time  07:07 ( 25638.0 )
Couldn't predict at time  07:08 ( 25698.0 )
Couldn't predict at time  07:09 ( 25758.0 )
Couldn't predict at time  07:10 ( 25818.0 )
Couldn't predict at time  07:11 ( 25878.0 )
Couldn't predict at time  07:12 ( 25938.0 )
Couldn't predict at time  07:13 ( 25998.0 )
Couldn't predict at time  07:14 ( 26058.0 )
Couldn't predict at time  07:15 ( 26118.0 )
Couldn't predict at time  07:16 ( 26178.0 )
Couldn't predict at time  07:17 ( 26238.0 )
Couldn't predict at time  07:18 ( 26298.0 )
Couldn't predict at time  07:19 ( 26358.0 )
Couldn't predict at time  07:20 ( 26418.0 )
Couldn't predict at time  07:21 ( 26478.0 )
Couldn't predict at time  07:22 ( 26538.0 )
Couldn't predict at time  07:23 ( 26598.0 )
Couldn't predict at time  07:24 ( 26658.0 )
Couldn't predict at time  07:25 ( 26718.0 )
Couldn't predict at time  07:26 ( 26778.0 )
Couldn't predict at time  07:27 ( 26838.0 )
Couldn't predict at time  07:28 ( 26898.0 )
Couldn't predict at time  07:29 ( 26958.0 )
Couldn't predict at time  07:30 ( 27018.0 )
Couldn't predict at time  07:31 ( 27078.0 )
Couldn't predict at time  07:32 ( 27138.0 )
Couldn't predict at time  07:33 ( 27198.0 )
Couldn't predict at time  07:34 ( 27258.0 )
Couldn't predict at time  07:35 ( 27318.0 )
Couldn't predict at time  07:36 ( 27378.0 )
Couldn't predict at time  07:37 ( 27438.0 )
Couldn't predict at time  07:38 ( 27498.0 )
Couldn't predict at time  07:39 ( 27558.0 )
Couldn't predict at time  07:40 ( 27618.0 )
Couldn't predict at time  07:41 ( 27678.0 )
Couldn't predict at time  07:42 ( 27738.0 )
Couldn't predict at time  07:43 ( 27798.0 )
Couldn't predict at time  07:44 ( 27858.0 )
Couldn't predict at time  07:45 ( 27918.0 )
Couldn't predict at time  07:46 ( 27978.0 )
Couldn't predict at time  07:47 ( 28038.0 )
Couldn't predict at time  07:48 ( 28098.0 )
Couldn't predict at time  07:49 ( 28158.0 )
Couldn't predict at time  07:50 ( 28218.0 )
Couldn't predict at time  07:51 ( 28278.0 )
Couldn't predict at time  07:52 ( 28338.0 )
Couldn't predict at time  07:53 ( 28398.0 )
Couldn't predict at time  07:54 ( 28458.0 )
Couldn't predict at time  07:55 ( 28518.0 )
Couldn't predict at time  07:56 ( 28578.0 )
Couldn't predict at time  07:57 ( 28638.0 )
Couldn't predict at time  07:58 ( 28698.0 )
Couldn't predict at time  07:59 ( 28758.0 )
Couldn't predict at time  08:00 ( 28818.0 )
Couldn't predict at time  08:01 ( 28878.0 )
Couldn't predict at time  08:02 ( 28938.0 )
Couldn't predict at time  08:03 ( 28998.0 )
Couldn't predict at time  08:04 ( 29058.0 )
Couldn't predict at time  08:05 ( 29118.0 )
Couldn't predict at time  08:06 ( 29178.0 )
Couldn't predict at time  08:07 ( 29238.0 )
Couldn't predict at time  08:08 ( 29298.0 )
Couldn't predict at time  08:09 ( 29358.0 )
Couldn't predict at time  08:10 ( 29418.0 )
Couldn't predict at time  08:11 ( 29478.0 )
Couldn't predict at time  08:12 ( 29538.0 )
Couldn't predict at time  08:13 ( 29598.0 )
Couldn't predict at time  08:14 ( 29658.0 )
Couldn't predict at time  08:15 ( 29718.0 )
Couldn't predict at time  08:16 ( 29778.0 )
Couldn't predict at time  08:17 ( 29838.0 )
Couldn't predict at time  08:18 ( 29898.0 )
Couldn't predict at time  08:19 ( 29958.0 )
Couldn't predict at time  08:20 ( 30018.0 )
Couldn't predict at time  08:21 ( 30078.0 )
Couldn't predict at time  08:22 ( 30138.0 )
Couldn't predict at time  08:23 ( 30198.0 )
Couldn't predict at time  08:24 ( 30258.0 )
Couldn't predict at time  08:25 ( 30318.0 )
Couldn't predict at time  08:26 ( 30378.0 )
Couldn't predict at time  08:27 ( 30438.0 )
Couldn't predict at time  08:28 ( 30498.0 )
Couldn't predict at time  08:29 ( 30558.0 )
Couldn't predict at time  08:30 ( 30618.0 )
Couldn't predict at time  08:31 ( 30678.0 )
Couldn't predict at time  08:32 ( 30738.0 )
Couldn't predict at time  08:33 ( 30798.0 )
Couldn't predict at time  08:34 ( 30858.0 )
Couldn't predict at time  08:35 ( 30918.0 )
Couldn't predict at time  08:36 ( 30978.0 )
Couldn't predict at time  08:37 ( 31038.0 )
Couldn't predict at time  08:38 ( 31098.0 )
Couldn't predict at time  08:39 ( 31158.0 )
Couldn't predict at time  08:40 ( 31218.0 )
Couldn't predict at time  08:41 ( 31278.0 )
Couldn't predict at time  08:42 ( 31338.0 )
Couldn't predict at time  08:43 ( 31398.0 )
Couldn't predict at time  08:44 ( 31458.0 )
Couldn't predict at time  08:45 ( 31518.0 )
Couldn't predict at time  08:46 ( 31578.0 )
Couldn't predict at time  08:47 ( 31638.0 )
Couldn't predict at time  08:48 ( 31698.0 )
Couldn't predict at time  08:49 ( 31758.0 )
Couldn't predict at time  08:50 ( 31818.0 )
Couldn't predict at time  08:51 ( 31878.0 )
Couldn't predict at time  08:52 ( 31938.0 )
Couldn't predict at time  08:53 ( 31998.0 )
Couldn't predict at time  08:54 ( 32058.0 )
Couldn't predict at time  08:55 ( 32118.0 )
Couldn't predict at time  08:56 ( 32178.0 )
Couldn't predict at time  08:57 ( 32238.0 )
Couldn't predict at time  08:58 ( 32298.0 )
Couldn't predict at time  08:59 ( 32358.0 )
Couldn't predict at time  09:00 ( 32418.0 )
Couldn't predict at time  09:01 ( 32478.0 )
Vehicles: [22.0, 20.0]
Corresponsing times: [30, 30]
Fog down for  355 s at 09:06 ( 32778.0 )
Vehicles: [11.0, 14.0]
Corresponsing times: [30, 30]
Fog down for  55 s at 09:11 ( 33078.0 )
Vehicles: [17.0, 20.0]
Corresponsing times: [30, 30]
Vehicles: [196, 362]
Corresponsing times: [30, 30]
Vehicles: [257, 331]
Corresponsing times: [30, 30]
Vehicles: [164, 368]
Corresponsing times: [30, 30]
Vehicles: [194, 420]
Corresponsing times: [30, 30]
Vehicles: [254, 352]
Corresponsing times: [30, 30]
Fog down for  576 s at 09:41 ( 34893.0 )
Vehicles: [20.0, 5.0]
Corresponsing times: [30, 24.0]
Fog down for  276 s at 09:46 ( 35193.0 )
Vehicles: [14.0, 40.0]
Corresponsing times: [30, 30]
Vehicles: [192, 336]
Corresponsing times: [30, 30]
Vehicles: [158, 447]
Corresponsing times: [30, 30]
Vehicles: [225, 342]
Corresponsing times: [30, 30]
Vehicles: [190, 330]
Corresponsing times: [30, 30]
Vehicles: [197, 394]
Corresponsing times: [30, 30]
Vehicles: [201, 319]
Corresponsing times: [30, 30]
Vehicles: [168, 296]
Corresponsing times: [30, 30]
Vehicles: [161, 423]
Corresponsing times: [30, 30]
Vehicles: [248, 348]
Corresponsing times: [30, 30]
Vehicles: [164, 328]
Corresponsing times: [30, 30]
Vehicles: [199, 457]
Corresponsing times: [30, 30]
Vehicles: [172, 284]
Corresponsing times: [30, 30]
Vehicles: [114, 268]
Corresponsing times: [30, 30]
Vehicles: [143, 375]
Corresponsing times: [30, 30]
Vehicles: [215, 289]
Corresponsing times: [30, 30]
Vehicles: [220, 342]
Corresponsing times: [30, 30]
Vehicles: [196, 452]
Corresponsing times: [30, 30]
Vehicles: [272, 316]
Corresponsing times: [30, 30]
Fog down for  608 s at 11:22 ( 40947.0 )
Vehicles: [50.0, 30.0]
Corresponsing times: [30, 30]
Fog down for  308 s at 11:27 ( 41247.0 )
Vehicles: [28.0, 15.0]
Corresponsing times: [30, 30]
Fog down for  8 s at 11:32 ( 41547.0 )
Vehicles: [41.0, 13.0]
Corresponsing times: [30, 28.888888888888886]
Vehicles: [175, 336]
Corresponsing times: [30, 30]
Vehicles: [170, 425]
Corresponsing times: [30, 30]
Fog down for  610 s at 11:47 ( 42453.0 )
Vehicles: [20.0, 35.0]
Corresponsing times: [30, 30]
Fog down for  310 s at 11:52 ( 42753.0 )
Vehicles: [23.0, 31.0]
Corresponsing times: [30, 30]
Fog down for  10 s at 11:57 ( 43053.0 )
Vehicles: [51.0, 37.0]
Corresponsing times: [30, 30]
Fog down for  627 s at 12:02 ( 43353.0 )
Couldn't predict at time  12:03 ( 43413.0 )
Couldn't predict at time  12:04 ( 43473.0 )
Couldn't predict at time  12:05 ( 43533.0 )
Couldn't predict at time  12:06 ( 43593.0 )
Couldn't predict at time  12:07 ( 43653.0 )
Couldn't predict at time  12:08 ( 43713.0 )
Couldn't predict at time  12:09 ( 43773.0 )
Couldn't predict at time  12:10 ( 43833.0 )
Couldn't predict at time  12:11 ( 43893.0 )
Couldn't predict at time  12:12 ( 43953.0 )
Couldn't predict at time  12:13 ( 44013.0 )
Couldn't predict at time  12:14 ( 44073.0 )
Couldn't predict at time  12:15 ( 44133.0 )
Couldn't predict at time  12:16 ( 44193.0 )
Couldn't predict at time  12:17 ( 44253.0 )
Couldn't predict at time  12:18 ( 44313.0 )
Couldn't predict at time  12:19 ( 44373.0 )
Couldn't predict at time  12:20 ( 44433.0 )
Couldn't predict at time  12:21 ( 44493.0 )
Couldn't predict at time  12:22 ( 44553.0 )
Couldn't predict at time  12:23 ( 44613.0 )
Couldn't predict at time  12:24 ( 44673.0 )
Couldn't predict at time  12:25 ( 44733.0 )
Couldn't predict at time  12:26 ( 44793.0 )
Couldn't predict at time  12:27 ( 44853.0 )
Simulation over
