Added 1672 vehicles from SUMO-Dataset/traffic/J/j1/j1_12_one.csv
Added 10725 vehicles from SUMO-Dataset/traffic/J/j1/j1_12.csv
Added 11814 vehicles from SUMO-Dataset/traffic/J/j2/j2_12_one.csv
Added 16650 vehicles from SUMO-Dataset/traffic/J/j2/j2_12.csv
Added 23462 vehicles from SUMO-Dataset/traffic/J/j3/j3_12.csv
Added 24010 vehicles from SUMO-Dataset/traffic/A/a2/a2_12_one.csv
Added 26532 vehicles from SUMO-Dataset/traffic/A/a2/a2_12.csv
Added 29900 vehicles from SUMO-Dataset/traffic/A/a3/a3_12_one.csv
Added 45341 vehicles from SUMO-Dataset/traffic/A/a3/a3_12.csv
Added 45793 vehicles from SUMO-Dataset/traffic/R/r1/r1_12_one.csv
Added 51669 vehicles from SUMO-Dataset/traffic/R/r1/r1_12.csv
Added 52721 vehicles from SUMO-Dataset/traffic/R/r2/r2_12_one.csv
Added 60943 vehicles from SUMO-Dataset/traffic/R/r2/r2_12.csv
Added 66485 vehicles from SUMO-Dataset/traffic/R/r3/r3_12.csv
Routes created

read 66485 elements.
wrote 66485 elements.
Routes sorte

 Retrying in 1 seconds
***Starting server on port 8813 ***
  waiting for 4 clients...
  client connected
  client connected
  client connected
  client connected
Loading net-file from 'data/../new/cross.net.xml' ... done (37ms).
Loading additional-files from 'data/cross.det.xml' ... done (2ms).
Loading done.
Simulation version 1.15.0 started with time: 0.00.
Simulation ended at time: 43572.00
Reason: TraCI requested termination.
Performance: 
 Duration: 78.23s
 TraCI-Duration: 15.33s
 Real time factor: 557.002
 UPS: 134977.756756
Vehicles: 
 Inserted: 66485
 Running: 0
 Waiting: 0
Statistics (avg of 66485):
 RouteLength: 1018.17
 Speed: 7.37
 Duration: 158.81
 WaitingTime: 41.82
 TimeLoss: 85.86
 DepartDelay: 9.75

