 Retrying in 1 seconds
Could not connect to TraCI server at localhost:8813 [Errno 111] Connection refused
 Retrying in 1 seconds
Could not connect to TraCI server at localhost:8813 [Errno 111] Connection refused
 Retrying in 1 seconds
Could not connect to TraCI server at localhost:8813 [Errno 111] Connection refused
 Retrying in 1 seconds
Could not connect to TraCI server at localhost:8813 [Errno 111] Connection refused
 Retrying in 1 seconds
Could not connect to TraCI server at localhost:8813 [Errno 111] Connection refused
 Retrying in 1 seconds
Could not connect to TraCI server at localhost:8813 [Errno 111] Connection refused
 Retrying in 1 seconds
Could not connect to TraCI server at localhost:8813 [Errno 111] Connection refused
 Retrying in 1 seconds
Could not connect to TraCI server at localhost:8813 [Errno 111] Connection refused
 Retrying in 1 seconds
Could not connect to TraCI server at localhost:8813 [Errno 111] Connection refused
 Retrying in 1 seconds
Could not connect to TraCI server at localhost:8813 [Errno 111] Connection refused
 Retrying in 1 seconds
Could not connect to TraCI server at localhost:8813 [Errno 111] Connection refused
 Retrying in 1 seconds
Could not connect to TraCI server at localhost:8813 [Errno 111] Connection refused
 Retrying in 1 seconds
Could not connect to TraCI server at localhost:8813 [Errno 111] Connection refused
 Retrying in 1 seconds
Could not connect to TraCI server at localhost:8813 [Errno 111] Connection refused
 Retrying in 1 seconds
Fog down for  617 s at 00:00 ( 0.0 )
Couldn't predict at time  00:01 ( 60.0 )
Couldn't predict at time  00:02 ( 120.0 )
Couldn't predict at time  00:03 ( 180.0 )
Couldn't predict at time  00:04 ( 240.0 )
Couldn't predict at time  00:05 ( 300.0 )
Couldn't predict at time  00:06 ( 360.0 )
Couldn't predict at time  00:07 ( 420.0 )
Couldn't predict at time  00:08 ( 480.0 )
Couldn't predict at time  00:09 ( 540.0 )
Couldn't predict at time  00:10 ( 600.0 )
Couldn't predict at time  00:11 ( 660.0 )
Couldn't predict at time  00:12 ( 720.0 )
Couldn't predict at time  00:13 ( 780.0 )
Couldn't predict at time  00:14 ( 840.0 )
Couldn't predict at time  00:15 ( 900.0 )
Couldn't predict at time  00:16 ( 960.0 )
Couldn't predict at time  00:17 ( 1020.0 )
Couldn't predict at time  00:18 ( 1080.0 )
Couldn't predict at time  00:19 ( 1140.0 )
Couldn't predict at time  00:20 ( 1200.0 )
Couldn't predict at time  00:21 ( 1260.0 )
Couldn't predict at time  00:22 ( 1320.0 )
Couldn't predict at time  00:23 ( 1380.0 )
Couldn't predict at time  00:24 ( 1440.0 )
Couldn't predict at time  00:25 ( 1500.0 )
Couldn't predict at time  00:26 ( 1560.0 )
Couldn't predict at time  00:27 ( 1620.0 )
Couldn't predict at time  00:28 ( 1680.0 )
Couldn't predict at time  00:29 ( 1740.0 )
Couldn't predict at time  00:30 ( 1800.0 )
Couldn't predict at time  00:31 ( 1860.0 )
Couldn't predict at time  00:32 ( 1920.0 )
Couldn't predict at time  00:33 ( 1980.0 )
Couldn't predict at time  00:34 ( 2040.0 )
Couldn't predict at time  00:35 ( 2100.0 )
Couldn't predict at time  00:36 ( 2160.0 )
Couldn't predict at time  00:37 ( 2220.0 )
Couldn't predict at time  00:38 ( 2280.0 )
Couldn't predict at time  00:39 ( 2340.0 )
Couldn't predict at time  00:40 ( 2400.0 )
Couldn't predict at time  00:41 ( 2460.0 )
Couldn't predict at time  00:42 ( 2520.0 )
Couldn't predict at time  00:43 ( 2580.0 )
Couldn't predict at time  00:44 ( 2640.0 )
Couldn't predict at time  00:45 ( 2700.0 )
Couldn't predict at time  00:46 ( 2760.0 )
Couldn't predict at time  00:47 ( 2820.0 )
Couldn't predict at time  00:48 ( 2880.0 )
Couldn't predict at time  00:49 ( 2940.0 )
Couldn't predict at time  00:50 ( 3000.0 )
Couldn't predict at time  00:51 ( 3060.0 )
Couldn't predict at time  00:52 ( 3120.0 )
Couldn't predict at time  00:53 ( 3180.0 )
Couldn't predict at time  00:54 ( 3240.0 )
Couldn't predict at time  00:55 ( 3300.0 )
Couldn't predict at time  00:56 ( 3360.0 )
Couldn't predict at time  00:57 ( 3420.0 )
Couldn't predict at time  00:58 ( 3480.0 )
Couldn't predict at time  00:59 ( 3540.0 )
Couldn't predict at time  01:00 ( 3600.0 )
Couldn't predict at time  01:01 ( 3660.0 )
Couldn't predict at time  01:02 ( 3720.0 )
Couldn't predict at time  01:03 ( 3780.0 )
Couldn't predict at time  01:04 ( 3840.0 )
Couldn't predict at time  01:05 ( 3900.0 )
Couldn't predict at time  01:06 ( 3960.0 )
Couldn't predict at time  01:07 ( 4020.0 )
Couldn't predict at time  01:08 ( 4080.0 )
Couldn't predict at time  01:09 ( 4140.0 )
Couldn't predict at time  01:10 ( 4200.0 )
Couldn't predict at time  01:11 ( 4260.0 )
Couldn't predict at time  01:12 ( 4320.0 )
Couldn't predict at time  01:13 ( 4380.0 )
Couldn't predict at time  01:14 ( 4440.0 )
Couldn't predict at time  01:15 ( 4500.0 )
Couldn't predict at time  01:16 ( 4560.0 )
Couldn't predict at time  01:17 ( 4620.0 )
Couldn't predict at time  01:18 ( 4680.0 )
Couldn't predict at time  01:19 ( 4740.0 )
Couldn't predict at time  01:20 ( 4800.0 )
Couldn't predict at time  01:21 ( 4860.0 )
Couldn't predict at time  01:22 ( 4920.0 )
Couldn't predict at time  01:23 ( 4980.0 )
Couldn't predict at time  01:24 ( 5040.0 )
Couldn't predict at time  01:25 ( 5100.0 )
Couldn't predict at time  01:26 ( 5160.0 )
Couldn't predict at time  01:27 ( 5220.0 )
Couldn't predict at time  01:28 ( 5280.0 )
Couldn't predict at time  01:29 ( 5340.0 )
Couldn't predict at time  01:30 ( 5400.0 )
Couldn't predict at time  01:31 ( 5460.0 )
Couldn't predict at time  01:32 ( 5520.0 )
Couldn't predict at time  01:33 ( 5580.0 )
Couldn't predict at time  01:34 ( 5640.0 )
Couldn't predict at time  01:35 ( 5700.0 )
Couldn't predict at time  01:36 ( 5760.0 )
Couldn't predict at time  01:37 ( 5820.0 )
Couldn't predict at time  01:38 ( 5880.0 )
Couldn't predict at time  01:39 ( 5940.0 )
Couldn't predict at time  01:40 ( 6000.0 )
Couldn't predict at time  01:41 ( 6060.0 )
Couldn't predict at time  01:42 ( 6120.0 )
Couldn't predict at time  01:43 ( 6180.0 )
Couldn't predict at time  01:44 ( 6240.0 )
Couldn't predict at time  01:45 ( 6300.0 )
Couldn't predict at time  01:46 ( 6360.0 )
Couldn't predict at time  01:47 ( 6420.0 )
Couldn't predict at time  01:48 ( 6480.0 )
Couldn't predict at time  01:49 ( 6540.0 )
Couldn't predict at time  01:50 ( 6600.0 )
Couldn't predict at time  01:51 ( 6660.0 )
Couldn't predict at time  01:52 ( 6720.0 )
Couldn't predict at time  01:53 ( 6780.0 )
Couldn't predict at time  01:54 ( 6840.0 )
Couldn't predict at time  01:55 ( 6900.0 )
Couldn't predict at time  01:56 ( 6960.0 )
Couldn't predict at time  01:57 ( 7020.0 )
Couldn't predict at time  01:58 ( 7080.0 )
Couldn't predict at time  01:59 ( 7140.0 )
Couldn't predict at time  02:00 ( 7200.0 )
Couldn't predict at time  02:01 ( 7260.0 )
Couldn't predict at time  02:02 ( 7320.0 )
Couldn't predict at time  02:03 ( 7380.0 )
Couldn't predict at time  02:04 ( 7440.0 )
Couldn't predict at time  02:05 ( 7500.0 )
Couldn't predict at time  02:06 ( 7560.0 )
Couldn't predict at time  02:07 ( 7620.0 )
Couldn't predict at time  02:08 ( 7680.0 )
Couldn't predict at time  02:09 ( 7740.0 )
Couldn't predict at time  02:10 ( 7800.0 )
Couldn't predict at time  02:11 ( 7860.0 )
Couldn't predict at time  02:12 ( 7920.0 )
Couldn't predict at time  02:13 ( 7980.0 )
Couldn't predict at time  02:14 ( 8040.0 )
Couldn't predict at time  02:15 ( 8100.0 )
Couldn't predict at time  02:16 ( 8160.0 )
Couldn't predict at time  02:17 ( 8220.0 )
Couldn't predict at time  02:18 ( 8280.0 )
Couldn't predict at time  02:19 ( 8340.0 )
Couldn't predict at time  02:20 ( 8400.0 )
Couldn't predict at time  02:21 ( 8460.0 )
Couldn't predict at time  02:22 ( 8520.0 )
Couldn't predict at time  02:23 ( 8580.0 )
Couldn't predict at time  02:24 ( 8640.0 )
Couldn't predict at time  02:25 ( 8700.0 )
Couldn't predict at time  02:26 ( 8760.0 )
Couldn't predict at time  02:27 ( 8820.0 )
Couldn't predict at time  02:28 ( 8880.0 )
Couldn't predict at time  02:29 ( 8940.0 )
Couldn't predict at time  02:30 ( 9000.0 )
Couldn't predict at time  02:31 ( 9060.0 )
Couldn't predict at time  02:32 ( 9120.0 )
Couldn't predict at time  02:33 ( 9180.0 )
Couldn't predict at time  02:34 ( 9240.0 )
Couldn't predict at time  02:35 ( 9300.0 )
Couldn't predict at time  02:36 ( 9360.0 )
Couldn't predict at time  02:37 ( 9420.0 )
Couldn't predict at time  02:38 ( 9480.0 )
Couldn't predict at time  02:39 ( 9540.0 )
Couldn't predict at time  02:40 ( 9600.0 )
Couldn't predict at time  02:41 ( 9660.0 )
Couldn't predict at time  02:42 ( 9720.0 )
Couldn't predict at time  02:43 ( 9780.0 )
Couldn't predict at time  02:44 ( 9840.0 )
Couldn't predict at time  02:45 ( 9900.0 )
Couldn't predict at time  02:46 ( 9960.0 )
Couldn't predict at time  02:47 ( 10020.0 )
Couldn't predict at time  02:48 ( 10080.0 )
Couldn't predict at time  02:49 ( 10140.0 )
Couldn't predict at time  02:50 ( 10200.0 )
Couldn't predict at time  02:51 ( 10260.0 )
Couldn't predict at time  02:52 ( 10320.0 )
Couldn't predict at time  02:53 ( 10380.0 )
Couldn't predict at time  02:54 ( 10440.0 )
Couldn't predict at time  02:55 ( 10500.0 )
Couldn't predict at time  02:56 ( 10560.0 )
Couldn't predict at time  02:57 ( 10620.0 )
Couldn't predict at time  02:58 ( 10680.0 )
Couldn't predict at time  02:59 ( 10740.0 )
Couldn't predict at time  03:00 ( 10800.0 )
Couldn't predict at time  03:01 ( 10860.0 )
Couldn't predict at time  03:02 ( 10920.0 )
Couldn't predict at time  03:03 ( 10980.0 )
Couldn't predict at time  03:04 ( 11040.0 )
Couldn't predict at time  03:05 ( 11100.0 )
Couldn't predict at time  03:06 ( 11160.0 )
Couldn't predict at time  03:07 ( 11220.0 )
Couldn't predict at time  03:08 ( 11280.0 )
Couldn't predict at time  03:09 ( 11340.0 )
Couldn't predict at time  03:10 ( 11400.0 )
Couldn't predict at time  03:11 ( 11460.0 )
Couldn't predict at time  03:12 ( 11520.0 )
Couldn't predict at time  03:13 ( 11580.0 )
Couldn't predict at time  03:14 ( 11640.0 )
Couldn't predict at time  03:15 ( 11700.0 )
Couldn't predict at time  03:16 ( 11760.0 )
Couldn't predict at time  03:17 ( 11820.0 )
Couldn't predict at time  03:18 ( 11880.0 )
Couldn't predict at time  03:19 ( 11940.0 )
Couldn't predict at time  03:20 ( 12000.0 )
Couldn't predict at time  03:21 ( 12060.0 )
Couldn't predict at time  03:22 ( 12120.0 )
Couldn't predict at time  03:23 ( 12180.0 )
Couldn't predict at time  03:24 ( 12240.0 )
Couldn't predict at time  03:25 ( 12300.0 )
Couldn't predict at time  03:26 ( 12360.0 )
Couldn't predict at time  03:27 ( 12420.0 )
Couldn't predict at time  03:28 ( 12480.0 )
Couldn't predict at time  03:29 ( 12540.0 )
Couldn't predict at time  03:30 ( 12600.0 )
Couldn't predict at time  03:31 ( 12660.0 )
Couldn't predict at time  03:32 ( 12720.0 )
Couldn't predict at time  03:33 ( 12780.0 )
Couldn't predict at time  03:34 ( 12840.0 )
Couldn't predict at time  03:35 ( 12900.0 )
Couldn't predict at time  03:36 ( 12960.0 )
Couldn't predict at time  03:37 ( 13020.0 )
Couldn't predict at time  03:38 ( 13080.0 )
Couldn't predict at time  03:39 ( 13140.0 )
Couldn't predict at time  03:40 ( 13200.0 )
Couldn't predict at time  03:41 ( 13260.0 )
Couldn't predict at time  03:42 ( 13320.0 )
Couldn't predict at time  03:43 ( 13380.0 )
Couldn't predict at time  03:44 ( 13440.0 )
Couldn't predict at time  03:45 ( 13500.0 )
Couldn't predict at time  03:46 ( 13560.0 )
Couldn't predict at time  03:47 ( 13620.0 )
Couldn't predict at time  03:48 ( 13680.0 )
Couldn't predict at time  03:49 ( 13740.0 )
Couldn't predict at time  03:50 ( 13800.0 )
Couldn't predict at time  03:51 ( 13860.0 )
Couldn't predict at time  03:52 ( 13920.0 )
Couldn't predict at time  03:53 ( 13980.0 )
Couldn't predict at time  03:54 ( 14040.0 )
Couldn't predict at time  03:55 ( 14100.0 )
Couldn't predict at time  03:56 ( 14160.0 )
Couldn't predict at time  03:57 ( 14220.0 )
Couldn't predict at time  03:58 ( 14280.0 )
Couldn't predict at time  03:59 ( 14340.0 )
Couldn't predict at time  04:00 ( 14400.0 )
Couldn't predict at time  04:01 ( 14460.0 )
Couldn't predict at time  04:02 ( 14520.0 )
Couldn't predict at time  04:03 ( 14580.0 )
Couldn't predict at time  04:04 ( 14640.0 )
Couldn't predict at time  04:05 ( 14700.0 )
Couldn't predict at time  04:06 ( 14760.0 )
Couldn't predict at time  04:07 ( 14820.0 )
Couldn't predict at time  04:08 ( 14880.0 )
Couldn't predict at time  04:09 ( 14940.0 )
Couldn't predict at time  04:10 ( 15000.0 )
Couldn't predict at time  04:11 ( 15060.0 )
Couldn't predict at time  04:12 ( 15120.0 )
Couldn't predict at time  04:13 ( 15180.0 )
Couldn't predict at time  04:14 ( 15240.0 )
Couldn't predict at time  04:15 ( 15300.0 )
Couldn't predict at time  04:16 ( 15360.0 )
Couldn't predict at time  04:17 ( 15420.0 )
Couldn't predict at time  04:18 ( 15480.0 )
Couldn't predict at time  04:19 ( 15540.0 )
Couldn't predict at time  04:20 ( 15600.0 )
Couldn't predict at time  04:21 ( 15660.0 )
Couldn't predict at time  04:22 ( 15720.0 )
Couldn't predict at time  04:23 ( 15780.0 )
Couldn't predict at time  04:24 ( 15840.0 )
Couldn't predict at time  04:25 ( 15900.0 )
Couldn't predict at time  04:26 ( 15960.0 )
Couldn't predict at time  04:27 ( 16020.0 )
Couldn't predict at time  04:28 ( 16080.0 )
Couldn't predict at time  04:29 ( 16140.0 )
Couldn't predict at time  04:30 ( 16200.0 )
Couldn't predict at time  04:31 ( 16260.0 )
Couldn't predict at time  04:32 ( 16320.0 )
Couldn't predict at time  04:33 ( 16380.0 )
Couldn't predict at time  04:34 ( 16440.0 )
Couldn't predict at time  04:35 ( 16500.0 )
Couldn't predict at time  04:36 ( 16560.0 )
Couldn't predict at time  04:37 ( 16620.0 )
Couldn't predict at time  04:38 ( 16680.0 )
Couldn't predict at time  04:39 ( 16740.0 )
Couldn't predict at time  04:40 ( 16800.0 )
Couldn't predict at time  04:41 ( 16860.0 )
Couldn't predict at time  04:42 ( 16920.0 )
Couldn't predict at time  04:43 ( 16980.0 )
Couldn't predict at time  04:44 ( 17040.0 )
Couldn't predict at time  04:45 ( 17100.0 )
Couldn't predict at time  04:46 ( 17160.0 )
Couldn't predict at time  04:47 ( 17220.0 )
Couldn't predict at time  04:48 ( 17280.0 )
Couldn't predict at time  04:49 ( 17340.0 )
Couldn't predict at time  04:50 ( 17400.0 )
Couldn't predict at time  04:51 ( 17460.0 )
Couldn't predict at time  04:52 ( 17520.0 )
Couldn't predict at time  04:53 ( 17580.0 )
Couldn't predict at time  04:54 ( 17640.0 )
Couldn't predict at time  04:55 ( 17700.0 )
Couldn't predict at time  04:56 ( 17760.0 )
Couldn't predict at time  04:57 ( 17820.0 )
Couldn't predict at time  04:58 ( 17880.0 )
Couldn't predict at time  04:59 ( 17940.0 )
Couldn't predict at time  05:00 ( 18000.0 )
Couldn't predict at time  05:01 ( 18060.0 )
Couldn't predict at time  05:02 ( 18120.0 )
Couldn't predict at time  05:03 ( 18180.0 )
Couldn't predict at time  05:04 ( 18240.0 )
Couldn't predict at time  05:05 ( 18300.0 )
Couldn't predict at time  05:06 ( 18360.0 )
Couldn't predict at time  05:07 ( 18420.0 )
Couldn't predict at time  05:08 ( 18480.0 )
Couldn't predict at time  05:09 ( 18540.0 )
Couldn't predict at time  05:10 ( 18600.0 )
Couldn't predict at time  05:11 ( 18660.0 )
Couldn't predict at time  05:12 ( 18720.0 )
Couldn't predict at time  05:13 ( 18780.0 )
Couldn't predict at time  05:14 ( 18840.0 )
Couldn't predict at time  05:15 ( 18900.0 )
Couldn't predict at time  05:16 ( 18960.0 )
Couldn't predict at time  05:17 ( 19020.0 )
Couldn't predict at time  05:18 ( 19080.0 )
Couldn't predict at time  05:19 ( 19140.0 )
Couldn't predict at time  05:20 ( 19200.0 )
Couldn't predict at time  05:21 ( 19260.0 )
Couldn't predict at time  05:22 ( 19320.0 )
Couldn't predict at time  05:23 ( 19380.0 )
Couldn't predict at time  05:24 ( 19440.0 )
Couldn't predict at time  05:25 ( 19500.0 )
Couldn't predict at time  05:26 ( 19560.0 )
Couldn't predict at time  05:27 ( 19620.0 )
Couldn't predict at time  05:28 ( 19680.0 )
Couldn't predict at time  05:29 ( 19740.0 )
Couldn't predict at time  05:30 ( 19800.0 )
Couldn't predict at time  05:31 ( 19860.0 )
Couldn't predict at time  05:32 ( 19920.0 )
Couldn't predict at time  05:33 ( 19980.0 )
Couldn't predict at time  05:34 ( 20040.0 )
Couldn't predict at time  05:35 ( 20100.0 )
Couldn't predict at time  05:36 ( 20160.0 )
Couldn't predict at time  05:37 ( 20220.0 )
Couldn't predict at time  05:38 ( 20280.0 )
Couldn't predict at time  05:39 ( 20340.0 )
Couldn't predict at time  05:40 ( 20400.0 )
Couldn't predict at time  05:41 ( 20460.0 )
Couldn't predict at time  05:42 ( 20520.0 )
Couldn't predict at time  05:43 ( 20580.0 )
Couldn't predict at time  05:44 ( 20640.0 )
Couldn't predict at time  05:45 ( 20700.0 )
Couldn't predict at time  05:46 ( 20760.0 )
Couldn't predict at time  05:47 ( 20820.0 )
Couldn't predict at time  05:48 ( 20880.0 )
Couldn't predict at time  05:49 ( 20940.0 )
Couldn't predict at time  05:50 ( 21000.0 )
Couldn't predict at time  05:51 ( 21060.0 )
Couldn't predict at time  05:52 ( 21120.0 )
Couldn't predict at time  05:53 ( 21180.0 )
Couldn't predict at time  05:54 ( 21240.0 )
Couldn't predict at time  05:55 ( 21300.0 )
Couldn't predict at time  05:56 ( 21360.0 )
Couldn't predict at time  05:57 ( 21420.0 )
Couldn't predict at time  05:58 ( 21480.0 )
Couldn't predict at time  05:59 ( 21540.0 )
Couldn't predict at time  06:00 ( 21600.0 )
Couldn't predict at time  06:01 ( 21660.0 )
Couldn't predict at time  06:02 ( 21720.0 )
Couldn't predict at time  06:03 ( 21780.0 )
Couldn't predict at time  06:04 ( 21840.0 )
Couldn't predict at time  06:05 ( 21900.0 )
Couldn't predict at time  06:06 ( 21960.0 )
Couldn't predict at time  06:07 ( 22020.0 )
Couldn't predict at time  06:08 ( 22080.0 )
Couldn't predict at time  06:09 ( 22140.0 )
Couldn't predict at time  06:10 ( 22200.0 )
Couldn't predict at time  06:11 ( 22260.0 )
Couldn't predict at time  06:12 ( 22320.0 )
Couldn't predict at time  06:13 ( 22380.0 )
Couldn't predict at time  06:14 ( 22440.0 )
Couldn't predict at time  06:15 ( 22500.0 )
Couldn't predict at time  06:16 ( 22560.0 )
Couldn't predict at time  06:17 ( 22620.0 )
Couldn't predict at time  06:18 ( 22680.0 )
Couldn't predict at time  06:19 ( 22740.0 )
Couldn't predict at time  06:20 ( 22800.0 )
Couldn't predict at time  06:21 ( 22860.0 )
Couldn't predict at time  06:22 ( 22920.0 )
Couldn't predict at time  06:23 ( 22980.0 )
Couldn't predict at time  06:24 ( 23040.0 )
Couldn't predict at time  06:25 ( 23100.0 )
Couldn't predict at time  06:26 ( 23160.0 )
Couldn't predict at time  06:27 ( 23220.0 )
Couldn't predict at time  06:28 ( 23280.0 )
Couldn't predict at time  06:29 ( 23340.0 )
Couldn't predict at time  06:30 ( 23400.0 )
Couldn't predict at time  06:31 ( 23460.0 )
Couldn't predict at time  06:32 ( 23520.0 )
Couldn't predict at time  06:33 ( 23580.0 )
Couldn't predict at time  06:34 ( 23640.0 )
Couldn't predict at time  06:35 ( 23700.0 )
Couldn't predict at time  06:36 ( 23760.0 )
Couldn't predict at time  06:37 ( 23820.0 )
Couldn't predict at time  06:38 ( 23880.0 )
Couldn't predict at time  06:39 ( 23940.0 )
Couldn't predict at time  06:40 ( 24000.0 )
Couldn't predict at time  06:41 ( 24060.0 )
Couldn't predict at time  06:42 ( 24120.0 )
Couldn't predict at time  06:43 ( 24180.0 )
Couldn't predict at time  06:44 ( 24240.0 )
Couldn't predict at time  06:45 ( 24300.0 )
Couldn't predict at time  06:46 ( 24360.0 )
Couldn't predict at time  06:47 ( 24420.0 )
Couldn't predict at time  06:48 ( 24480.0 )
Couldn't predict at time  06:49 ( 24540.0 )
Couldn't predict at time  06:50 ( 24600.0 )
Couldn't predict at time  06:51 ( 24660.0 )
Couldn't predict at time  06:52 ( 24720.0 )
Couldn't predict at time  06:53 ( 24780.0 )
Couldn't predict at time  06:54 ( 24840.0 )
Couldn't predict at time  06:55 ( 24900.0 )
Couldn't predict at time  06:56 ( 24960.0 )
Couldn't predict at time  06:57 ( 25020.0 )
Couldn't predict at time  06:58 ( 25080.0 )
Couldn't predict at time  06:59 ( 25140.0 )
Couldn't predict at time  07:00 ( 25200.0 )
Couldn't predict at time  07:01 ( 25260.0 )
Couldn't predict at time  07:02 ( 25320.0 )
Couldn't predict at time  07:03 ( 25380.0 )
Couldn't predict at time  07:04 ( 25440.0 )
Couldn't predict at time  07:05 ( 25500.0 )
Couldn't predict at time  07:06 ( 25560.0 )
Couldn't predict at time  07:07 ( 25620.0 )
Couldn't predict at time  07:08 ( 25680.0 )
Couldn't predict at time  07:09 ( 25740.0 )
Couldn't predict at time  07:10 ( 25800.0 )
Couldn't predict at time  07:11 ( 25860.0 )
Couldn't predict at time  07:12 ( 25920.0 )
Couldn't predict at time  07:13 ( 25980.0 )
Couldn't predict at time  07:14 ( 26040.0 )
Couldn't predict at time  07:15 ( 26100.0 )
Couldn't predict at time  07:16 ( 26160.0 )
Couldn't predict at time  07:17 ( 26220.0 )
Couldn't predict at time  07:18 ( 26280.0 )
Couldn't predict at time  07:19 ( 26340.0 )
Couldn't predict at time  07:20 ( 26400.0 )
Couldn't predict at time  07:21 ( 26460.0 )
Couldn't predict at time  07:22 ( 26520.0 )
Couldn't predict at time  07:23 ( 26580.0 )
Couldn't predict at time  07:24 ( 26640.0 )
Couldn't predict at time  07:25 ( 26700.0 )
Couldn't predict at time  07:26 ( 26760.0 )
Couldn't predict at time  07:27 ( 26820.0 )
Couldn't predict at time  07:28 ( 26880.0 )
Couldn't predict at time  07:29 ( 26940.0 )
Couldn't predict at time  07:30 ( 27000.0 )
Couldn't predict at time  07:31 ( 27060.0 )
Couldn't predict at time  07:32 ( 27120.0 )
Couldn't predict at time  07:33 ( 27180.0 )
Couldn't predict at time  07:34 ( 27240.0 )
Couldn't predict at time  07:35 ( 27300.0 )
Couldn't predict at time  07:36 ( 27360.0 )
Couldn't predict at time  07:37 ( 27420.0 )
Couldn't predict at time  07:38 ( 27480.0 )
Couldn't predict at time  07:39 ( 27540.0 )
Couldn't predict at time  07:40 ( 27600.0 )
Couldn't predict at time  07:41 ( 27660.0 )
Couldn't predict at time  07:42 ( 27720.0 )
Couldn't predict at time  07:43 ( 27780.0 )
Couldn't predict at time  07:44 ( 27840.0 )
Couldn't predict at time  07:45 ( 27900.0 )
Couldn't predict at time  07:46 ( 27960.0 )
Couldn't predict at time  07:47 ( 28020.0 )
Couldn't predict at time  07:48 ( 28080.0 )
Couldn't predict at time  07:49 ( 28140.0 )
Couldn't predict at time  07:50 ( 28200.0 )
Couldn't predict at time  07:51 ( 28260.0 )
Couldn't predict at time  07:52 ( 28320.0 )
Couldn't predict at time  07:53 ( 28380.0 )
Couldn't predict at time  07:54 ( 28440.0 )
Couldn't predict at time  07:55 ( 28500.0 )
Couldn't predict at time  07:56 ( 28560.0 )
Couldn't predict at time  07:57 ( 28620.0 )
Couldn't predict at time  07:58 ( 28680.0 )
Couldn't predict at time  07:59 ( 28740.0 )
Couldn't predict at time  08:00 ( 28800.0 )
Couldn't predict at time  08:01 ( 28860.0 )
Couldn't predict at time  08:02 ( 28920.0 )
Couldn't predict at time  08:03 ( 28980.0 )
Couldn't predict at time  08:04 ( 29040.0 )
Couldn't predict at time  08:05 ( 29100.0 )
Couldn't predict at time  08:06 ( 29160.0 )
Couldn't predict at time  08:07 ( 29220.0 )
Couldn't predict at time  08:08 ( 29280.0 )
Couldn't predict at time  08:09 ( 29340.0 )
Couldn't predict at time  08:10 ( 29400.0 )
Couldn't predict at time  08:11 ( 29460.0 )
Couldn't predict at time  08:12 ( 29520.0 )
Couldn't predict at time  08:13 ( 29580.0 )
Couldn't predict at time  08:14 ( 29640.0 )
Couldn't predict at time  08:15 ( 29700.0 )
Couldn't predict at time  08:16 ( 29760.0 )
Couldn't predict at time  08:17 ( 29820.0 )
Couldn't predict at time  08:18 ( 29880.0 )
Couldn't predict at time  08:19 ( 29940.0 )
Couldn't predict at time  08:20 ( 30000.0 )
Couldn't predict at time  08:21 ( 30060.0 )
Couldn't predict at time  08:22 ( 30120.0 )
Couldn't predict at time  08:23 ( 30180.0 )
Couldn't predict at time  08:24 ( 30240.0 )
Couldn't predict at time  08:25 ( 30300.0 )
Couldn't predict at time  08:26 ( 30360.0 )
Couldn't predict at time  08:27 ( 30420.0 )
Couldn't predict at time  08:28 ( 30480.0 )
Couldn't predict at time  08:29 ( 30540.0 )
Couldn't predict at time  08:30 ( 30600.0 )
Couldn't predict at time  08:31 ( 30660.0 )
Couldn't predict at time  08:32 ( 30720.0 )
Couldn't predict at time  08:33 ( 30780.0 )
Couldn't predict at time  08:34 ( 30840.0 )
Couldn't predict at time  08:35 ( 30900.0 )
Couldn't predict at time  08:36 ( 30960.0 )
Couldn't predict at time  08:37 ( 31020.0 )
Couldn't predict at time  08:38 ( 31080.0 )
Couldn't predict at time  08:39 ( 31140.0 )
Couldn't predict at time  08:40 ( 31200.0 )
Couldn't predict at time  08:41 ( 31260.0 )
Couldn't predict at time  08:42 ( 31320.0 )
Couldn't predict at time  08:43 ( 31380.0 )
Couldn't predict at time  08:44 ( 31440.0 )
Couldn't predict at time  08:45 ( 31500.0 )
Couldn't predict at time  08:46 ( 31560.0 )
Couldn't predict at time  08:47 ( 31620.0 )
Couldn't predict at time  08:48 ( 31680.0 )
Couldn't predict at time  08:49 ( 31740.0 )
Couldn't predict at time  08:50 ( 31800.0 )
Couldn't predict at time  08:51 ( 31860.0 )
Couldn't predict at time  08:52 ( 31920.0 )
Couldn't predict at time  08:53 ( 31980.0 )
Couldn't predict at time  08:54 ( 32040.0 )
Couldn't predict at time  08:55 ( 32100.0 )
Couldn't predict at time  08:56 ( 32160.0 )
Couldn't predict at time  08:57 ( 32220.0 )
Couldn't predict at time  08:58 ( 32280.0 )
Couldn't predict at time  08:59 ( 32340.0 )
Couldn't predict at time  09:00 ( 32400.0 )
Couldn't predict at time  09:01 ( 32460.0 )
Vehicles: [20.0, 0.0]
Corresponsing times: [30, 10]
Fog down for  317 s at 09:06 ( 32760.0 )
Vehicles: [30.0, 9.0]
Corresponsing times: [30, 27.692307692307693]
Fog down for  17 s at 09:11 ( 33060.0 )
Vehicles: [30.0, 2.0]
Corresponsing times: [30, 10]
Fog down for  590 s at 09:16 ( 33360.0 )
Vehicles: [11.0, 2.0]
Corresponsing times: [30, 18.461538461538463]
Fog down for  290 s at 09:21 ( 33660.0 )
Vehicles: [31.0, 9.0]
Corresponsing times: [30, 27.0]
Vehicles: [302, 307]
Corresponsing times: [30, 30]
Vehicles: [297, 369]
Corresponsing times: [30, 30]
Fog down for  603 s at 09:36 ( 34566.0 )
Vehicles: [11.0, 5.0]
Corresponsing times: [30, 30]
Fog down for  303 s at 09:41 ( 34866.0 )
Vehicles: [19.0, 11.0]
Corresponsing times: [30, 30]
Fog down for  3 s at 09:46 ( 35166.0 )
Vehicles: [21.0, 17.0]
Corresponsing times: [30, 30]
Fog down for  611 s at 09:51 ( 35466.0 )
Vehicles: [14.0, 6.0]
Corresponsing times: [30, 30]
Fog down for  311 s at 09:56 ( 35766.0 )
Vehicles: [23.0, 11.0]
Corresponsing times: [30, 30]
Fog down for  11 s at 10:01 ( 36066.0 )
Vehicles: [35.0, 14.0]
Corresponsing times: [30, 30]
Fog down for  621 s at 10:06 ( 36366.0 )
Vehicles: [39.0, 24.0]
Corresponsing times: [30, 30]
Fog down for  321 s at 10:11 ( 36666.0 )
Vehicles: [38.0, 12.0]
Corresponsing times: [30, 28.799999999999997]
Fog down for  21 s at 10:16 ( 36966.0 )
Vehicles: [43.0, 14.0]
Corresponsing times: [30, 29.473684210526315]
Fog down for  610 s at 10:21 ( 37266.0 )
Vehicles: [30.0, 14.0]
Corresponsing times: [30, 30]
Fog down for  310 s at 10:26 ( 37566.0 )
Vehicles: [47.0, 8.0]
Corresponsing times: [30, 17.454545454545453]
Fog down for  10 s at 10:31 ( 37866.0 )
Vehicles: [49.0, 18.0]
Corresponsing times: [30, 30]
Vehicles: [305, 316]
Corresponsing times: [30, 30]
Fog down for  580 s at 10:41 ( 38469.0 )
Vehicles: [64.0, 17.0]
Corresponsing times: [30, 25.185185185185183]
Fog down for  280 s at 10:46 ( 38769.0 )
Vehicles: [40.0, 18.0]
Corresponsing times: [30, 30]
Fog down for  581 s at 10:51 ( 39069.0 )
Vehicles: [29.0, 13.0]
Corresponsing times: [30, 30]
Fog down for  281 s at 10:56 ( 39369.0 )
Vehicles: [24.0, 42.0]
Corresponsing times: [30, 30]
Vehicles: [280, 265]
Corresponsing times: [30, 30]
Vehicles: [223, 294]
Corresponsing times: [30, 30]
Vehicles: [286, 284]
Corresponsing times: [30, 30]
Vehicles: [365, 292]
Corresponsing times: [30, 30]
Vehicles: [279, 315]
Corresponsing times: [30, 30]
Fog down for  579 s at 11:26 ( 41184.0 )
Vehicles: [40.0, 30.0]
Corresponsing times: [30, 30]
Fog down for  279 s at 11:31 ( 41484.0 )
Vehicles: [28.0, 15.0]
Corresponsing times: [30, 30]
Vehicles: [220, 383]
Corresponsing times: [30, 30]
Fog down for  629 s at 11:41 ( 42087.0 )
Vehicles: [49.0, 30.0]
Corresponsing times: [30, 30]
Fog down for  329 s at 11:46 ( 42387.0 )
Vehicles: [73.0, 8.0]
Corresponsing times: [30, 11.851851851851851]
Fog down for  29 s at 11:51 ( 42687.0 )
Vehicles: [60.0, 19.0]
Corresponsing times: [30, 28.860759493670887]
Fog down for  599 s at 11:56 ( 42987.0 )
Vehicles: [59.0, 37.0]
Corresponsing times: [30, 30]
Fog down for  299 s at 12:01 ( 43287.0 )
Couldn't predict at time  12:02 ( 43347.0 )
Couldn't predict at time  12:03 ( 43407.0 )
Simulation over
