 Retrying in 1 seconds
Could not connect to TraCI server at localhost:8813 [Errno 111] Connection refused
 Retrying in 1 seconds
Could not connect to TraCI server at localhost:8813 [Errno 111] Connection refused
 Retrying in 1 seconds
Could not connect to TraCI server at localhost:8813 [Errno 111] Connection refused
 Retrying in 1 seconds
Could not connect to TraCI server at localhost:8813 [Errno 111] Connection refused
 Retrying in 1 seconds
Could not connect to TraCI server at localhost:8813 [Errno 111] Connection refused
 Retrying in 1 seconds
Could not connect to TraCI server at localhost:8813 [Errno 111] Connection refused
 Retrying in 1 seconds
Could not connect to TraCI server at localhost:8813 [Errno 111] Connection refused
 Retrying in 1 seconds
Could not connect to TraCI server at localhost:8813 [Errno 111] Connection refused
 Retrying in 1 seconds
Could not connect to TraCI server at localhost:8813 [Errno 111] Connection refused
 Retrying in 1 seconds
Could not connect to TraCI server at localhost:8813 [Errno 111] Connection refused
 Retrying in 1 seconds
Could not connect to TraCI server at localhost:8813 [Errno 111] Connection refused
 Retrying in 1 seconds
Could not connect to TraCI server at localhost:8813 [Errno 111] Connection refused
 Retrying in 1 seconds
Could not connect to TraCI server at localhost:8813 [Errno 111] Connection refused
 Retrying in 1 seconds
Could not connect to TraCI server at localhost:8813 [Errno 111] Connection refused
 Retrying in 1 seconds
Fog down for  644 s at 00:10 ( 606.0 )
Couldn't predict at time  00:11 ( 666.0 )
Couldn't predict at time  00:12 ( 726.0 )
Couldn't predict at time  00:13 ( 786.0 )
Couldn't predict at time  00:14 ( 846.0 )
Couldn't predict at time  00:15 ( 906.0 )
Couldn't predict at time  00:16 ( 966.0 )
Couldn't predict at time  00:17 ( 1026.0 )
Couldn't predict at time  00:18 ( 1086.0 )
Couldn't predict at time  00:19 ( 1146.0 )
Couldn't predict at time  00:20 ( 1206.0 )
Couldn't predict at time  00:21 ( 1266.0 )
Couldn't predict at time  00:22 ( 1326.0 )
Couldn't predict at time  00:23 ( 1386.0 )
Couldn't predict at time  00:24 ( 1446.0 )
Couldn't predict at time  00:25 ( 1506.0 )
Couldn't predict at time  00:26 ( 1566.0 )
Couldn't predict at time  00:27 ( 1626.0 )
Couldn't predict at time  00:28 ( 1686.0 )
Couldn't predict at time  00:29 ( 1746.0 )
Couldn't predict at time  00:30 ( 1806.0 )
Couldn't predict at time  00:31 ( 1866.0 )
Couldn't predict at time  00:32 ( 1926.0 )
Couldn't predict at time  00:33 ( 1986.0 )
Couldn't predict at time  00:34 ( 2046.0 )
Couldn't predict at time  00:35 ( 2106.0 )
Couldn't predict at time  00:36 ( 2166.0 )
Couldn't predict at time  00:37 ( 2226.0 )
Couldn't predict at time  00:38 ( 2286.0 )
Couldn't predict at time  00:39 ( 2346.0 )
Couldn't predict at time  00:40 ( 2406.0 )
Couldn't predict at time  00:41 ( 2466.0 )
Couldn't predict at time  00:42 ( 2526.0 )
Couldn't predict at time  00:43 ( 2586.0 )
Couldn't predict at time  00:44 ( 2646.0 )
Couldn't predict at time  00:45 ( 2706.0 )
Couldn't predict at time  00:46 ( 2766.0 )
Couldn't predict at time  00:47 ( 2826.0 )
Couldn't predict at time  00:48 ( 2886.0 )
Couldn't predict at time  00:49 ( 2946.0 )
Couldn't predict at time  00:50 ( 3006.0 )
Couldn't predict at time  00:51 ( 3066.0 )
Couldn't predict at time  00:52 ( 3126.0 )
Couldn't predict at time  00:53 ( 3186.0 )
Couldn't predict at time  00:54 ( 3246.0 )
Couldn't predict at time  00:55 ( 3306.0 )
Couldn't predict at time  00:56 ( 3366.0 )
Couldn't predict at time  00:57 ( 3426.0 )
Couldn't predict at time  00:58 ( 3486.0 )
Couldn't predict at time  00:59 ( 3546.0 )
Couldn't predict at time  01:00 ( 3606.0 )
Couldn't predict at time  01:01 ( 3666.0 )
Couldn't predict at time  01:02 ( 3726.0 )
Couldn't predict at time  01:03 ( 3786.0 )
Couldn't predict at time  01:04 ( 3846.0 )
Couldn't predict at time  01:05 ( 3906.0 )
Couldn't predict at time  01:06 ( 3966.0 )
Couldn't predict at time  01:07 ( 4026.0 )
Couldn't predict at time  01:08 ( 4086.0 )
Couldn't predict at time  01:09 ( 4146.0 )
Couldn't predict at time  01:10 ( 4206.0 )
Couldn't predict at time  01:11 ( 4266.0 )
Couldn't predict at time  01:12 ( 4326.0 )
Couldn't predict at time  01:13 ( 4386.0 )
Couldn't predict at time  01:14 ( 4446.0 )
Couldn't predict at time  01:15 ( 4506.0 )
Couldn't predict at time  01:16 ( 4566.0 )
Couldn't predict at time  01:17 ( 4626.0 )
Couldn't predict at time  01:18 ( 4686.0 )
Couldn't predict at time  01:19 ( 4746.0 )
Couldn't predict at time  01:20 ( 4806.0 )
Couldn't predict at time  01:21 ( 4866.0 )
Couldn't predict at time  01:22 ( 4926.0 )
Couldn't predict at time  01:23 ( 4986.0 )
Couldn't predict at time  01:24 ( 5046.0 )
Couldn't predict at time  01:25 ( 5106.0 )
Couldn't predict at time  01:26 ( 5166.0 )
Couldn't predict at time  01:27 ( 5226.0 )
Couldn't predict at time  01:28 ( 5286.0 )
Couldn't predict at time  01:29 ( 5346.0 )
Couldn't predict at time  01:30 ( 5406.0 )
Couldn't predict at time  01:31 ( 5466.0 )
Couldn't predict at time  01:32 ( 5526.0 )
Couldn't predict at time  01:33 ( 5586.0 )
Couldn't predict at time  01:34 ( 5646.0 )
Couldn't predict at time  01:35 ( 5706.0 )
Couldn't predict at time  01:36 ( 5766.0 )
Couldn't predict at time  01:37 ( 5826.0 )
Couldn't predict at time  01:38 ( 5886.0 )
Couldn't predict at time  01:39 ( 5946.0 )
Couldn't predict at time  01:40 ( 6006.0 )
Couldn't predict at time  01:41 ( 6066.0 )
Couldn't predict at time  01:42 ( 6126.0 )
Couldn't predict at time  01:43 ( 6186.0 )
Couldn't predict at time  01:44 ( 6246.0 )
Couldn't predict at time  01:45 ( 6306.0 )
Couldn't predict at time  01:46 ( 6366.0 )
Couldn't predict at time  01:47 ( 6426.0 )
Couldn't predict at time  01:48 ( 6486.0 )
Couldn't predict at time  01:49 ( 6546.0 )
Couldn't predict at time  01:50 ( 6606.0 )
Couldn't predict at time  01:51 ( 6666.0 )
Couldn't predict at time  01:52 ( 6726.0 )
Couldn't predict at time  01:53 ( 6786.0 )
Couldn't predict at time  01:54 ( 6846.0 )
Couldn't predict at time  01:55 ( 6906.0 )
Couldn't predict at time  01:56 ( 6966.0 )
Couldn't predict at time  01:57 ( 7026.0 )
Couldn't predict at time  01:58 ( 7086.0 )
Couldn't predict at time  01:59 ( 7146.0 )
Couldn't predict at time  02:00 ( 7206.0 )
Couldn't predict at time  02:01 ( 7266.0 )
Couldn't predict at time  02:02 ( 7326.0 )
Couldn't predict at time  02:03 ( 7386.0 )
Couldn't predict at time  02:04 ( 7446.0 )
Couldn't predict at time  02:05 ( 7506.0 )
Couldn't predict at time  02:06 ( 7566.0 )
Couldn't predict at time  02:07 ( 7626.0 )
Couldn't predict at time  02:08 ( 7686.0 )
Couldn't predict at time  02:09 ( 7746.0 )
Couldn't predict at time  02:10 ( 7806.0 )
Couldn't predict at time  02:11 ( 7866.0 )
Couldn't predict at time  02:12 ( 7926.0 )
Couldn't predict at time  02:13 ( 7986.0 )
Couldn't predict at time  02:14 ( 8046.0 )
Couldn't predict at time  02:15 ( 8106.0 )
Couldn't predict at time  02:16 ( 8166.0 )
Couldn't predict at time  02:17 ( 8226.0 )
Couldn't predict at time  02:18 ( 8286.0 )
Couldn't predict at time  02:19 ( 8346.0 )
Couldn't predict at time  02:20 ( 8406.0 )
Couldn't predict at time  02:21 ( 8466.0 )
Couldn't predict at time  02:22 ( 8526.0 )
Couldn't predict at time  02:23 ( 8586.0 )
Couldn't predict at time  02:24 ( 8646.0 )
Couldn't predict at time  02:25 ( 8706.0 )
Couldn't predict at time  02:26 ( 8766.0 )
Couldn't predict at time  02:27 ( 8826.0 )
Couldn't predict at time  02:28 ( 8886.0 )
Couldn't predict at time  02:29 ( 8946.0 )
Couldn't predict at time  02:30 ( 9006.0 )
Couldn't predict at time  02:31 ( 9066.0 )
Couldn't predict at time  02:32 ( 9126.0 )
Couldn't predict at time  02:33 ( 9186.0 )
Couldn't predict at time  02:34 ( 9246.0 )
Couldn't predict at time  02:35 ( 9306.0 )
Couldn't predict at time  02:36 ( 9366.0 )
Couldn't predict at time  02:37 ( 9426.0 )
Couldn't predict at time  02:38 ( 9486.0 )
Couldn't predict at time  02:39 ( 9546.0 )
Couldn't predict at time  02:40 ( 9606.0 )
Couldn't predict at time  02:41 ( 9666.0 )
Couldn't predict at time  02:42 ( 9726.0 )
Couldn't predict at time  02:43 ( 9786.0 )
Couldn't predict at time  02:44 ( 9846.0 )
Couldn't predict at time  02:45 ( 9906.0 )
Couldn't predict at time  02:46 ( 9966.0 )
Couldn't predict at time  02:47 ( 10026.0 )
Couldn't predict at time  02:48 ( 10086.0 )
Couldn't predict at time  02:49 ( 10146.0 )
Couldn't predict at time  02:50 ( 10206.0 )
Couldn't predict at time  02:51 ( 10266.0 )
Couldn't predict at time  02:52 ( 10326.0 )
Couldn't predict at time  02:53 ( 10386.0 )
Couldn't predict at time  02:54 ( 10446.0 )
Couldn't predict at time  02:55 ( 10506.0 )
Couldn't predict at time  02:56 ( 10566.0 )
Couldn't predict at time  02:57 ( 10626.0 )
Couldn't predict at time  02:58 ( 10686.0 )
Couldn't predict at time  02:59 ( 10746.0 )
Couldn't predict at time  03:00 ( 10806.0 )
Couldn't predict at time  03:01 ( 10866.0 )
Couldn't predict at time  03:02 ( 10926.0 )
Couldn't predict at time  03:03 ( 10986.0 )
Couldn't predict at time  03:04 ( 11046.0 )
Couldn't predict at time  03:05 ( 11106.0 )
Couldn't predict at time  03:06 ( 11166.0 )
Couldn't predict at time  03:07 ( 11226.0 )
Couldn't predict at time  03:08 ( 11286.0 )
Couldn't predict at time  03:09 ( 11346.0 )
Couldn't predict at time  03:10 ( 11406.0 )
Couldn't predict at time  03:11 ( 11466.0 )
Couldn't predict at time  03:12 ( 11526.0 )
Couldn't predict at time  03:13 ( 11586.0 )
Couldn't predict at time  03:14 ( 11646.0 )
Couldn't predict at time  03:15 ( 11706.0 )
Couldn't predict at time  03:16 ( 11766.0 )
Couldn't predict at time  03:17 ( 11826.0 )
Couldn't predict at time  03:18 ( 11886.0 )
Couldn't predict at time  03:19 ( 11946.0 )
Couldn't predict at time  03:20 ( 12006.0 )
Couldn't predict at time  03:21 ( 12066.0 )
Couldn't predict at time  03:22 ( 12126.0 )
Couldn't predict at time  03:23 ( 12186.0 )
Couldn't predict at time  03:24 ( 12246.0 )
Couldn't predict at time  03:25 ( 12306.0 )
Couldn't predict at time  03:26 ( 12366.0 )
Couldn't predict at time  03:27 ( 12426.0 )
Couldn't predict at time  03:28 ( 12486.0 )
Couldn't predict at time  03:29 ( 12546.0 )
Couldn't predict at time  03:30 ( 12606.0 )
Couldn't predict at time  03:31 ( 12666.0 )
Couldn't predict at time  03:32 ( 12726.0 )
Couldn't predict at time  03:33 ( 12786.0 )
Couldn't predict at time  03:34 ( 12846.0 )
Couldn't predict at time  03:35 ( 12906.0 )
Couldn't predict at time  03:36 ( 12966.0 )
Couldn't predict at time  03:37 ( 13026.0 )
Couldn't predict at time  03:38 ( 13086.0 )
Couldn't predict at time  03:39 ( 13146.0 )
Couldn't predict at time  03:40 ( 13206.0 )
Couldn't predict at time  03:41 ( 13266.0 )
Couldn't predict at time  03:42 ( 13326.0 )
Couldn't predict at time  03:43 ( 13386.0 )
Couldn't predict at time  03:44 ( 13446.0 )
Couldn't predict at time  03:45 ( 13506.0 )
Couldn't predict at time  03:46 ( 13566.0 )
Couldn't predict at time  03:47 ( 13626.0 )
Couldn't predict at time  03:48 ( 13686.0 )
Couldn't predict at time  03:49 ( 13746.0 )
Couldn't predict at time  03:50 ( 13806.0 )
Couldn't predict at time  03:51 ( 13866.0 )
Couldn't predict at time  03:52 ( 13926.0 )
Couldn't predict at time  03:53 ( 13986.0 )
Couldn't predict at time  03:54 ( 14046.0 )
Couldn't predict at time  03:55 ( 14106.0 )
Couldn't predict at time  03:56 ( 14166.0 )
Couldn't predict at time  03:57 ( 14226.0 )
Couldn't predict at time  03:58 ( 14286.0 )
Couldn't predict at time  03:59 ( 14346.0 )
Couldn't predict at time  04:00 ( 14406.0 )
Couldn't predict at time  04:01 ( 14466.0 )
Couldn't predict at time  04:02 ( 14526.0 )
Couldn't predict at time  04:03 ( 14586.0 )
Couldn't predict at time  04:04 ( 14646.0 )
Couldn't predict at time  04:05 ( 14706.0 )
Couldn't predict at time  04:06 ( 14766.0 )
Couldn't predict at time  04:07 ( 14826.0 )
Couldn't predict at time  04:08 ( 14886.0 )
Couldn't predict at time  04:09 ( 14946.0 )
Couldn't predict at time  04:10 ( 15006.0 )
Couldn't predict at time  04:11 ( 15066.0 )
Couldn't predict at time  04:12 ( 15126.0 )
Couldn't predict at time  04:13 ( 15186.0 )
Couldn't predict at time  04:14 ( 15246.0 )
Couldn't predict at time  04:15 ( 15306.0 )
Couldn't predict at time  04:16 ( 15366.0 )
Couldn't predict at time  04:17 ( 15426.0 )
Couldn't predict at time  04:18 ( 15486.0 )
Couldn't predict at time  04:19 ( 15546.0 )
Couldn't predict at time  04:20 ( 15606.0 )
Couldn't predict at time  04:21 ( 15666.0 )
Couldn't predict at time  04:22 ( 15726.0 )
Couldn't predict at time  04:23 ( 15786.0 )
Couldn't predict at time  04:24 ( 15846.0 )
Couldn't predict at time  04:25 ( 15906.0 )
Couldn't predict at time  04:26 ( 15966.0 )
Couldn't predict at time  04:27 ( 16026.0 )
Couldn't predict at time  04:28 ( 16086.0 )
Couldn't predict at time  04:29 ( 16146.0 )
Couldn't predict at time  04:30 ( 16206.0 )
Couldn't predict at time  04:31 ( 16266.0 )
Couldn't predict at time  04:32 ( 16326.0 )
Couldn't predict at time  04:33 ( 16386.0 )
Couldn't predict at time  04:34 ( 16446.0 )
Couldn't predict at time  04:35 ( 16506.0 )
Couldn't predict at time  04:36 ( 16566.0 )
Couldn't predict at time  04:37 ( 16626.0 )
Couldn't predict at time  04:38 ( 16686.0 )
Couldn't predict at time  04:39 ( 16746.0 )
Couldn't predict at time  04:40 ( 16806.0 )
Couldn't predict at time  04:41 ( 16866.0 )
Couldn't predict at time  04:42 ( 16926.0 )
Couldn't predict at time  04:43 ( 16986.0 )
Couldn't predict at time  04:44 ( 17046.0 )
Couldn't predict at time  04:45 ( 17106.0 )
Couldn't predict at time  04:46 ( 17166.0 )
Couldn't predict at time  04:47 ( 17226.0 )
Couldn't predict at time  04:48 ( 17286.0 )
Couldn't predict at time  04:49 ( 17346.0 )
Couldn't predict at time  04:50 ( 17406.0 )
Couldn't predict at time  04:51 ( 17466.0 )
Couldn't predict at time  04:52 ( 17526.0 )
Couldn't predict at time  04:53 ( 17586.0 )
Couldn't predict at time  04:54 ( 17646.0 )
Couldn't predict at time  04:55 ( 17706.0 )
Couldn't predict at time  04:56 ( 17766.0 )
Couldn't predict at time  04:57 ( 17826.0 )
Couldn't predict at time  04:58 ( 17886.0 )
Couldn't predict at time  04:59 ( 17946.0 )
Couldn't predict at time  05:00 ( 18006.0 )
Couldn't predict at time  05:01 ( 18066.0 )
Couldn't predict at time  05:02 ( 18126.0 )
Couldn't predict at time  05:03 ( 18186.0 )
Couldn't predict at time  05:04 ( 18246.0 )
Couldn't predict at time  05:05 ( 18306.0 )
Couldn't predict at time  05:06 ( 18366.0 )
Couldn't predict at time  05:07 ( 18426.0 )
Couldn't predict at time  05:08 ( 18486.0 )
Couldn't predict at time  05:09 ( 18546.0 )
Couldn't predict at time  05:10 ( 18606.0 )
Couldn't predict at time  05:11 ( 18666.0 )
Couldn't predict at time  05:12 ( 18726.0 )
Couldn't predict at time  05:13 ( 18786.0 )
Couldn't predict at time  05:14 ( 18846.0 )
Couldn't predict at time  05:15 ( 18906.0 )
Couldn't predict at time  05:16 ( 18966.0 )
Couldn't predict at time  05:17 ( 19026.0 )
Couldn't predict at time  05:18 ( 19086.0 )
Couldn't predict at time  05:19 ( 19146.0 )
Couldn't predict at time  05:20 ( 19206.0 )
Couldn't predict at time  05:21 ( 19266.0 )
Couldn't predict at time  05:22 ( 19326.0 )
Couldn't predict at time  05:23 ( 19386.0 )
Couldn't predict at time  05:24 ( 19446.0 )
Couldn't predict at time  05:25 ( 19506.0 )
Couldn't predict at time  05:26 ( 19566.0 )
Couldn't predict at time  05:27 ( 19626.0 )
Couldn't predict at time  05:28 ( 19686.0 )
Couldn't predict at time  05:29 ( 19746.0 )
Couldn't predict at time  05:30 ( 19806.0 )
Couldn't predict at time  05:31 ( 19866.0 )
Couldn't predict at time  05:32 ( 19926.0 )
Couldn't predict at time  05:33 ( 19986.0 )
Couldn't predict at time  05:34 ( 20046.0 )
Couldn't predict at time  05:35 ( 20106.0 )
Couldn't predict at time  05:36 ( 20166.0 )
Couldn't predict at time  05:37 ( 20226.0 )
Couldn't predict at time  05:38 ( 20286.0 )
Couldn't predict at time  05:39 ( 20346.0 )
Couldn't predict at time  05:40 ( 20406.0 )
Couldn't predict at time  05:41 ( 20466.0 )
Couldn't predict at time  05:42 ( 20526.0 )
Couldn't predict at time  05:43 ( 20586.0 )
Couldn't predict at time  05:44 ( 20646.0 )
Couldn't predict at time  05:45 ( 20706.0 )
Couldn't predict at time  05:46 ( 20766.0 )
Couldn't predict at time  05:47 ( 20826.0 )
Couldn't predict at time  05:48 ( 20886.0 )
Couldn't predict at time  05:49 ( 20946.0 )
Couldn't predict at time  05:50 ( 21006.0 )
Couldn't predict at time  05:51 ( 21066.0 )
Couldn't predict at time  05:52 ( 21126.0 )
Couldn't predict at time  05:53 ( 21186.0 )
Couldn't predict at time  05:54 ( 21246.0 )
Couldn't predict at time  05:55 ( 21306.0 )
Couldn't predict at time  05:56 ( 21366.0 )
Couldn't predict at time  05:57 ( 21426.0 )
Couldn't predict at time  05:58 ( 21486.0 )
Couldn't predict at time  05:59 ( 21546.0 )
Couldn't predict at time  06:00 ( 21606.0 )
Couldn't predict at time  06:01 ( 21666.0 )
Couldn't predict at time  06:02 ( 21726.0 )
Couldn't predict at time  06:03 ( 21786.0 )
Couldn't predict at time  06:04 ( 21846.0 )
Couldn't predict at time  06:05 ( 21906.0 )
Couldn't predict at time  06:06 ( 21966.0 )
Couldn't predict at time  06:07 ( 22026.0 )
Couldn't predict at time  06:08 ( 22086.0 )
Couldn't predict at time  06:09 ( 22146.0 )
Couldn't predict at time  06:10 ( 22206.0 )
Couldn't predict at time  06:11 ( 22266.0 )
Couldn't predict at time  06:12 ( 22326.0 )
Couldn't predict at time  06:13 ( 22386.0 )
Couldn't predict at time  06:14 ( 22446.0 )
Couldn't predict at time  06:15 ( 22506.0 )
Couldn't predict at time  06:16 ( 22566.0 )
Couldn't predict at time  06:17 ( 22626.0 )
Couldn't predict at time  06:18 ( 22686.0 )
Couldn't predict at time  06:19 ( 22746.0 )
Couldn't predict at time  06:20 ( 22806.0 )
Couldn't predict at time  06:21 ( 22866.0 )
Couldn't predict at time  06:22 ( 22926.0 )
Couldn't predict at time  06:23 ( 22986.0 )
Couldn't predict at time  06:24 ( 23046.0 )
Couldn't predict at time  06:25 ( 23106.0 )
Couldn't predict at time  06:26 ( 23166.0 )
Couldn't predict at time  06:27 ( 23226.0 )
Couldn't predict at time  06:28 ( 23286.0 )
Couldn't predict at time  06:29 ( 23346.0 )
Couldn't predict at time  06:30 ( 23406.0 )
Couldn't predict at time  06:31 ( 23466.0 )
Couldn't predict at time  06:32 ( 23526.0 )
Couldn't predict at time  06:33 ( 23586.0 )
Couldn't predict at time  06:34 ( 23646.0 )
Couldn't predict at time  06:35 ( 23706.0 )
Couldn't predict at time  06:36 ( 23766.0 )
Couldn't predict at time  06:37 ( 23826.0 )
Couldn't predict at time  06:38 ( 23886.0 )
Couldn't predict at time  06:39 ( 23946.0 )
Couldn't predict at time  06:40 ( 24006.0 )
Couldn't predict at time  06:41 ( 24066.0 )
Couldn't predict at time  06:42 ( 24126.0 )
Couldn't predict at time  06:43 ( 24186.0 )
Couldn't predict at time  06:44 ( 24246.0 )
Couldn't predict at time  06:45 ( 24306.0 )
Couldn't predict at time  06:46 ( 24366.0 )
Couldn't predict at time  06:47 ( 24426.0 )
Couldn't predict at time  06:48 ( 24486.0 )
Couldn't predict at time  06:49 ( 24546.0 )
Couldn't predict at time  06:50 ( 24606.0 )
Couldn't predict at time  06:51 ( 24666.0 )
Couldn't predict at time  06:52 ( 24726.0 )
Couldn't predict at time  06:53 ( 24786.0 )
Couldn't predict at time  06:54 ( 24846.0 )
Couldn't predict at time  06:55 ( 24906.0 )
Couldn't predict at time  06:56 ( 24966.0 )
Couldn't predict at time  06:57 ( 25026.0 )
Couldn't predict at time  06:58 ( 25086.0 )
Couldn't predict at time  06:59 ( 25146.0 )
Couldn't predict at time  07:00 ( 25206.0 )
Couldn't predict at time  07:01 ( 25266.0 )
Couldn't predict at time  07:02 ( 25326.0 )
Couldn't predict at time  07:03 ( 25386.0 )
Couldn't predict at time  07:04 ( 25446.0 )
Couldn't predict at time  07:05 ( 25506.0 )
Couldn't predict at time  07:06 ( 25566.0 )
Couldn't predict at time  07:07 ( 25626.0 )
Couldn't predict at time  07:08 ( 25686.0 )
Couldn't predict at time  07:09 ( 25746.0 )
Couldn't predict at time  07:10 ( 25806.0 )
Couldn't predict at time  07:11 ( 25866.0 )
Couldn't predict at time  07:12 ( 25926.0 )
Couldn't predict at time  07:13 ( 25986.0 )
Couldn't predict at time  07:14 ( 26046.0 )
Couldn't predict at time  07:15 ( 26106.0 )
Couldn't predict at time  07:16 ( 26166.0 )
Couldn't predict at time  07:17 ( 26226.0 )
Couldn't predict at time  07:18 ( 26286.0 )
Couldn't predict at time  07:19 ( 26346.0 )
Couldn't predict at time  07:20 ( 26406.0 )
Couldn't predict at time  07:21 ( 26466.0 )
Couldn't predict at time  07:22 ( 26526.0 )
Couldn't predict at time  07:23 ( 26586.0 )
Couldn't predict at time  07:24 ( 26646.0 )
Couldn't predict at time  07:25 ( 26706.0 )
Couldn't predict at time  07:26 ( 26766.0 )
Couldn't predict at time  07:27 ( 26826.0 )
Couldn't predict at time  07:28 ( 26886.0 )
Couldn't predict at time  07:29 ( 26946.0 )
Couldn't predict at time  07:30 ( 27006.0 )
Couldn't predict at time  07:31 ( 27066.0 )
Couldn't predict at time  07:32 ( 27126.0 )
Couldn't predict at time  07:33 ( 27186.0 )
Couldn't predict at time  07:34 ( 27246.0 )
Couldn't predict at time  07:35 ( 27306.0 )
Couldn't predict at time  07:36 ( 27366.0 )
Couldn't predict at time  07:37 ( 27426.0 )
Couldn't predict at time  07:38 ( 27486.0 )
Couldn't predict at time  07:39 ( 27546.0 )
Couldn't predict at time  07:40 ( 27606.0 )
Couldn't predict at time  07:41 ( 27666.0 )
Couldn't predict at time  07:42 ( 27726.0 )
Couldn't predict at time  07:43 ( 27786.0 )
Couldn't predict at time  07:44 ( 27846.0 )
Couldn't predict at time  07:45 ( 27906.0 )
Couldn't predict at time  07:46 ( 27966.0 )
Couldn't predict at time  07:47 ( 28026.0 )
Couldn't predict at time  07:48 ( 28086.0 )
Couldn't predict at time  07:49 ( 28146.0 )
Couldn't predict at time  07:50 ( 28206.0 )
Couldn't predict at time  07:51 ( 28266.0 )
Couldn't predict at time  07:52 ( 28326.0 )
Couldn't predict at time  07:53 ( 28386.0 )
Couldn't predict at time  07:54 ( 28446.0 )
Couldn't predict at time  07:55 ( 28506.0 )
Couldn't predict at time  07:56 ( 28566.0 )
Couldn't predict at time  07:57 ( 28626.0 )
Couldn't predict at time  07:58 ( 28686.0 )
Couldn't predict at time  07:59 ( 28746.0 )
Couldn't predict at time  08:00 ( 28806.0 )
Couldn't predict at time  08:01 ( 28866.0 )
Couldn't predict at time  08:02 ( 28926.0 )
Couldn't predict at time  08:03 ( 28986.0 )
Couldn't predict at time  08:04 ( 29046.0 )
Couldn't predict at time  08:05 ( 29106.0 )
Couldn't predict at time  08:06 ( 29166.0 )
Couldn't predict at time  08:07 ( 29226.0 )
Couldn't predict at time  08:08 ( 29286.0 )
Couldn't predict at time  08:09 ( 29346.0 )
Couldn't predict at time  08:10 ( 29406.0 )
Couldn't predict at time  08:11 ( 29466.0 )
Couldn't predict at time  08:12 ( 29526.0 )
Couldn't predict at time  08:13 ( 29586.0 )
Couldn't predict at time  08:14 ( 29646.0 )
Couldn't predict at time  08:15 ( 29706.0 )
Couldn't predict at time  08:16 ( 29766.0 )
Couldn't predict at time  08:17 ( 29826.0 )
Couldn't predict at time  08:18 ( 29886.0 )
Couldn't predict at time  08:19 ( 29946.0 )
Couldn't predict at time  08:20 ( 30006.0 )
Couldn't predict at time  08:21 ( 30066.0 )
Couldn't predict at time  08:22 ( 30126.0 )
Couldn't predict at time  08:23 ( 30186.0 )
Couldn't predict at time  08:24 ( 30246.0 )
Couldn't predict at time  08:25 ( 30306.0 )
Couldn't predict at time  08:26 ( 30366.0 )
Couldn't predict at time  08:27 ( 30426.0 )
Couldn't predict at time  08:28 ( 30486.0 )
Couldn't predict at time  08:29 ( 30546.0 )
Couldn't predict at time  08:30 ( 30606.0 )
Couldn't predict at time  08:31 ( 30666.0 )
Couldn't predict at time  08:32 ( 30726.0 )
Couldn't predict at time  08:33 ( 30786.0 )
Couldn't predict at time  08:34 ( 30846.0 )
Couldn't predict at time  08:35 ( 30906.0 )
Couldn't predict at time  08:36 ( 30966.0 )
Couldn't predict at time  08:37 ( 31026.0 )
Couldn't predict at time  08:38 ( 31086.0 )
Couldn't predict at time  08:39 ( 31146.0 )
Couldn't predict at time  08:40 ( 31206.0 )
Couldn't predict at time  08:41 ( 31266.0 )
Couldn't predict at time  08:42 ( 31326.0 )
Couldn't predict at time  08:43 ( 31386.0 )
Couldn't predict at time  08:44 ( 31446.0 )
Couldn't predict at time  08:45 ( 31506.0 )
Couldn't predict at time  08:46 ( 31566.0 )
Couldn't predict at time  08:47 ( 31626.0 )
Couldn't predict at time  08:48 ( 31686.0 )
Couldn't predict at time  08:49 ( 31746.0 )
Couldn't predict at time  08:50 ( 31806.0 )
Couldn't predict at time  08:51 ( 31866.0 )
Couldn't predict at time  08:52 ( 31926.0 )
Couldn't predict at time  08:53 ( 31986.0 )
Couldn't predict at time  08:54 ( 32046.0 )
Couldn't predict at time  08:55 ( 32106.0 )
Couldn't predict at time  08:56 ( 32166.0 )
Couldn't predict at time  08:57 ( 32226.0 )
Couldn't predict at time  08:58 ( 32286.0 )
Couldn't predict at time  08:59 ( 32346.0 )
Couldn't predict at time  09:00 ( 32406.0 )
Couldn't predict at time  09:01 ( 32466.0 )
Vehicles: [16.0, 55.0]
Corresponsing times: [27.04225352112676, 30]
Fog down for  344 s at 09:06 ( 32766.0 )
Vehicles: [184.0, 79.0]
Corresponsing times: [30, 30]
Fog down for  44 s at 09:11 ( 33066.0 )
Vehicles: [20.0, 49.0]
Corresponsing times: [30, 30]
Fog down for  587 s at 09:16 ( 33366.0 )
Vehicles: [48.0, 78.0]
Corresponsing times: [30, 30]
Fog down for  287 s at 09:21 ( 33666.0 )
Vehicles: [51.0, 112.0]
Corresponsing times: [30, 30]
Vehicles: [270, 620]
Corresponsing times: [30, 30]
Vehicles: [553, 512]
Corresponsing times: [30, 30]
Fog down for  600 s at 09:36 ( 34572.0 )
Vehicles: [33.0, 53.0]
Corresponsing times: [30, 30]
Fog down for  300 s at 09:41 ( 34872.0 )
Vehicles: [86.0, 65.0]
Corresponsing times: [30, 30]
Vehicles: [446, 319]
Corresponsing times: [30, 30]
Vehicles: [502, 307]
Corresponsing times: [30, 30]
Vehicles: [405, 325]
Corresponsing times: [30, 30]
Vehicles: [427, 243]
Corresponsing times: [30, 30]
Vehicles: [443, 228]
Corresponsing times: [30, 30]
Fog down for  544 s at 10:11 ( 36687.0 )
Vehicles: [74.0, 42.0]
Corresponsing times: [30, 30]
Fog down for  244 s at 10:16 ( 36987.0 )
Vehicles: [33.0, 42.0]
Corresponsing times: [30, 30]
Vehicles: [171, 238]
Corresponsing times: [30, 30]
Fog down for  626 s at 10:26 ( 37590.0 )
Vehicles: [26.0, 39.0]
Corresponsing times: [30, 30]
Fog down for  326 s at 10:31 ( 37890.0 )
Vehicles: [51.0, 53.0]
Corresponsing times: [30, 30]
Fog down for  26 s at 10:36 ( 38190.0 )
Vehicles: [26.0, 42.0]
Corresponsing times: [30, 30]
Vehicles: [182, 304]
Corresponsing times: [30, 30]
Vehicles: [228, 263]
Corresponsing times: [30, 30]
Vehicles: [207, 242]
Corresponsing times: [30, 30]
Vehicles: [443, 307]
Corresponsing times: [30, 30]
Vehicles: [504, 259]
Corresponsing times: [30, 30]
Vehicles: [266, 240]
Corresponsing times: [30, 30]
Vehicles: [195, 301]
Corresponsing times: [30, 30]
Fog down for  612 s at 11:16 ( 40611.0 )
Vehicles: [30.0, 48.0]
Corresponsing times: [30, 30]
Fog down for  312 s at 11:21 ( 40911.0 )
Vehicles: [127.0, 68.0]
Corresponsing times: [30, 30]
Fog down for  12 s at 11:26 ( 41211.0 )
Vehicles: [75.0, 43.0]
Corresponsing times: [30, 30]
Fog down for  602 s at 11:31 ( 41511.0 )
Vehicles: [68.0, 49.0]
Corresponsing times: [30, 30]
Fog down for  302 s at 11:36 ( 41811.0 )
Vehicles: [72.0, 60.0]
Corresponsing times: [30, 30]
Fog down for  2 s at 11:41 ( 42111.0 )
Vehicles: [60.0, 54.0]
Corresponsing times: [30, 30]
Vehicles: [500, 239]
Corresponsing times: [30, 30]
Vehicles: [371, 224]
Corresponsing times: [30, 30]
Vehicles: [237, 272]
Corresponsing times: [30, 30]
Vehicles: [234, 152]
Corresponsing times: [30, 30]
Simulation over
