 Retrying in 1 seconds
Could not connect to TraCI server at localhost:8813 [Errno 111] Connection refused
 Retrying in 1 seconds
Could not connect to TraCI server at localhost:8813 [Errno 111] Connection refused
 Retrying in 1 seconds
Could not connect to TraCI server at localhost:8813 [Errno 111] Connection refused
 Retrying in 1 seconds
Could not connect to TraCI server at localhost:8813 [Errno 111] Connection refused
 Retrying in 1 seconds
Could not connect to TraCI server at localhost:8813 [Errno 111] Connection refused
 Retrying in 1 seconds
Could not connect to TraCI server at localhost:8813 [Errno 111] Connection refused
 Retrying in 1 seconds
Could not connect to TraCI server at localhost:8813 [Errno 111] Connection refused
 Retrying in 1 seconds
Could not connect to TraCI server at localhost:8813 [Errno 111] Connection refused
 Retrying in 1 seconds
Could not connect to TraCI server at localhost:8813 [Errno 111] Connection refused
 Retrying in 1 seconds
Could not connect to TraCI server at localhost:8813 [Errno 111] Connection refused
 Retrying in 1 seconds
Could not connect to TraCI server at localhost:8813 [Errno 111] Connection refused
 Retrying in 1 seconds
Could not connect to TraCI server at localhost:8813 [Errno 111] Connection refused
 Retrying in 1 seconds
Could not connect to TraCI server at localhost:8813 [Errno 111] Connection refused
 Retrying in 1 seconds
Could not connect to TraCI server at localhost:8813 [Errno 111] Connection refused
 Retrying in 1 seconds
Fog down for  585 s at 00:55 ( 3333.0 )
Couldn't predict at time  00:56 ( 3393.0 )
Couldn't predict at time  00:57 ( 3453.0 )
Couldn't predict at time  00:58 ( 3513.0 )
Couldn't predict at time  00:59 ( 3573.0 )
Couldn't predict at time  01:00 ( 3633.0 )
Couldn't predict at time  01:01 ( 3693.0 )
Couldn't predict at time  01:02 ( 3753.0 )
Couldn't predict at time  01:03 ( 3813.0 )
Couldn't predict at time  01:04 ( 3873.0 )
Couldn't predict at time  01:05 ( 3933.0 )
Couldn't predict at time  01:06 ( 3993.0 )
Couldn't predict at time  01:07 ( 4053.0 )
Couldn't predict at time  01:08 ( 4113.0 )
Couldn't predict at time  01:09 ( 4173.0 )
Couldn't predict at time  01:10 ( 4233.0 )
Couldn't predict at time  01:11 ( 4293.0 )
Couldn't predict at time  01:12 ( 4353.0 )
Couldn't predict at time  01:13 ( 4413.0 )
Couldn't predict at time  01:14 ( 4473.0 )
Couldn't predict at time  01:15 ( 4533.0 )
Couldn't predict at time  01:16 ( 4593.0 )
Couldn't predict at time  01:17 ( 4653.0 )
Couldn't predict at time  01:18 ( 4713.0 )
Couldn't predict at time  01:19 ( 4773.0 )
Couldn't predict at time  01:20 ( 4833.0 )
Couldn't predict at time  01:21 ( 4893.0 )
Couldn't predict at time  01:22 ( 4953.0 )
Couldn't predict at time  01:23 ( 5013.0 )
Couldn't predict at time  01:24 ( 5073.0 )
Couldn't predict at time  01:25 ( 5133.0 )
Couldn't predict at time  01:26 ( 5193.0 )
Couldn't predict at time  01:27 ( 5253.0 )
Couldn't predict at time  01:28 ( 5313.0 )
Couldn't predict at time  01:29 ( 5373.0 )
Couldn't predict at time  01:30 ( 5433.0 )
Couldn't predict at time  01:31 ( 5493.0 )
Couldn't predict at time  01:32 ( 5553.0 )
Couldn't predict at time  01:33 ( 5613.0 )
Couldn't predict at time  01:34 ( 5673.0 )
Couldn't predict at time  01:35 ( 5733.0 )
Couldn't predict at time  01:36 ( 5793.0 )
Couldn't predict at time  01:37 ( 5853.0 )
Couldn't predict at time  01:38 ( 5913.0 )
Couldn't predict at time  01:39 ( 5973.0 )
Couldn't predict at time  01:40 ( 6033.0 )
Couldn't predict at time  01:41 ( 6093.0 )
Couldn't predict at time  01:42 ( 6153.0 )
Couldn't predict at time  01:43 ( 6213.0 )
Couldn't predict at time  01:44 ( 6273.0 )
Couldn't predict at time  01:45 ( 6333.0 )
Couldn't predict at time  01:46 ( 6393.0 )
Couldn't predict at time  01:47 ( 6453.0 )
Couldn't predict at time  01:48 ( 6513.0 )
Couldn't predict at time  01:49 ( 6573.0 )
Couldn't predict at time  01:50 ( 6633.0 )
Couldn't predict at time  01:51 ( 6693.0 )
Couldn't predict at time  01:52 ( 6753.0 )
Couldn't predict at time  01:53 ( 6813.0 )
Couldn't predict at time  01:54 ( 6873.0 )
Couldn't predict at time  01:55 ( 6933.0 )
Couldn't predict at time  01:56 ( 6993.0 )
Couldn't predict at time  01:57 ( 7053.0 )
Couldn't predict at time  01:58 ( 7113.0 )
Couldn't predict at time  01:59 ( 7173.0 )
Couldn't predict at time  02:00 ( 7233.0 )
Couldn't predict at time  02:01 ( 7293.0 )
Couldn't predict at time  02:02 ( 7353.0 )
Couldn't predict at time  02:03 ( 7413.0 )
Couldn't predict at time  02:04 ( 7473.0 )
Couldn't predict at time  02:05 ( 7533.0 )
Couldn't predict at time  02:06 ( 7593.0 )
Couldn't predict at time  02:07 ( 7653.0 )
Couldn't predict at time  02:08 ( 7713.0 )
Couldn't predict at time  02:09 ( 7773.0 )
Couldn't predict at time  02:10 ( 7833.0 )
Couldn't predict at time  02:11 ( 7893.0 )
Couldn't predict at time  02:12 ( 7953.0 )
Couldn't predict at time  02:13 ( 8013.0 )
Couldn't predict at time  02:14 ( 8073.0 )
Couldn't predict at time  02:15 ( 8133.0 )
Couldn't predict at time  02:16 ( 8193.0 )
Couldn't predict at time  02:17 ( 8253.0 )
Couldn't predict at time  02:18 ( 8313.0 )
Couldn't predict at time  02:19 ( 8373.0 )
Couldn't predict at time  02:20 ( 8433.0 )
Couldn't predict at time  02:21 ( 8493.0 )
Couldn't predict at time  02:22 ( 8553.0 )
Couldn't predict at time  02:23 ( 8613.0 )
Couldn't predict at time  02:24 ( 8673.0 )
Couldn't predict at time  02:25 ( 8733.0 )
Couldn't predict at time  02:26 ( 8793.0 )
Couldn't predict at time  02:27 ( 8853.0 )
Couldn't predict at time  02:28 ( 8913.0 )
Couldn't predict at time  02:29 ( 8973.0 )
Couldn't predict at time  02:30 ( 9033.0 )
Couldn't predict at time  02:31 ( 9093.0 )
Couldn't predict at time  02:32 ( 9153.0 )
Couldn't predict at time  02:33 ( 9213.0 )
Couldn't predict at time  02:34 ( 9273.0 )
Couldn't predict at time  02:35 ( 9333.0 )
Couldn't predict at time  02:36 ( 9393.0 )
Couldn't predict at time  02:37 ( 9453.0 )
Couldn't predict at time  02:38 ( 9513.0 )
Couldn't predict at time  02:39 ( 9573.0 )
Couldn't predict at time  02:40 ( 9633.0 )
Couldn't predict at time  02:41 ( 9693.0 )
Couldn't predict at time  02:42 ( 9753.0 )
Couldn't predict at time  02:43 ( 9813.0 )
Couldn't predict at time  02:44 ( 9873.0 )
Couldn't predict at time  02:45 ( 9933.0 )
Couldn't predict at time  02:46 ( 9993.0 )
Couldn't predict at time  02:47 ( 10053.0 )
Couldn't predict at time  02:48 ( 10113.0 )
Couldn't predict at time  02:49 ( 10173.0 )
Couldn't predict at time  02:50 ( 10233.0 )
Couldn't predict at time  02:51 ( 10293.0 )
Couldn't predict at time  02:52 ( 10353.0 )
Couldn't predict at time  02:53 ( 10413.0 )
Couldn't predict at time  02:54 ( 10473.0 )
Couldn't predict at time  02:55 ( 10533.0 )
Couldn't predict at time  02:56 ( 10593.0 )
Couldn't predict at time  02:57 ( 10653.0 )
Couldn't predict at time  02:58 ( 10713.0 )
Couldn't predict at time  02:59 ( 10773.0 )
Couldn't predict at time  03:00 ( 10833.0 )
Couldn't predict at time  03:01 ( 10893.0 )
Couldn't predict at time  03:02 ( 10953.0 )
Couldn't predict at time  03:03 ( 11013.0 )
Couldn't predict at time  03:04 ( 11073.0 )
Couldn't predict at time  03:05 ( 11133.0 )
Couldn't predict at time  03:06 ( 11193.0 )
Couldn't predict at time  03:07 ( 11253.0 )
Couldn't predict at time  03:08 ( 11313.0 )
Couldn't predict at time  03:09 ( 11373.0 )
Couldn't predict at time  03:10 ( 11433.0 )
Couldn't predict at time  03:11 ( 11493.0 )
Couldn't predict at time  03:12 ( 11553.0 )
Couldn't predict at time  03:13 ( 11613.0 )
Couldn't predict at time  03:14 ( 11673.0 )
Couldn't predict at time  03:15 ( 11733.0 )
Couldn't predict at time  03:16 ( 11793.0 )
Couldn't predict at time  03:17 ( 11853.0 )
Couldn't predict at time  03:18 ( 11913.0 )
Couldn't predict at time  03:19 ( 11973.0 )
Couldn't predict at time  03:20 ( 12033.0 )
Couldn't predict at time  03:21 ( 12093.0 )
Couldn't predict at time  03:22 ( 12153.0 )
Couldn't predict at time  03:23 ( 12213.0 )
Couldn't predict at time  03:24 ( 12273.0 )
Couldn't predict at time  03:25 ( 12333.0 )
Couldn't predict at time  03:26 ( 12393.0 )
Couldn't predict at time  03:27 ( 12453.0 )
Couldn't predict at time  03:28 ( 12513.0 )
Couldn't predict at time  03:29 ( 12573.0 )
Couldn't predict at time  03:30 ( 12633.0 )
Couldn't predict at time  03:31 ( 12693.0 )
Couldn't predict at time  03:32 ( 12753.0 )
Couldn't predict at time  03:33 ( 12813.0 )
Couldn't predict at time  03:34 ( 12873.0 )
Couldn't predict at time  03:35 ( 12933.0 )
Couldn't predict at time  03:36 ( 12993.0 )
Couldn't predict at time  03:37 ( 13053.0 )
Couldn't predict at time  03:38 ( 13113.0 )
Couldn't predict at time  03:39 ( 13173.0 )
Couldn't predict at time  03:40 ( 13233.0 )
Couldn't predict at time  03:41 ( 13293.0 )
Couldn't predict at time  03:42 ( 13353.0 )
Couldn't predict at time  03:43 ( 13413.0 )
Couldn't predict at time  03:44 ( 13473.0 )
Couldn't predict at time  03:45 ( 13533.0 )
Couldn't predict at time  03:46 ( 13593.0 )
Couldn't predict at time  03:47 ( 13653.0 )
Couldn't predict at time  03:48 ( 13713.0 )
Couldn't predict at time  03:49 ( 13773.0 )
Couldn't predict at time  03:50 ( 13833.0 )
Couldn't predict at time  03:51 ( 13893.0 )
Couldn't predict at time  03:52 ( 13953.0 )
Couldn't predict at time  03:53 ( 14013.0 )
Couldn't predict at time  03:54 ( 14073.0 )
Couldn't predict at time  03:55 ( 14133.0 )
Couldn't predict at time  03:56 ( 14193.0 )
Couldn't predict at time  03:57 ( 14253.0 )
Couldn't predict at time  03:58 ( 14313.0 )
Couldn't predict at time  03:59 ( 14373.0 )
Couldn't predict at time  04:00 ( 14433.0 )
Couldn't predict at time  04:01 ( 14493.0 )
Couldn't predict at time  04:02 ( 14553.0 )
Couldn't predict at time  04:03 ( 14613.0 )
Couldn't predict at time  04:04 ( 14673.0 )
Couldn't predict at time  04:05 ( 14733.0 )
Couldn't predict at time  04:06 ( 14793.0 )
Couldn't predict at time  04:07 ( 14853.0 )
Couldn't predict at time  04:08 ( 14913.0 )
Couldn't predict at time  04:09 ( 14973.0 )
Couldn't predict at time  04:10 ( 15033.0 )
Couldn't predict at time  04:11 ( 15093.0 )
Couldn't predict at time  04:12 ( 15153.0 )
Couldn't predict at time  04:13 ( 15213.0 )
Couldn't predict at time  04:14 ( 15273.0 )
Couldn't predict at time  04:15 ( 15333.0 )
Couldn't predict at time  04:16 ( 15393.0 )
Couldn't predict at time  04:17 ( 15453.0 )
Couldn't predict at time  04:18 ( 15513.0 )
Couldn't predict at time  04:19 ( 15573.0 )
Couldn't predict at time  04:20 ( 15633.0 )
Couldn't predict at time  04:21 ( 15693.0 )
Couldn't predict at time  04:22 ( 15753.0 )
Couldn't predict at time  04:23 ( 15813.0 )
Couldn't predict at time  04:24 ( 15873.0 )
Couldn't predict at time  04:25 ( 15933.0 )
Couldn't predict at time  04:26 ( 15993.0 )
Couldn't predict at time  04:27 ( 16053.0 )
Couldn't predict at time  04:28 ( 16113.0 )
Couldn't predict at time  04:29 ( 16173.0 )
Couldn't predict at time  04:30 ( 16233.0 )
Couldn't predict at time  04:31 ( 16293.0 )
Couldn't predict at time  04:32 ( 16353.0 )
Couldn't predict at time  04:33 ( 16413.0 )
Couldn't predict at time  04:34 ( 16473.0 )
Couldn't predict at time  04:35 ( 16533.0 )
Couldn't predict at time  04:36 ( 16593.0 )
Couldn't predict at time  04:37 ( 16653.0 )
Couldn't predict at time  04:38 ( 16713.0 )
Couldn't predict at time  04:39 ( 16773.0 )
Couldn't predict at time  04:40 ( 16833.0 )
Couldn't predict at time  04:41 ( 16893.0 )
Couldn't predict at time  04:42 ( 16953.0 )
Couldn't predict at time  04:43 ( 17013.0 )
Couldn't predict at time  04:44 ( 17073.0 )
Couldn't predict at time  04:45 ( 17133.0 )
Couldn't predict at time  04:46 ( 17193.0 )
Couldn't predict at time  04:47 ( 17253.0 )
Couldn't predict at time  04:48 ( 17313.0 )
Couldn't predict at time  04:49 ( 17373.0 )
Couldn't predict at time  04:50 ( 17433.0 )
Couldn't predict at time  04:51 ( 17493.0 )
Couldn't predict at time  04:52 ( 17553.0 )
Couldn't predict at time  04:53 ( 17613.0 )
Couldn't predict at time  04:54 ( 17673.0 )
Couldn't predict at time  04:55 ( 17733.0 )
Couldn't predict at time  04:56 ( 17793.0 )
Couldn't predict at time  04:57 ( 17853.0 )
Couldn't predict at time  04:58 ( 17913.0 )
Couldn't predict at time  04:59 ( 17973.0 )
Couldn't predict at time  05:00 ( 18033.0 )
Couldn't predict at time  05:01 ( 18093.0 )
Couldn't predict at time  05:02 ( 18153.0 )
Couldn't predict at time  05:03 ( 18213.0 )
Couldn't predict at time  05:04 ( 18273.0 )
Couldn't predict at time  05:05 ( 18333.0 )
Couldn't predict at time  05:06 ( 18393.0 )
Couldn't predict at time  05:07 ( 18453.0 )
Couldn't predict at time  05:08 ( 18513.0 )
Couldn't predict at time  05:09 ( 18573.0 )
Couldn't predict at time  05:10 ( 18633.0 )
Couldn't predict at time  05:11 ( 18693.0 )
Couldn't predict at time  05:12 ( 18753.0 )
Couldn't predict at time  05:13 ( 18813.0 )
Couldn't predict at time  05:14 ( 18873.0 )
Couldn't predict at time  05:15 ( 18933.0 )
Couldn't predict at time  05:16 ( 18993.0 )
Couldn't predict at time  05:17 ( 19053.0 )
Couldn't predict at time  05:18 ( 19113.0 )
Couldn't predict at time  05:19 ( 19173.0 )
Couldn't predict at time  05:20 ( 19233.0 )
Couldn't predict at time  05:21 ( 19293.0 )
Couldn't predict at time  05:22 ( 19353.0 )
Couldn't predict at time  05:23 ( 19413.0 )
Couldn't predict at time  05:24 ( 19473.0 )
Couldn't predict at time  05:25 ( 19533.0 )
Couldn't predict at time  05:26 ( 19593.0 )
Couldn't predict at time  05:27 ( 19653.0 )
Couldn't predict at time  05:28 ( 19713.0 )
Couldn't predict at time  05:29 ( 19773.0 )
Couldn't predict at time  05:30 ( 19833.0 )
Couldn't predict at time  05:31 ( 19893.0 )
Couldn't predict at time  05:32 ( 19953.0 )
Couldn't predict at time  05:33 ( 20013.0 )
Couldn't predict at time  05:34 ( 20073.0 )
Couldn't predict at time  05:35 ( 20133.0 )
Couldn't predict at time  05:36 ( 20193.0 )
Couldn't predict at time  05:37 ( 20253.0 )
Couldn't predict at time  05:38 ( 20313.0 )
Couldn't predict at time  05:39 ( 20373.0 )
Couldn't predict at time  05:40 ( 20433.0 )
Couldn't predict at time  05:41 ( 20493.0 )
Couldn't predict at time  05:42 ( 20553.0 )
Couldn't predict at time  05:43 ( 20613.0 )
Couldn't predict at time  05:44 ( 20673.0 )
Couldn't predict at time  05:45 ( 20733.0 )
Couldn't predict at time  05:46 ( 20793.0 )
Couldn't predict at time  05:47 ( 20853.0 )
Couldn't predict at time  05:48 ( 20913.0 )
Couldn't predict at time  05:49 ( 20973.0 )
Couldn't predict at time  05:50 ( 21033.0 )
Couldn't predict at time  05:51 ( 21093.0 )
Couldn't predict at time  05:52 ( 21153.0 )
Couldn't predict at time  05:53 ( 21213.0 )
Couldn't predict at time  05:54 ( 21273.0 )
Couldn't predict at time  05:55 ( 21333.0 )
Couldn't predict at time  05:56 ( 21393.0 )
Couldn't predict at time  05:57 ( 21453.0 )
Couldn't predict at time  05:58 ( 21513.0 )
Couldn't predict at time  05:59 ( 21573.0 )
Couldn't predict at time  06:00 ( 21633.0 )
Couldn't predict at time  06:01 ( 21693.0 )
Couldn't predict at time  06:02 ( 21753.0 )
Couldn't predict at time  06:03 ( 21813.0 )
Couldn't predict at time  06:04 ( 21873.0 )
Couldn't predict at time  06:05 ( 21933.0 )
Couldn't predict at time  06:06 ( 21993.0 )
Couldn't predict at time  06:07 ( 22053.0 )
Couldn't predict at time  06:08 ( 22113.0 )
Couldn't predict at time  06:09 ( 22173.0 )
Couldn't predict at time  06:10 ( 22233.0 )
Couldn't predict at time  06:11 ( 22293.0 )
Couldn't predict at time  06:12 ( 22353.0 )
Couldn't predict at time  06:13 ( 22413.0 )
Couldn't predict at time  06:14 ( 22473.0 )
Couldn't predict at time  06:15 ( 22533.0 )
Couldn't predict at time  06:16 ( 22593.0 )
Couldn't predict at time  06:17 ( 22653.0 )
Couldn't predict at time  06:18 ( 22713.0 )
Couldn't predict at time  06:19 ( 22773.0 )
Couldn't predict at time  06:20 ( 22833.0 )
Couldn't predict at time  06:21 ( 22893.0 )
Couldn't predict at time  06:22 ( 22953.0 )
Couldn't predict at time  06:23 ( 23013.0 )
Couldn't predict at time  06:24 ( 23073.0 )
Couldn't predict at time  06:25 ( 23133.0 )
Couldn't predict at time  06:26 ( 23193.0 )
Couldn't predict at time  06:27 ( 23253.0 )
Couldn't predict at time  06:28 ( 23313.0 )
Couldn't predict at time  06:29 ( 23373.0 )
Couldn't predict at time  06:30 ( 23433.0 )
Couldn't predict at time  06:31 ( 23493.0 )
Couldn't predict at time  06:32 ( 23553.0 )
Couldn't predict at time  06:33 ( 23613.0 )
Couldn't predict at time  06:34 ( 23673.0 )
Couldn't predict at time  06:35 ( 23733.0 )
Couldn't predict at time  06:36 ( 23793.0 )
Couldn't predict at time  06:37 ( 23853.0 )
Couldn't predict at time  06:38 ( 23913.0 )
Couldn't predict at time  06:39 ( 23973.0 )
Couldn't predict at time  06:40 ( 24033.0 )
Couldn't predict at time  06:41 ( 24093.0 )
Couldn't predict at time  06:42 ( 24153.0 )
Couldn't predict at time  06:43 ( 24213.0 )
Couldn't predict at time  06:44 ( 24273.0 )
Couldn't predict at time  06:45 ( 24333.0 )
Couldn't predict at time  06:46 ( 24393.0 )
Couldn't predict at time  06:47 ( 24453.0 )
Couldn't predict at time  06:48 ( 24513.0 )
Couldn't predict at time  06:49 ( 24573.0 )
Couldn't predict at time  06:50 ( 24633.0 )
Couldn't predict at time  06:51 ( 24693.0 )
Couldn't predict at time  06:52 ( 24753.0 )
Couldn't predict at time  06:53 ( 24813.0 )
Couldn't predict at time  06:54 ( 24873.0 )
Couldn't predict at time  06:55 ( 24933.0 )
Couldn't predict at time  06:56 ( 24993.0 )
Couldn't predict at time  06:57 ( 25053.0 )
Couldn't predict at time  06:58 ( 25113.0 )
Couldn't predict at time  06:59 ( 25173.0 )
Couldn't predict at time  07:00 ( 25233.0 )
Couldn't predict at time  07:01 ( 25293.0 )
Couldn't predict at time  07:02 ( 25353.0 )
Couldn't predict at time  07:03 ( 25413.0 )
Couldn't predict at time  07:04 ( 25473.0 )
Couldn't predict at time  07:05 ( 25533.0 )
Couldn't predict at time  07:06 ( 25593.0 )
Couldn't predict at time  07:07 ( 25653.0 )
Couldn't predict at time  07:08 ( 25713.0 )
Couldn't predict at time  07:09 ( 25773.0 )
Couldn't predict at time  07:10 ( 25833.0 )
Couldn't predict at time  07:11 ( 25893.0 )
Couldn't predict at time  07:12 ( 25953.0 )
Couldn't predict at time  07:13 ( 26013.0 )
Couldn't predict at time  07:14 ( 26073.0 )
Couldn't predict at time  07:15 ( 26133.0 )
Couldn't predict at time  07:16 ( 26193.0 )
Couldn't predict at time  07:17 ( 26253.0 )
Couldn't predict at time  07:18 ( 26313.0 )
Couldn't predict at time  07:19 ( 26373.0 )
Couldn't predict at time  07:20 ( 26433.0 )
Couldn't predict at time  07:21 ( 26493.0 )
Couldn't predict at time  07:22 ( 26553.0 )
Couldn't predict at time  07:23 ( 26613.0 )
Couldn't predict at time  07:24 ( 26673.0 )
Couldn't predict at time  07:25 ( 26733.0 )
Couldn't predict at time  07:26 ( 26793.0 )
Couldn't predict at time  07:27 ( 26853.0 )
Couldn't predict at time  07:28 ( 26913.0 )
Couldn't predict at time  07:29 ( 26973.0 )
Couldn't predict at time  07:30 ( 27033.0 )
Couldn't predict at time  07:31 ( 27093.0 )
Couldn't predict at time  07:32 ( 27153.0 )
Couldn't predict at time  07:33 ( 27213.0 )
Couldn't predict at time  07:34 ( 27273.0 )
Couldn't predict at time  07:35 ( 27333.0 )
Couldn't predict at time  07:36 ( 27393.0 )
Couldn't predict at time  07:37 ( 27453.0 )
Couldn't predict at time  07:38 ( 27513.0 )
Couldn't predict at time  07:39 ( 27573.0 )
Couldn't predict at time  07:40 ( 27633.0 )
Couldn't predict at time  07:41 ( 27693.0 )
Couldn't predict at time  07:42 ( 27753.0 )
Couldn't predict at time  07:43 ( 27813.0 )
Couldn't predict at time  07:44 ( 27873.0 )
Couldn't predict at time  07:45 ( 27933.0 )
Couldn't predict at time  07:46 ( 27993.0 )
Couldn't predict at time  07:47 ( 28053.0 )
Couldn't predict at time  07:48 ( 28113.0 )
Couldn't predict at time  07:49 ( 28173.0 )
Couldn't predict at time  07:50 ( 28233.0 )
Couldn't predict at time  07:51 ( 28293.0 )
Couldn't predict at time  07:52 ( 28353.0 )
Couldn't predict at time  07:53 ( 28413.0 )
Couldn't predict at time  07:54 ( 28473.0 )
Couldn't predict at time  07:55 ( 28533.0 )
Couldn't predict at time  07:56 ( 28593.0 )
Couldn't predict at time  07:57 ( 28653.0 )
Couldn't predict at time  07:58 ( 28713.0 )
Couldn't predict at time  07:59 ( 28773.0 )
Couldn't predict at time  08:00 ( 28833.0 )
Couldn't predict at time  08:01 ( 28893.0 )
Couldn't predict at time  08:02 ( 28953.0 )
Couldn't predict at time  08:03 ( 29013.0 )
Couldn't predict at time  08:04 ( 29073.0 )
Couldn't predict at time  08:05 ( 29133.0 )
Couldn't predict at time  08:06 ( 29193.0 )
Couldn't predict at time  08:07 ( 29253.0 )
Couldn't predict at time  08:08 ( 29313.0 )
Couldn't predict at time  08:09 ( 29373.0 )
Couldn't predict at time  08:10 ( 29433.0 )
Couldn't predict at time  08:11 ( 29493.0 )
Couldn't predict at time  08:12 ( 29553.0 )
Couldn't predict at time  08:13 ( 29613.0 )
Couldn't predict at time  08:14 ( 29673.0 )
Couldn't predict at time  08:15 ( 29733.0 )
Couldn't predict at time  08:16 ( 29793.0 )
Couldn't predict at time  08:17 ( 29853.0 )
Couldn't predict at time  08:18 ( 29913.0 )
Couldn't predict at time  08:19 ( 29973.0 )
Couldn't predict at time  08:20 ( 30033.0 )
Couldn't predict at time  08:21 ( 30093.0 )
Couldn't predict at time  08:22 ( 30153.0 )
Couldn't predict at time  08:23 ( 30213.0 )
Couldn't predict at time  08:24 ( 30273.0 )
Couldn't predict at time  08:25 ( 30333.0 )
Couldn't predict at time  08:26 ( 30393.0 )
Couldn't predict at time  08:27 ( 30453.0 )
Couldn't predict at time  08:28 ( 30513.0 )
Couldn't predict at time  08:29 ( 30573.0 )
Couldn't predict at time  08:30 ( 30633.0 )
Couldn't predict at time  08:31 ( 30693.0 )
Couldn't predict at time  08:32 ( 30753.0 )
Couldn't predict at time  08:33 ( 30813.0 )
Couldn't predict at time  08:34 ( 30873.0 )
Couldn't predict at time  08:35 ( 30933.0 )
Couldn't predict at time  08:36 ( 30993.0 )
Couldn't predict at time  08:37 ( 31053.0 )
Couldn't predict at time  08:38 ( 31113.0 )
Couldn't predict at time  08:39 ( 31173.0 )
Couldn't predict at time  08:40 ( 31233.0 )
Couldn't predict at time  08:41 ( 31293.0 )
Couldn't predict at time  08:42 ( 31353.0 )
Couldn't predict at time  08:43 ( 31413.0 )
Couldn't predict at time  08:44 ( 31473.0 )
Couldn't predict at time  08:45 ( 31533.0 )
Couldn't predict at time  08:46 ( 31593.0 )
Couldn't predict at time  08:47 ( 31653.0 )
Couldn't predict at time  08:48 ( 31713.0 )
Couldn't predict at time  08:49 ( 31773.0 )
Couldn't predict at time  08:50 ( 31833.0 )
Couldn't predict at time  08:51 ( 31893.0 )
Couldn't predict at time  08:52 ( 31953.0 )
Couldn't predict at time  08:53 ( 32013.0 )
Couldn't predict at time  08:54 ( 32073.0 )
Couldn't predict at time  08:55 ( 32133.0 )
Couldn't predict at time  08:56 ( 32193.0 )
Couldn't predict at time  08:57 ( 32253.0 )
Couldn't predict at time  08:58 ( 32313.0 )
Couldn't predict at time  08:59 ( 32373.0 )
Couldn't predict at time  09:00 ( 32433.0 )
Couldn't predict at time  09:01 ( 32493.0 )
Vehicles: [22.0, 20.0]
Corresponsing times: [30, 30]
Fog down for  285 s at 09:06 ( 32793.0 )
Vehicles: [11.0, 14.0]
Corresponsing times: [30, 30]
Vehicles: [249, 405]
Corresponsing times: [30, 30]
Vehicles: [169, 389]
Corresponsing times: [30, 30]
Fog down for  616 s at 09:21 ( 33699.0 )
Vehicles: [27.0, 40.0]
Corresponsing times: [30, 30]
Fog down for  316 s at 09:26 ( 33999.0 )
Vehicles: [24.0, 38.0]
Corresponsing times: [30, 30]
Fog down for  16 s at 09:31 ( 34299.0 )
Vehicles: [10.0, 23.0]
Corresponsing times: [30, 30]
Vehicles: [258, 355]
Corresponsing times: [30, 30]
Vehicles: [210, 426]
Corresponsing times: [30, 30]
Fog down for  596 s at 09:46 ( 35205.0 )
Vehicles: [14.0, 40.0]
Corresponsing times: [30, 30]
Fog down for  296 s at 09:51 ( 35505.0 )
Vehicles: [24.0, 40.0]
Corresponsing times: [30, 30]
Vehicles: [210, 431]
Corresponsing times: [30, 30]
Vehicles: [158, 421]
Corresponsing times: [30, 30]
Vehicles: [236, 362]
Corresponsing times: [30, 30]
Vehicles: [153, 397]
Corresponsing times: [30, 30]
Vehicles: [200, 406]
Corresponsing times: [30, 30]
Vehicles: [191, 311]
Corresponsing times: [30, 30]
Vehicles: [143, 349]
Corresponsing times: [30, 30]
Vehicles: [183, 365]
Corresponsing times: [30, 30]
Vehicles: [243, 338]
Corresponsing times: [30, 30]
Fog down for  553 s at 10:42 ( 38532.0 )
Vehicles: [20.0, 25.0]
Corresponsing times: [30, 30]
Fog down for  253 s at 10:47 ( 38832.0 )
Vehicles: [39.0, 23.0]
Corresponsing times: [30, 30]
Fog down for  588 s at 10:52 ( 39132.0 )
Vehicles: [43.0, 34.0]
Corresponsing times: [30, 30]
Fog down for  288 s at 10:57 ( 39432.0 )
Vehicles: [12.0, 9.0]
Corresponsing times: [30, 30]
Fog down for  584 s at 11:02 ( 39732.0 )
Vehicles: [42.0, 20.0]
Corresponsing times: [30, 30]
Fog down for  284 s at 11:07 ( 40032.0 )
Vehicles: [15.0, 31.0]
Corresponsing times: [30, 30]
Fog down for  626 s at 11:12 ( 40332.0 )
Vehicles: [40.0, 31.0]
Corresponsing times: [30, 30]
Fog down for  326 s at 11:17 ( 40632.0 )
Vehicles: [15.0, 38.0]
Corresponsing times: [30, 30]
Fog down for  26 s at 11:22 ( 40932.0 )
Vehicles: [50.0, 30.0]
Corresponsing times: [30, 30]
Vehicles: [173, 376]
Corresponsing times: [30, 30]
Vehicles: [140, 338]
Corresponsing times: [30, 30]
Vehicles: [170, 261]
Corresponsing times: [30, 30]
Vehicles: [110, 349]
Corresponsing times: [28.758169934640524, 30]
Vehicles: [166, 328]
Corresponsing times: [30, 30]
Vehicles: [226, 330]
Corresponsing times: [30, 30]
Vehicles: [116, 345]
Corresponsing times: [30, 30]
Vehicles: [177, 313]
Corresponsing times: [30, 30]
Simulation over
