Added 1528 vehicles from proj/J/j1/j1_16_one.csv
Added 8165 vehicles from proj/J/j1/j1_16.csv
Added 8966 vehicles from proj/J/j2/j2_16_one.csv
Added 13016 vehicles from proj/J/j2/j2_16.csv
Added 14083 vehicles from proj/J/j3/j3_16_one.csv
Added 19251 vehicles from proj/J/j3/j3_16.csv
Added 19952 vehicles from proj/A/a2/a2_16_one.csv
Added 22198 vehicles from proj/A/a2/a2_16.csv
Added 26159 vehicles from proj/A/a3/a3_16_one.csv
Added 42811 vehicles from proj/A/a3/a3_16.csv
Added 43406 vehicles from proj/R/r1/r1_16_one.csv
Added 46300 vehicles from proj/R/r1/r1_16.csv
Added 47685 vehicles from proj/R/r2/r2_16_one.csv
Added 55417 vehicles from proj/R/r2/r2_16.csv
Added 59997 vehicles from proj/R/r3/r3_16.csv
Routes created

read 59997 elements.
wrote 59997 elements.
Routes sorte

 Retrying in 1 seconds
***Starting server on port 8813 ***
  waiting for 4 clients...
  client connected
  client connected
  client connected
  client connected
Loading net-file from 'data/../new/cross.net.xml' ... done (21ms).
Loading additional-files from 'data/cross.det.xml' ... done (3ms).
Loading done.
Simulation version 1.15.0 started with time: 0.00.
Simulation ended at time: 43587.00
Reason: TraCI requested termination.
Performance: 
 Duration: 73.92s
 TraCI-Duration: 12.22s
 Real time factor: 589.627
 UPS: 140316.112712
Vehicles: 
 Inserted: 59997
 Running: 0
 Waiting: 0
Statistics (avg of 59997):
 RouteLength: 1017.91
 Speed: 7.38
 Duration: 172.88
 WaitingTime: 50.70
 TimeLoss: 99.92
 DepartDelay: 22.27

