Added 1307 vehicles from proj/J/j1/j1_11_one.csv
Added 4441 vehicles from proj/J/j1/j1_11.csv
Added 5286 vehicles from proj/J/j2/j2_11_one.csv
Added 8024 vehicles from proj/J/j2/j2_11.csv
Added 12457 vehicles from proj/J/j3/j3_11.csv
Added 12875 vehicles from proj/A/a2/a2_11_one.csv
Added 14264 vehicles from proj/A/a2/a2_11.csv
Added 16074 vehicles from proj/A/a3/a3_11_one.csv
Added 23059 vehicles from proj/A/a3/a3_11.csv
Added 23639 vehicles from proj/R/r1/r1_11_one.csv
Added 25868 vehicles from proj/R/r1/r1_11.csv
Added 27241 vehicles from proj/R/r2/r2_11_one.csv
Added 32392 vehicles from proj/R/r2/r2_11.csv
Added 35940 vehicles from proj/R/r3/r3_11.csv
Routes created

read 35940 elements.
wrote 35940 elements.
Routes sorte

 Retrying in 1 seconds
***Starting server on port 8813 ***
Loading net-file from 'data/../new/cross.net.xml' ... done (116ms).
Loading additional-files from 'data/cross.det.xml' ... done (2ms).
Loading done.
Simulation version 1.15.0 started with time: 0.00.
Simulation ended at time: 43493.00
Reason: TraCI requested termination.
Performance: 
 Duration: 26.28s
 TraCI-Duration: 3.39s
 Real time factor: 1655.11
 UPS: 169338.990791
Vehicles: 
 Inserted: 35940
 Running: 0
 Waiting: 0
Statistics (avg of 35940):
 RouteLength: 1017.37
 Speed: 8.55
 Duration: 123.81
 WaitingTime: 20.98
 TimeLoss: 50.89
 DepartDelay: 0.68

