Added 1672 vehicles from proj/J/j1/j1_12_one.csv
Added 10725 vehicles from proj/J/j1/j1_12.csv
Added 11814 vehicles from proj/J/j2/j2_12_one.csv
Added 16650 vehicles from proj/J/j2/j2_12.csv
Added 23462 vehicles from proj/J/j3/j3_12.csv
Added 24010 vehicles from proj/A/a2/a2_12_one.csv
Added 26532 vehicles from proj/A/a2/a2_12.csv
Added 29900 vehicles from proj/A/a3/a3_12_one.csv
Added 45341 vehicles from proj/A/a3/a3_12.csv
Added 45793 vehicles from proj/R/r1/r1_12_one.csv
Added 51669 vehicles from proj/R/r1/r1_12.csv
Added 52721 vehicles from proj/R/r2/r2_12_one.csv
Added 60943 vehicles from proj/R/r2/r2_12.csv
Added 66485 vehicles from proj/R/r3/r3_12.csv
Routes created

read 66485 elements.
wrote 66485 elements.
Routes sorte

 Retrying in 1 seconds
***Starting server on port 8813 ***
Loading net-file from 'data/../new/cross.net.xml' ... done (22ms).
Loading additional-files from 'data/cross.det.xml' ... done (2ms).
Loading done.
Simulation version 1.15.0 started with time: 0.00.
Simulation ended at time: 43406.00
Reason: TraCI requested termination.
Performance: 
 Duration: 79.12s
 TraCI-Duration: 3.93s
 Real time factor: 548.589
 UPS: 158450.336817
Vehicles: 
 Inserted: 66485
 Running: 0
 Waiting: 0
Statistics (avg of 66485):
 RouteLength: 1018.17
 Speed: 6.74
 Duration: 188.57
 WaitingTime: 62.84
 TimeLoss: 115.62
 DepartDelay: 9.76

